{"contracts/optimistic-ethereum/iOVM/accounts/iOVM_ECDSAContractAccount.sol":{"l":{},"path":"/Users/maurelian/Projects/Optimism/protocol/contracts/optimistic-ethereum/iOVM/accounts/iOVM_ECDSAContractAccount.sol","s":{},"b":{},"f":{},"fnMap":{},"statementMap":{},"branchMap":{}},"contracts/optimistic-ethereum/iOVM/bridge/messaging/iAbs_BaseCrossDomainMessenger.sol":{"l":{},"path":"/Users/maurelian/Projects/Optimism/protocol/contracts/optimistic-ethereum/iOVM/bridge/messaging/iAbs_BaseCrossDomainMessenger.sol","s":{},"b":{},"f":{},"fnMap":{},"statementMap":{},"branchMap":{}},"contracts/optimistic-ethereum/iOVM/bridge/messaging/iOVM_L1CrossDomainMessenger.sol":{"l":{},"path":"/Users/maurelian/Projects/Optimism/protocol/contracts/optimistic-ethereum/iOVM/bridge/messaging/iOVM_L1CrossDomainMessenger.sol","s":{},"b":{},"f":{},"fnMap":{},"statementMap":{},"branchMap":{}},"contracts/optimistic-ethereum/iOVM/bridge/messaging/iOVM_L1MultiMessageRelayer.sol":{"l":{},"path":"/Users/maurelian/Projects/Optimism/protocol/contracts/optimistic-ethereum/iOVM/bridge/messaging/iOVM_L1MultiMessageRelayer.sol","s":{},"b":{},"f":{},"fnMap":{},"statementMap":{},"branchMap":{}},"contracts/optimistic-ethereum/iOVM/bridge/messaging/iOVM_L2CrossDomainMessenger.sol":{"l":{},"path":"/Users/maurelian/Projects/Optimism/protocol/contracts/optimistic-ethereum/iOVM/bridge/messaging/iOVM_L2CrossDomainMessenger.sol","s":{},"b":{},"f":{},"fnMap":{},"statementMap":{},"branchMap":{}},"contracts/optimistic-ethereum/iOVM/bridge/tokens/iOVM_L1ETHGateway.sol":{"l":{},"path":"/Users/maurelian/Projects/Optimism/protocol/contracts/optimistic-ethereum/iOVM/bridge/tokens/iOVM_L1ETHGateway.sol","s":{},"b":{},"f":{},"fnMap":{},"statementMap":{},"branchMap":{}},"contracts/optimistic-ethereum/iOVM/bridge/tokens/iOVM_L1TokenGateway.sol":{"l":{},"path":"/Users/maurelian/Projects/Optimism/protocol/contracts/optimistic-ethereum/iOVM/bridge/tokens/iOVM_L1TokenGateway.sol","s":{},"b":{},"f":{},"fnMap":{},"statementMap":{},"branchMap":{}},"contracts/optimistic-ethereum/iOVM/bridge/tokens/iOVM_L2DepositedToken.sol":{"l":{},"path":"/Users/maurelian/Projects/Optimism/protocol/contracts/optimistic-ethereum/iOVM/bridge/tokens/iOVM_L2DepositedToken.sol","s":{},"b":{},"f":{},"fnMap":{},"statementMap":{},"branchMap":{}},"contracts/optimistic-ethereum/iOVM/chain/iOVM_CanonicalTransactionChain.sol":{"l":{},"path":"/Users/maurelian/Projects/Optimism/protocol/contracts/optimistic-ethereum/iOVM/chain/iOVM_CanonicalTransactionChain.sol","s":{},"b":{},"f":{},"fnMap":{},"statementMap":{},"branchMap":{}},"contracts/optimistic-ethereum/iOVM/chain/iOVM_ChainStorageContainer.sol":{"l":{},"path":"/Users/maurelian/Projects/Optimism/protocol/contracts/optimistic-ethereum/iOVM/chain/iOVM_ChainStorageContainer.sol","s":{},"b":{},"f":{},"fnMap":{},"statementMap":{},"branchMap":{}},"contracts/optimistic-ethereum/iOVM/chain/iOVM_StateCommitmentChain.sol":{"l":{},"path":"/Users/maurelian/Projects/Optimism/protocol/contracts/optimistic-ethereum/iOVM/chain/iOVM_StateCommitmentChain.sol","s":{},"b":{},"f":{},"fnMap":{},"statementMap":{},"branchMap":{}},"contracts/optimistic-ethereum/iOVM/execution/iOVM_ExecutionManager.sol":{"l":{},"path":"/Users/maurelian/Projects/Optimism/protocol/contracts/optimistic-ethereum/iOVM/execution/iOVM_ExecutionManager.sol","s":{},"b":{},"f":{},"fnMap":{},"statementMap":{},"branchMap":{}},"contracts/optimistic-ethereum/iOVM/execution/iOVM_SafetyChecker.sol":{"l":{},"path":"/Users/maurelian/Projects/Optimism/protocol/contracts/optimistic-ethereum/iOVM/execution/iOVM_SafetyChecker.sol","s":{},"b":{},"f":{},"fnMap":{},"statementMap":{},"branchMap":{}},"contracts/optimistic-ethereum/iOVM/execution/iOVM_StateManager.sol":{"l":{},"path":"/Users/maurelian/Projects/Optimism/protocol/contracts/optimistic-ethereum/iOVM/execution/iOVM_StateManager.sol","s":{},"b":{},"f":{},"fnMap":{},"statementMap":{},"branchMap":{}},"contracts/optimistic-ethereum/iOVM/execution/iOVM_StateManagerFactory.sol":{"l":{},"path":"/Users/maurelian/Projects/Optimism/protocol/contracts/optimistic-ethereum/iOVM/execution/iOVM_StateManagerFactory.sol","s":{},"b":{},"f":{},"fnMap":{},"statementMap":{},"branchMap":{}},"contracts/optimistic-ethereum/iOVM/predeploys/iOVM_DeployerWhitelist.sol":{"l":{},"path":"/Users/maurelian/Projects/Optimism/protocol/contracts/optimistic-ethereum/iOVM/predeploys/iOVM_DeployerWhitelist.sol","s":{},"b":{},"f":{},"fnMap":{},"statementMap":{},"branchMap":{}},"contracts/optimistic-ethereum/iOVM/predeploys/iOVM_ERC20.sol":{"l":{},"path":"/Users/maurelian/Projects/Optimism/protocol/contracts/optimistic-ethereum/iOVM/predeploys/iOVM_ERC20.sol","s":{},"b":{},"f":{},"fnMap":{},"statementMap":{},"branchMap":{}},"contracts/optimistic-ethereum/iOVM/predeploys/iOVM_L1MessageSender.sol":{"l":{},"path":"/Users/maurelian/Projects/Optimism/protocol/contracts/optimistic-ethereum/iOVM/predeploys/iOVM_L1MessageSender.sol","s":{},"b":{},"f":{},"fnMap":{},"statementMap":{},"branchMap":{}},"contracts/optimistic-ethereum/iOVM/predeploys/iOVM_L2ToL1MessagePasser.sol":{"l":{},"path":"/Users/maurelian/Projects/Optimism/protocol/contracts/optimistic-ethereum/iOVM/predeploys/iOVM_L2ToL1MessagePasser.sol","s":{},"b":{},"f":{},"fnMap":{},"statementMap":{},"branchMap":{}},"contracts/optimistic-ethereum/iOVM/verification/iOVM_BondManager.sol":{"l":{},"path":"/Users/maurelian/Projects/Optimism/protocol/contracts/optimistic-ethereum/iOVM/verification/iOVM_BondManager.sol","s":{},"b":{},"f":{},"fnMap":{},"statementMap":{},"branchMap":{}},"contracts/optimistic-ethereum/iOVM/verification/iOVM_FraudVerifier.sol":{"l":{},"path":"/Users/maurelian/Projects/Optimism/protocol/contracts/optimistic-ethereum/iOVM/verification/iOVM_FraudVerifier.sol","s":{},"b":{},"f":{},"fnMap":{},"statementMap":{},"branchMap":{}},"contracts/optimistic-ethereum/iOVM/verification/iOVM_StateTransitioner.sol":{"l":{},"path":"/Users/maurelian/Projects/Optimism/protocol/contracts/optimistic-ethereum/iOVM/verification/iOVM_StateTransitioner.sol","s":{},"b":{},"f":{},"fnMap":{},"statementMap":{},"branchMap":{}},"contracts/optimistic-ethereum/iOVM/verification/iOVM_StateTransitionerFactory.sol":{"l":{},"path":"/Users/maurelian/Projects/Optimism/protocol/contracts/optimistic-ethereum/iOVM/verification/iOVM_StateTransitionerFactory.sol","s":{},"b":{},"f":{},"fnMap":{},"statementMap":{},"branchMap":{}},"contracts/optimistic-ethereum/libraries/bridge/OVM_CrossDomainEnabled.sol":{"l":{"23":78,"37":9,"42":6,"47":3,"65":22,"79":7},"path":"/Users/maurelian/Projects/Optimism/protocol/contracts/optimistic-ethereum/libraries/bridge/OVM_CrossDomainEnabled.sol","s":{"1":78,"2":9,"3":6,"4":22,"5":7},"b":{"1":[6,3],"2":[3,3]},"f":{"1":78,"2":9,"3":22,"4":7},"fnMap":{"1":{"name":"constructor","line":20,"loc":{"start":{"line":20,"column":4},"end":{"line":24,"column":4}}},"2":{"name":"onlyFromCrossDomainAccount","line":34,"loc":{"start":{"line":34,"column":4},"end":{"line":48,"column":4}}},"3":{"name":"getCrossDomainMessenger","line":58,"loc":{"start":{"line":58,"column":4},"end":{"line":66,"column":4}}},"4":{"name":"sendCrossDomainMessage","line":74,"loc":{"start":{"line":74,"column":4},"end":{"line":80,"column":4}}}},"statementMap":{"1":{"start":{"line":23,"column":8},"end":{"line":23,"column":29}},"2":{"start":{"line":37,"column":8},"end":{"line":37,"column":1159}},"3":{"start":{"line":42,"column":8},"end":{"line":42,"column":1311}},"4":{"start":{"line":65,"column":8},"end":{"line":65,"column":55}},"5":{"start":{"line":79,"column":8},"end":{"line":79,"column":82}}},"branchMap":{"1":{"line":37,"type":"if","locations":[{"start":{"line":37,"column":8},"end":{"line":37,"column":8}},{"start":{"line":37,"column":8},"end":{"line":37,"column":8}}]},"2":{"line":42,"type":"if","locations":[{"start":{"line":42,"column":8},"end":{"line":42,"column":8}},{"start":{"line":42,"column":8},"end":{"line":42,"column":8}}]}}},"contracts/optimistic-ethereum/libraries/codec/Lib_OVMCodec.sol":{"l":{"119":7,"120":1,"131":1,"141":6,"143":6,"168":5,"195":5,"196":2,"205":3,"207":3,"208":3,"209":3,"210":3,"211":1,"213":2,"215":3,"216":3,"217":3,"218":3,"219":3,"221":3,"239":25,"264":25,"281":1,"303":1,"308":1,"313":1,"318":1,"319":1,"321":1,"338":6,"340":6,"362":107},"path":"/Users/maurelian/Projects/Optimism/protocol/contracts/optimistic-ethereum/libraries/codec/Lib_OVMCodec.sol","s":{"1":7,"2":1,"3":1,"4":6,"5":6,"6":5,"7":5,"8":2,"9":3,"10":3,"11":3,"12":3,"13":3,"14":1,"15":2,"16":3,"17":3,"18":3,"19":3,"20":3,"21":3,"22":25,"23":25,"24":1,"25":1,"26":1,"27":1,"28":1,"29":1,"30":1,"31":6,"32":6,"33":107},"b":{"1":[1,6],"2":[2,3],"3":[1,2]},"f":{"1":7,"2":5,"3":5,"4":25,"5":25,"6":1,"7":1,"8":6,"9":107},"fnMap":{"1":{"name":"decodeEIP155Transaction","line":109,"loc":{"start":{"line":109,"column":4},"end":{"line":153,"column":4}}},"2":{"name":"decompressEIP155Transaction","line":160,"loc":{"start":{"line":160,"column":4},"end":{"line":177,"column":4}}},"3":{"name":"encodeEIP155Transaction","line":185,"loc":{"start":{"line":185,"column":4},"end":{"line":223,"column":4}}},"4":{"name":"encodeTransaction","line":230,"loc":{"start":{"line":230,"column":4},"end":{"line":248,"column":4}}},"5":{"name":"hashTransaction","line":255,"loc":{"start":{"line":255,"column":4},"end":{"line":265,"column":4}}},"6":{"name":"toEVMAccount","line":272,"loc":{"start":{"line":272,"column":4},"end":{"line":287,"column":4}}},"7":{"name":"encodeEVMAccount","line":294,"loc":{"start":{"line":294,"column":4},"end":{"line":322,"column":4}}},"8":{"name":"decodeEVMAccount","line":329,"loc":{"start":{"line":329,"column":4},"end":{"line":346,"column":4}}},"9":{"name":"hashBatchHeader","line":353,"loc":{"start":{"line":353,"column":4},"end":{"line":370,"column":4}}}},"statementMap":{"1":{"start":{"line":119,"column":8},"end":{"line":119,"column":2703}},"2":{"start":{"line":120,"column":12},"end":{"line":120,"column":2747}},"3":{"start":{"line":131,"column":12},"end":{"line":131,"column":3104}},"4":{"start":{"line":141,"column":12},"end":{"line":141,"column":89}},"5":{"start":{"line":143,"column":12},"end":{"line":143,"column":3487}},"6":{"start":{"line":168,"column":8},"end":{"line":168,"column":4339}},"7":{"start":{"line":195,"column":8},"end":{"line":195,"column":5277}},"8":{"start":{"line":196,"column":12},"end":{"line":196,"column":5321}},"9":{"start":{"line":205,"column":12},"end":{"line":205,"column":47}},"10":{"start":{"line":207,"column":12},"end":{"line":207,"column":63}},"11":{"start":{"line":208,"column":12},"end":{"line":208,"column":66}},"12":{"start":{"line":209,"column":12},"end":{"line":209,"column":66}},"13":{"start":{"line":210,"column":12},"end":{"line":210,"column":5856}},"14":{"start":{"line":211,"column":16},"end":{"line":211,"column":52}},"15":{"start":{"line":213,"column":16},"end":{"line":213,"column":67}},"16":{"start":{"line":215,"column":12},"end":{"line":215,"column":46}},"17":{"start":{"line":216,"column":12},"end":{"line":216,"column":63}},"18":{"start":{"line":217,"column":12},"end":{"line":217,"column":65}},"19":{"start":{"line":218,"column":12},"end":{"line":218,"column":55}},"20":{"start":{"line":219,"column":12},"end":{"line":219,"column":55}},"21":{"start":{"line":221,"column":12},"end":{"line":221,"column":47}},"22":{"start":{"line":239,"column":8},"end":{"line":239,"column":6746}},"23":{"start":{"line":264,"column":8},"end":{"line":264,"column":57}},"24":{"start":{"line":281,"column":8},"end":{"line":281,"column":7723}},"25":{"start":{"line":303,"column":8},"end":{"line":303,"column":43}},"26":{"start":{"line":308,"column":8},"end":{"line":308,"column":8466}},"27":{"start":{"line":313,"column":8},"end":{"line":313,"column":8623}},"28":{"start":{"line":318,"column":8},"end":{"line":318,"column":80}},"29":{"start":{"line":319,"column":8},"end":{"line":319,"column":77}},"30":{"start":{"line":321,"column":8},"end":{"line":321,"column":43}},"31":{"start":{"line":338,"column":8},"end":{"line":338,"column":86}},"32":{"start":{"line":340,"column":8},"end":{"line":340,"column":9427}},"33":{"start":{"line":362,"column":8},"end":{"line":362,"column":10058}}},"branchMap":{"1":{"line":119,"type":"if","locations":[{"start":{"line":119,"column":8},"end":{"line":119,"column":8}},{"start":{"line":119,"column":8},"end":{"line":119,"column":8}}]},"2":{"line":195,"type":"if","locations":[{"start":{"line":195,"column":8},"end":{"line":195,"column":8}},{"start":{"line":195,"column":8},"end":{"line":195,"column":8}}]},"3":{"line":210,"type":"if","locations":[{"start":{"line":210,"column":12},"end":{"line":210,"column":12}},{"start":{"line":210,"column":12},"end":{"line":210,"column":12}}]}}},"contracts/optimistic-ethereum/libraries/resolver/Lib_AddressManager.sol":{"l":{"39":379,"40":379,"50":2107,"67":2486},"path":"/Users/maurelian/Projects/Optimism/protocol/contracts/optimistic-ethereum/libraries/resolver/Lib_AddressManager.sol","s":{"1":379,"2":379,"3":2107,"4":2486},"b":{},"f":{"1":379,"2":2107,"3":2486},"fnMap":{"1":{"name":"setAddress","line":37,"loc":{"start":{"line":32,"column":4},"end":{"line":41,"column":4}}},"2":{"name":"getAddress","line":43,"loc":{"start":{"line":43,"column":4},"end":{"line":51,"column":4}}},"3":{"name":"_getNameHash","line":58,"loc":{"start":{"line":58,"column":4},"end":{"line":68,"column":4}}}},"statementMap":{"1":{"start":{"line":39,"column":8},"end":{"line":39,"column":40}},"2":{"start":{"line":40,"column":8},"end":{"line":40,"column":48}},"3":{"start":{"line":50,"column":8},"end":{"line":50,"column":45}},"4":{"start":{"line":67,"column":8},"end":{"line":67,"column":49}}},"branchMap":{}},"contracts/optimistic-ethereum/libraries/resolver/Lib_AddressResolver.sol":{"l":{"29":1041,"46":2076},"path":"/Users/maurelian/Projects/Optimism/protocol/contracts/optimistic-ethereum/libraries/resolver/Lib_AddressResolver.sol","s":{"1":1041,"2":2076},"b":{},"f":{"1":1041,"2":2076},"fnMap":{"1":{"name":"constructor","line":26,"loc":{"start":{"line":26,"column":4},"end":{"line":30,"column":4}}},"2":{"name":"resolve","line":37,"loc":{"start":{"line":37,"column":4},"end":{"line":47,"column":4}}}},"statementMap":{"1":{"start":{"line":29,"column":8},"end":{"line":29,"column":65}},"2":{"start":{"line":46,"column":8},"end":{"line":46,"column":50}}},"branchMap":{}},"contracts/optimistic-ethereum/libraries/resolver/Lib_Ownable.sol":{"l":{"32":120,"33":120,"42":379,"46":379,"59":0,"60":0,"68":0,"73":0,"74":0},"path":"/Users/maurelian/Projects/Optimism/protocol/contracts/optimistic-ethereum/libraries/resolver/Lib_Ownable.sol","s":{"1":120,"2":120,"3":379,"4":0,"5":0,"6":0,"7":0,"8":0},"b":{"1":[379,0],"2":[0,0]},"f":{"1":120,"2":379,"3":0,"4":0},"fnMap":{"1":{"name":"constructor","line":31,"loc":{"start":{"line":31,"column":4},"end":{"line":34,"column":4}}},"2":{"name":"onlyOwner","line":41,"loc":{"start":{"line":41,"column":4},"end":{"line":47,"column":4}}},"3":{"name":"renounceOwnership","line":57,"loc":{"start":{"line":54,"column":4},"end":{"line":61,"column":4}}},"4":{"name":"transferOwnership","line":66,"loc":{"start":{"line":63,"column":4},"end":{"line":75,"column":4}}}},"statementMap":{"1":{"start":{"line":32,"column":8},"end":{"line":32,"column":25}},"2":{"start":{"line":33,"column":8},"end":{"line":33,"column":52}},"3":{"start":{"line":42,"column":8},"end":{"line":42,"column":791}},"4":{"start":{"line":59,"column":8},"end":{"line":59,"column":52}},"5":{"start":{"line":60,"column":8},"end":{"line":60,"column":25}},"6":{"start":{"line":68,"column":8},"end":{"line":68,"column":1280}},"7":{"start":{"line":73,"column":8},"end":{"line":73,"column":51}},"8":{"start":{"line":74,"column":8},"end":{"line":74,"column":24}}},"branchMap":{"1":{"line":42,"type":"if","locations":[{"start":{"line":42,"column":8},"end":{"line":42,"column":8}},{"start":{"line":42,"column":8},"end":{"line":42,"column":8}}]},"2":{"line":68,"type":"if","locations":[{"start":{"line":68,"column":8},"end":{"line":68,"column":8}},{"start":{"line":68,"column":8},"end":{"line":68,"column":8}}]}}},"contracts/optimistic-ethereum/libraries/resolver/Lib_ResolvedDelegateProxy.sol":{"l":{"42":36,"43":36,"54":31,"55":31,"60":31,"62":31,"63":22,"67":9},"path":"/Users/maurelian/Projects/Optimism/protocol/contracts/optimistic-ethereum/libraries/resolver/Lib_ResolvedDelegateProxy.sol","s":{"1":36,"2":36,"3":31,"4":31,"5":31,"6":31},"b":{"1":[31,0],"2":[22,9]},"f":{"1":36,"2":31},"fnMap":{"1":{"name":"constructor","line":37,"loc":{"start":{"line":37,"column":4},"end":{"line":44,"column":4}}},"2":{"name":null,"line":51,"loc":{"start":{"line":51,"column":4},"end":{"line":71,"column":4}}}},"statementMap":{"1":{"start":{"line":42,"column":8},"end":{"line":42,"column":77}},"2":{"start":{"line":43,"column":8},"end":{"line":43,"column":62}},"3":{"start":{"line":54,"column":8},"end":{"line":54,"column":102}},"4":{"start":{"line":55,"column":8},"end":{"line":55,"column":1765}},"5":{"start":{"line":60,"column":8},"end":{"line":60,"column":79}},"6":{"start":{"line":62,"column":8},"end":{"line":62,"column":1960}}},"branchMap":{"1":{"line":55,"type":"if","locations":[{"start":{"line":55,"column":8},"end":{"line":55,"column":8}},{"start":{"line":55,"column":8},"end":{"line":55,"column":8}}]},"2":{"line":62,"type":"if","locations":[{"start":{"line":62,"column":8},"end":{"line":62,"column":8}},{"start":{"line":62,"column":8},"end":{"line":62,"column":8}}]}}},"contracts/optimistic-ethereum/libraries/rlp/Lib_RLPReader.sol":{"l":{"55":512,"56":512,"60":512,"80":450,"86":446,"95":446,"97":446,"98":446,"99":446,"100":4230,"105":4230,"113":4230,"118":4230,"119":4230,"123":446,"127":446,"144":450,"163":651,"169":651,"174":651,"191":4,"210":5,"227":5,"246":68,"251":68,"257":68,"262":68,"263":68,"264":68,"273":68,"290":0,"309":56,"326":8,"345":2,"350":2,"351":2,"352":2,"356":2,"373":2,"392":7,"393":1,"396":6,"401":6,"418":1,"437":776,"463":5399,"468":5395,"469":5395,"470":5395,"474":5395,"477":33,"481":4334,"483":4334,"488":4334,"491":536,"493":536,"498":536,"499":536,"507":536,"512":536,"515":89,"517":89,"522":89,"525":403,"527":403,"532":403,"533":403,"541":403,"546":403,"568":1427,"569":1427,"570":1,"573":1426,"574":1426,"575":1426,"580":1426,"581":2634,"585":2634,"586":2634,"590":1426,"591":1426,"601":1426,"618":776},"path":"/Users/maurelian/Projects/Optimism/protocol/contracts/optimistic-ethereum/libraries/rlp/Lib_RLPReader.sol","s":{"1":512,"2":512,"3":450,"4":446,"5":446,"6":446,"7":446,"8":446,"9":4230,"10":4230,"11":4230,"12":4230,"13":4230,"14":446,"15":450,"16":651,"17":651,"18":651,"19":4,"20":5,"21":5,"22":68,"23":68,"24":68,"25":68,"26":68,"27":68,"28":0,"29":56,"30":8,"31":2,"32":2,"33":2,"34":2,"35":2,"36":7,"37":1,"38":6,"39":6,"40":1,"41":776,"42":5399,"43":5395,"44":5395,"45":5395,"46":33,"47":5362,"48":4334,"49":4334,"50":4334,"51":1028,"52":536,"53":536,"54":536,"55":536,"56":536,"57":492,"58":89,"59":89,"60":89,"61":403,"62":403,"63":403,"64":403,"65":403,"66":1427,"67":1427,"68":1,"69":1426,"70":1426,"71":1426,"72":2634,"73":2634,"74":1426,"75":1426,"76":776},"b":{"1":[446,0],"2":[4230,0],"3":[651,0],"4":[68,0],"5":[68,0],"6":[2,0],"7":[1,6],"8":[6,0],"9":[5395,4],"10":[33,5362],"11":[4334,1028],"12":[4334,0],"13":[536,492],"14":[536,0],"15":[536,0],"16":[89,403],"17":[89,0],"18":[403,0],"19":[403,0],"20":[1,1426]},"f":{"1":512,"2":450,"3":450,"4":651,"5":4,"6":5,"7":5,"8":68,"9":0,"10":56,"11":8,"12":2,"13":2,"14":7,"15":1,"16":776,"17":5399,"18":1427,"19":776},"fnMap":{"1":{"name":"toRLPItem","line":46,"loc":{"start":{"line":46,"column":4},"end":{"line":64,"column":4}}},"2":{"name":"readList","line":71,"loc":{"start":{"line":71,"column":4},"end":{"line":128,"column":4}}},"3":{"name":"readList","line":135,"loc":{"start":{"line":135,"column":4},"end":{"line":147,"column":4}}},"4":{"name":"readBytes","line":154,"loc":{"start":{"line":154,"column":4},"end":{"line":175,"column":4}}},"5":{"name":"readBytes","line":182,"loc":{"start":{"line":182,"column":4},"end":{"line":194,"column":4}}},"6":{"name":"readString","line":201,"loc":{"start":{"line":201,"column":4},"end":{"line":211,"column":4}}},"7":{"name":"readString","line":218,"loc":{"start":{"line":218,"column":4},"end":{"line":230,"column":4}}},"8":{"name":"readBytes32","line":237,"loc":{"start":{"line":237,"column":4},"end":{"line":274,"column":4}}},"9":{"name":"readBytes32","line":281,"loc":{"start":{"line":281,"column":4},"end":{"line":293,"column":4}}},"10":{"name":"readUint256","line":300,"loc":{"start":{"line":300,"column":4},"end":{"line":310,"column":4}}},"11":{"name":"readUint256","line":317,"loc":{"start":{"line":317,"column":4},"end":{"line":329,"column":4}}},"12":{"name":"readBool","line":336,"loc":{"start":{"line":336,"column":4},"end":{"line":357,"column":4}}},"13":{"name":"readBool","line":364,"loc":{"start":{"line":364,"column":4},"end":{"line":376,"column":4}}},"14":{"name":"readAddress","line":383,"loc":{"start":{"line":383,"column":4},"end":{"line":402,"column":4}}},"15":{"name":"readAddress","line":409,"loc":{"start":{"line":409,"column":4},"end":{"line":421,"column":4}}},"16":{"name":"readRawBytes","line":428,"loc":{"start":{"line":428,"column":4},"end":{"line":438,"column":4}}},"17":{"name":"_decodeLength","line":452,"loc":{"start":{"line":452,"column":4},"end":{"line":548,"column":4}}},"18":{"name":"_copy","line":557,"loc":{"start":{"line":557,"column":4},"end":{"line":602,"column":4}}},"19":{"name":"_copy","line":609,"loc":{"start":{"line":609,"column":4},"end":{"line":619,"column":4}}}},"statementMap":{"1":{"start":{"line":55,"column":8},"end":{"line":55,"column":19}},"2":{"start":{"line":60,"column":8},"end":{"line":60,"column":1063}},"3":{"start":{"line":80,"column":8},"end":{"line":80,"column":1475}},"4":{"start":{"line":86,"column":8},"end":{"line":86,"column":1575}},"5":{"start":{"line":95,"column":8},"end":{"line":95,"column":61}},"6":{"start":{"line":97,"column":8},"end":{"line":97,"column":29}},"7":{"start":{"line":98,"column":8},"end":{"line":98,"column":35}},"8":{"start":{"line":99,"column":8},"end":{"line":99,"column":2213}},"9":{"start":{"line":100,"column":12},"end":{"line":100,"column":2259}},"10":{"start":{"line":105,"column":12},"end":{"line":105,"column":2405}},"11":{"start":{"line":113,"column":12},"end":{"line":113,"column":2630}},"12":{"start":{"line":118,"column":12},"end":{"line":118,"column":25}},"13":{"start":{"line":119,"column":12},"end":{"line":119,"column":44}},"14":{"start":{"line":127,"column":8},"end":{"line":127,"column":18}},"15":{"start":{"line":144,"column":8},"end":{"line":144,"column":3303}},"16":{"start":{"line":163,"column":8},"end":{"line":163,"column":3665}},"17":{"start":{"line":169,"column":8},"end":{"line":169,"column":3783}},"18":{"start":{"line":174,"column":8},"end":{"line":174,"column":53}},"19":{"start":{"line":191,"column":8},"end":{"line":191,"column":4230}},"20":{"start":{"line":210,"column":8},"end":{"line":210,"column":37}},"21":{"start":{"line":227,"column":8},"end":{"line":227,"column":4903}},"22":{"start":{"line":246,"column":8},"end":{"line":246,"column":5252}},"23":{"start":{"line":251,"column":8},"end":{"line":251,"column":5374}},"24":{"start":{"line":257,"column":8},"end":{"line":257,"column":5492}},"25":{"start":{"line":262,"column":8},"end":{"line":262,"column":42}},"26":{"start":{"line":263,"column":8},"end":{"line":263,"column":19}},"27":{"start":{"line":273,"column":8},"end":{"line":273,"column":18}},"28":{"start":{"line":290,"column":8},"end":{"line":290,"column":6212}},"29":{"start":{"line":309,"column":8},"end":{"line":309,"column":40}},"30":{"start":{"line":326,"column":8},"end":{"line":326,"column":6888}},"31":{"start":{"line":345,"column":8},"end":{"line":345,"column":7220}},"32":{"start":{"line":350,"column":8},"end":{"line":350,"column":29}},"33":{"start":{"line":351,"column":8},"end":{"line":351,"column":19}},"34":{"start":{"line":356,"column":8},"end":{"line":356,"column":23}},"35":{"start":{"line":373,"column":8},"end":{"line":373,"column":7731}},"36":{"start":{"line":392,"column":8},"end":{"line":392,"column":8078}},"37":{"start":{"line":393,"column":12},"end":{"line":393,"column":29}},"38":{"start":{"line":396,"column":8},"end":{"line":396,"column":8151}},"39":{"start":{"line":401,"column":8},"end":{"line":401,"column":40}},"40":{"start":{"line":418,"column":8},"end":{"line":418,"column":8577}},"41":{"start":{"line":437,"column":8},"end":{"line":437,"column":25}},"42":{"start":{"line":463,"column":8},"end":{"line":463,"column":9468}},"43":{"start":{"line":468,"column":8},"end":{"line":468,"column":29}},"44":{"start":{"line":469,"column":8},"end":{"line":469,"column":22}},"45":{"start":{"line":474,"column":8},"end":{"line":474,"column":9691}},"46":{"start":{"line":477,"column":12},"end":{"line":477,"column":48}},"47":{"start":{"line":478,"column":15},"end":{"line":478,"column":9807}},"48":{"start":{"line":481,"column":12},"end":{"line":481,"column":42}},"49":{"start":{"line":483,"column":12},"end":{"line":483,"column":9932}},"50":{"start":{"line":488,"column":12},"end":{"line":488,"column":53}},"51":{"start":{"line":489,"column":15},"end":{"line":489,"column":10104}},"52":{"start":{"line":491,"column":12},"end":{"line":491,"column":47}},"53":{"start":{"line":493,"column":12},"end":{"line":493,"column":10220}},"54":{"start":{"line":498,"column":12},"end":{"line":498,"column":26}},"55":{"start":{"line":507,"column":12},"end":{"line":507,"column":10602}},"56":{"start":{"line":512,"column":12},"end":{"line":512,"column":67}},"57":{"start":{"line":513,"column":15},"end":{"line":513,"column":10801}},"58":{"start":{"line":515,"column":12},"end":{"line":515,"column":43}},"59":{"start":{"line":517,"column":12},"end":{"line":517,"column":10912}},"60":{"start":{"line":522,"column":12},"end":{"line":522,"column":54}},"61":{"start":{"line":525,"column":12},"end":{"line":525,"column":48}},"62":{"start":{"line":527,"column":12},"end":{"line":527,"column":11179}},"63":{"start":{"line":532,"column":12},"end":{"line":532,"column":27}},"64":{"start":{"line":541,"column":12},"end":{"line":541,"column":11561}},"65":{"start":{"line":546,"column":12},"end":{"line":546,"column":69}},"66":{"start":{"line":568,"column":8},"end":{"line":568,"column":45}},"67":{"start":{"line":569,"column":8},"end":{"line":569,"column":12253}},"68":{"start":{"line":570,"column":12},"end":{"line":570,"column":22}},"69":{"start":{"line":573,"column":8},"end":{"line":573,"column":36}},"70":{"start":{"line":574,"column":8},"end":{"line":574,"column":20}},"71":{"start":{"line":580,"column":8},"end":{"line":580,"column":12497}},"72":{"start":{"line":585,"column":12},"end":{"line":585,"column":20}},"73":{"start":{"line":586,"column":12},"end":{"line":586,"column":21}},"74":{"start":{"line":590,"column":8},"end":{"line":590,"column":55}},"75":{"start":{"line":601,"column":8},"end":{"line":601,"column":18}},"76":{"start":{"line":618,"column":8},"end":{"line":618,"column":44}}},"branchMap":{"1":{"line":86,"type":"if","locations":[{"start":{"line":86,"column":8},"end":{"line":86,"column":8}},{"start":{"line":86,"column":8},"end":{"line":86,"column":8}}]},"2":{"line":100,"type":"if","locations":[{"start":{"line":100,"column":12},"end":{"line":100,"column":12}},{"start":{"line":100,"column":12},"end":{"line":100,"column":12}}]},"3":{"line":169,"type":"if","locations":[{"start":{"line":169,"column":8},"end":{"line":169,"column":8}},{"start":{"line":169,"column":8},"end":{"line":169,"column":8}}]},"4":{"line":246,"type":"if","locations":[{"start":{"line":246,"column":8},"end":{"line":246,"column":8}},{"start":{"line":246,"column":8},"end":{"line":246,"column":8}}]},"5":{"line":257,"type":"if","locations":[{"start":{"line":257,"column":8},"end":{"line":257,"column":8}},{"start":{"line":257,"column":8},"end":{"line":257,"column":8}}]},"6":{"line":345,"type":"if","locations":[{"start":{"line":345,"column":8},"end":{"line":345,"column":8}},{"start":{"line":345,"column":8},"end":{"line":345,"column":8}}]},"7":{"line":392,"type":"if","locations":[{"start":{"line":392,"column":8},"end":{"line":392,"column":8}},{"start":{"line":392,"column":8},"end":{"line":392,"column":8}}]},"8":{"line":396,"type":"if","locations":[{"start":{"line":396,"column":8},"end":{"line":396,"column":8}},{"start":{"line":396,"column":8},"end":{"line":396,"column":8}}]},"9":{"line":463,"type":"if","locations":[{"start":{"line":463,"column":8},"end":{"line":463,"column":8}},{"start":{"line":463,"column":8},"end":{"line":463,"column":8}}]},"10":{"line":474,"type":"if","locations":[{"start":{"line":474,"column":8},"end":{"line":474,"column":8}},{"start":{"line":474,"column":8},"end":{"line":474,"column":8}}]},"11":{"line":478,"type":"if","locations":[{"start":{"line":478,"column":15},"end":{"line":478,"column":15}},{"start":{"line":478,"column":15},"end":{"line":478,"column":15}}]},"12":{"line":483,"type":"if","locations":[{"start":{"line":483,"column":12},"end":{"line":483,"column":12}},{"start":{"line":483,"column":12},"end":{"line":483,"column":12}}]},"13":{"line":489,"type":"if","locations":[{"start":{"line":489,"column":15},"end":{"line":489,"column":15}},{"start":{"line":489,"column":15},"end":{"line":489,"column":15}}]},"14":{"line":493,"type":"if","locations":[{"start":{"line":493,"column":12},"end":{"line":493,"column":12}},{"start":{"line":493,"column":12},"end":{"line":493,"column":12}}]},"15":{"line":507,"type":"if","locations":[{"start":{"line":507,"column":12},"end":{"line":507,"column":12}},{"start":{"line":507,"column":12},"end":{"line":507,"column":12}}]},"16":{"line":513,"type":"if","locations":[{"start":{"line":513,"column":15},"end":{"line":513,"column":15}},{"start":{"line":513,"column":15},"end":{"line":513,"column":15}}]},"17":{"line":517,"type":"if","locations":[{"start":{"line":517,"column":12},"end":{"line":517,"column":12}},{"start":{"line":517,"column":12},"end":{"line":517,"column":12}}]},"18":{"line":527,"type":"if","locations":[{"start":{"line":527,"column":12},"end":{"line":527,"column":12}},{"start":{"line":527,"column":12},"end":{"line":527,"column":12}}]},"19":{"line":541,"type":"if","locations":[{"start":{"line":541,"column":12},"end":{"line":541,"column":12}},{"start":{"line":541,"column":12},"end":{"line":541,"column":12}}]},"20":{"line":569,"type":"if","locations":[{"start":{"line":569,"column":8},"end":{"line":569,"column":8}},{"start":{"line":569,"column":8},"end":{"line":569,"column":8}}]}}},"contracts/optimistic-ethereum/libraries/rlp/Lib_RLPWriter.sol":{"l":{"32":324,"34":324,"35":16,"37":308,"40":324,"57":157,"58":157,"75":139,"92":30,"109":52,"126":0,"127":0,"128":0,"152":465,"154":465,"155":415,"156":415,"158":50,"159":50,"160":50,"161":72,"162":72,"165":50,"166":50,"167":50,"168":72,"172":465,"190":52,"192":52,"193":52,"194":1643,"195":24,"199":52,"200":52,"201":45,"204":52,"222":1030,"223":1030,"224":1030,"226":1030,"227":420,"230":420,"231":420,"234":1030,"235":1030,"257":157,"258":8,"261":149,"262":149,"263":149,"264":1030,"267":149,"268":149,"269":149,"271":149,"272":1030,"274":1030,"275":1030,"277":1030,"278":1030,"281":149},"path":"/Users/maurelian/Projects/Optimism/protocol/contracts/optimistic-ethereum/libraries/rlp/Lib_RLPWriter.sol","s":{"1":324,"2":324,"3":16,"4":308,"5":324,"6":157,"7":157,"8":139,"9":30,"10":52,"11":0,"12":0,"13":0,"14":465,"15":465,"16":415,"17":415,"18":50,"19":50,"20":50,"21":72,"22":50,"23":50,"24":50,"25":72,"26":465,"27":52,"28":52,"29":52,"30":1643,"31":52,"32":52,"33":45,"34":52,"35":1030,"36":1030,"37":1030,"38":1030,"39":420,"40":420,"41":1030,"42":157,"43":8,"44":149,"45":149,"46":149,"47":1030,"48":149,"49":149,"50":149,"51":1030,"52":1030,"53":1030,"54":1030,"55":149},"b":{"1":[16,308],"2":[415,50],"3":[24,1619],"4":[8,149]},"f":{"1":324,"2":157,"3":139,"4":30,"5":52,"6":0,"7":465,"8":52,"9":1030,"10":157},"fnMap":{"1":{"name":"writeBytes","line":23,"loc":{"start":{"line":23,"column":4},"end":{"line":41,"column":4}}},"2":{"name":"writeList","line":48,"loc":{"start":{"line":48,"column":4},"end":{"line":59,"column":4}}},"3":{"name":"writeString","line":66,"loc":{"start":{"line":66,"column":4},"end":{"line":76,"column":4}}},"4":{"name":"writeAddress","line":83,"loc":{"start":{"line":83,"column":4},"end":{"line":93,"column":4}}},"5":{"name":"writeUint","line":100,"loc":{"start":{"line":100,"column":4},"end":{"line":110,"column":4}}},"6":{"name":"writeBool","line":117,"loc":{"start":{"line":117,"column":4},"end":{"line":129,"column":4}}},"7":{"name":"_writeLength","line":142,"loc":{"start":{"line":142,"column":4},"end":{"line":173,"column":4}}},"8":{"name":"_toBinary","line":181,"loc":{"start":{"line":181,"column":4},"end":{"line":205,"column":4}}},"9":{"name":"_memcpy","line":214,"loc":{"start":{"line":214,"column":4},"end":{"line":240,"column":4}}},"10":{"name":"_flatten","line":248,"loc":{"start":{"line":248,"column":4},"end":{"line":282,"column":4}}}},"statementMap":{"1":{"start":{"line":32,"column":8},"end":{"line":32,"column":28}},"2":{"start":{"line":34,"column":8},"end":{"line":34,"column":711}},"3":{"start":{"line":35,"column":12},"end":{"line":35,"column":24}},"4":{"start":{"line":37,"column":12},"end":{"line":37,"column":73}},"5":{"start":{"line":40,"column":8},"end":{"line":40,"column":22}},"6":{"start":{"line":57,"column":8},"end":{"line":57,"column":41}},"7":{"start":{"line":58,"column":8},"end":{"line":58,"column":69}},"8":{"start":{"line":75,"column":8},"end":{"line":75,"column":37}},"9":{"start":{"line":92,"column":8},"end":{"line":92,"column":48}},"10":{"start":{"line":109,"column":8},"end":{"line":109,"column":41}},"11":{"start":{"line":126,"column":8},"end":{"line":126,"column":43}},"12":{"start":{"line":127,"column":8},"end":{"line":127,"column":55}},"13":{"start":{"line":128,"column":8},"end":{"line":128,"column":22}},"14":{"start":{"line":152,"column":8},"end":{"line":152,"column":28}},"15":{"start":{"line":154,"column":8},"end":{"line":154,"column":3384}},"16":{"start":{"line":155,"column":12},"end":{"line":155,"column":33}},"17":{"start":{"line":156,"column":12},"end":{"line":156,"column":58}},"18":{"start":{"line":158,"column":12},"end":{"line":158,"column":26}},"19":{"start":{"line":159,"column":12},"end":{"line":159,"column":25}},"20":{"start":{"line":160,"column":12},"end":{"line":160,"column":3586}},"21":{"start":{"line":162,"column":16},"end":{"line":162,"column":23}},"22":{"start":{"line":165,"column":12},"end":{"line":165,"column":42}},"23":{"start":{"line":166,"column":12},"end":{"line":166,"column":65}},"24":{"start":{"line":167,"column":12},"end":{"line":167,"column":3802}},"25":{"start":{"line":168,"column":16},"end":{"line":168,"column":73}},"26":{"start":{"line":172,"column":8},"end":{"line":172,"column":22}},"27":{"start":{"line":190,"column":8},"end":{"line":190,"column":45}},"28":{"start":{"line":192,"column":8},"end":{"line":192,"column":21}},"29":{"start":{"line":193,"column":8},"end":{"line":193,"column":4434}},"30":{"start":{"line":194,"column":12},"end":{"line":194,"column":4472}},"31":{"start":{"line":199,"column":8},"end":{"line":199,"column":44}},"32":{"start":{"line":200,"column":8},"end":{"line":200,"column":4587}},"33":{"start":{"line":201,"column":12},"end":{"line":201,"column":26}},"34":{"start":{"line":204,"column":8},"end":{"line":204,"column":18}},"35":{"start":{"line":222,"column":8},"end":{"line":222,"column":28}},"36":{"start":{"line":223,"column":8},"end":{"line":223,"column":26}},"37":{"start":{"line":224,"column":8},"end":{"line":224,"column":26}},"38":{"start":{"line":226,"column":8},"end":{"line":226,"column":5212}},"39":{"start":{"line":230,"column":12},"end":{"line":230,"column":21}},"40":{"start":{"line":231,"column":12},"end":{"line":231,"column":20}},"41":{"start":{"line":234,"column":8},"end":{"line":234,"column":44}},"42":{"start":{"line":257,"column":8},"end":{"line":257,"column":6057}},"43":{"start":{"line":258,"column":12},"end":{"line":258,"column":31}},"44":{"start":{"line":261,"column":8},"end":{"line":261,"column":19}},"45":{"start":{"line":262,"column":8},"end":{"line":262,"column":21}},"46":{"start":{"line":263,"column":8},"end":{"line":263,"column":6178}},"47":{"start":{"line":264,"column":12},"end":{"line":264,"column":33}},"48":{"start":{"line":267,"column":8},"end":{"line":267,"column":47}},"49":{"start":{"line":268,"column":8},"end":{"line":268,"column":28}},"50":{"start":{"line":271,"column":8},"end":{"line":271,"column":6403}},"51":{"start":{"line":272,"column":12},"end":{"line":272,"column":40}},"52":{"start":{"line":274,"column":12},"end":{"line":274,"column":27}},"53":{"start":{"line":277,"column":12},"end":{"line":277,"column":54}},"54":{"start":{"line":278,"column":12},"end":{"line":278,"column":42}},"55":{"start":{"line":281,"column":8},"end":{"line":281,"column":24}}},"branchMap":{"1":{"line":34,"type":"if","locations":[{"start":{"line":34,"column":8},"end":{"line":34,"column":8}},{"start":{"line":34,"column":8},"end":{"line":34,"column":8}}]},"2":{"line":154,"type":"if","locations":[{"start":{"line":154,"column":8},"end":{"line":154,"column":8}},{"start":{"line":154,"column":8},"end":{"line":154,"column":8}}]},"3":{"line":194,"type":"if","locations":[{"start":{"line":194,"column":12},"end":{"line":194,"column":12}},{"start":{"line":194,"column":12},"end":{"line":194,"column":12}}]},"4":{"line":257,"type":"if","locations":[{"start":{"line":257,"column":8},"end":{"line":257,"column":8}},{"start":{"line":257,"column":8},"end":{"line":257,"column":8}}]}}},"contracts/optimistic-ethereum/libraries/standards/IUniswapV2ERC20.sol":{"l":{},"path":"/Users/maurelian/Projects/Optimism/protocol/contracts/optimistic-ethereum/libraries/standards/IUniswapV2ERC20.sol","s":{},"b":{},"f":{},"fnMap":{},"statementMap":{},"branchMap":{}},"contracts/optimistic-ethereum/libraries/standards/UniSafeMath.sol":{"l":{"8":6,"12":10,"16":0},"path":"/Users/maurelian/Projects/Optimism/protocol/contracts/optimistic-ethereum/libraries/standards/UniSafeMath.sol","s":{"1":6,"2":10,"3":0},"b":{"1":[6,0],"2":[10,0],"3":[0,0]},"f":{"1":6,"2":10,"3":0},"fnMap":{"1":{"name":"add","line":7,"loc":{"start":{"line":7,"column":4},"end":{"line":9,"column":4}}},"2":{"name":"sub","line":11,"loc":{"start":{"line":11,"column":4},"end":{"line":13,"column":4}}},"3":{"name":"mul","line":15,"loc":{"start":{"line":15,"column":4},"end":{"line":17,"column":4}}}},"statementMap":{"1":{"start":{"line":8,"column":8},"end":{"line":8,"column":56}},"2":{"start":{"line":12,"column":8},"end":{"line":12,"column":57}},"3":{"start":{"line":16,"column":8},"end":{"line":16,"column":70}}},"branchMap":{"1":{"line":8,"type":"if","locations":[{"start":{"line":8,"column":8},"end":{"line":8,"column":8}},{"start":{"line":8,"column":8},"end":{"line":8,"column":8}}]},"2":{"line":12,"type":"if","locations":[{"start":{"line":12,"column":8},"end":{"line":12,"column":8}},{"start":{"line":12,"column":8},"end":{"line":12,"column":8}}]},"3":{"line":16,"type":"if","locations":[{"start":{"line":16,"column":8},"end":{"line":16,"column":8}},{"start":{"line":16,"column":8},"end":{"line":16,"column":8}}]}}},"contracts/optimistic-ethereum/libraries/standards/UniswapV2ERC20.sol":{"l":{"26":39,"27":39,"29":39,"30":39,"33":39,"45":1,"46":1,"47":1,"51":2,"52":2,"53":2,"57":2,"58":2,"62":4,"63":4,"64":4,"68":2,"69":2,"73":2,"74":2,"78":2,"79":2,"81":2,"82":2,"86":0,"87":0,"94":0,"95":0,"96":0},"path":"/Users/maurelian/Projects/Optimism/protocol/contracts/optimistic-ethereum/libraries/standards/UniswapV2ERC20.sol","s":{"1":39,"2":39,"3":39,"4":39,"5":1,"6":1,"7":1,"8":2,"9":2,"10":2,"11":2,"12":2,"13":4,"14":4,"15":4,"16":2,"17":2,"18":2,"19":2,"20":2,"21":2,"22":2,"23":2,"24":0,"25":0,"26":0,"27":0,"28":0},"b":{"1":[2,0],"2":[0,0],"3":[0,0]},"f":{"1":39,"2":1,"3":2,"4":2,"5":4,"6":2,"7":2,"8":2,"9":0},"fnMap":{"1":{"name":"constructor","line":22,"loc":{"start":{"line":22,"column":4},"end":{"line":42,"column":4}}},"2":{"name":"_mint","line":44,"loc":{"start":{"line":44,"column":4},"end":{"line":48,"column":4}}},"3":{"name":"_burn","line":50,"loc":{"start":{"line":50,"column":4},"end":{"line":54,"column":4}}},"4":{"name":"_approve","line":56,"loc":{"start":{"line":56,"column":4},"end":{"line":59,"column":4}}},"5":{"name":"_transfer","line":61,"loc":{"start":{"line":61,"column":4},"end":{"line":65,"column":4}}},"6":{"name":"approve","line":67,"loc":{"start":{"line":67,"column":4},"end":{"line":70,"column":4}}},"7":{"name":"transfer","line":72,"loc":{"start":{"line":72,"column":4},"end":{"line":75,"column":4}}},"8":{"name":"transferFrom","line":77,"loc":{"start":{"line":77,"column":4},"end":{"line":83,"column":4}}},"9":{"name":"permit","line":85,"loc":{"start":{"line":85,"column":4},"end":{"line":97,"column":4}}}},"statementMap":{"1":{"start":{"line":26,"column":8},"end":{"line":26,"column":19}},"2":{"start":{"line":27,"column":8},"end":{"line":27,"column":23}},"3":{"start":{"line":29,"column":8},"end":{"line":29,"column":20}},"4":{"start":{"line":33,"column":8},"end":{"line":33,"column":1051}},"5":{"start":{"line":45,"column":8},"end":{"line":45,"column":43}},"6":{"start":{"line":46,"column":8},"end":{"line":46,"column":47}},"7":{"start":{"line":47,"column":8},"end":{"line":47,"column":44}},"8":{"start":{"line":51,"column":8},"end":{"line":51,"column":51}},"9":{"start":{"line":52,"column":8},"end":{"line":52,"column":43}},"10":{"start":{"line":53,"column":8},"end":{"line":53,"column":46}},"11":{"start":{"line":57,"column":8},"end":{"line":57,"column":40}},"12":{"start":{"line":58,"column":8},"end":{"line":58,"column":44}},"13":{"start":{"line":62,"column":8},"end":{"line":62,"column":51}},"14":{"start":{"line":63,"column":8},"end":{"line":63,"column":47}},"15":{"start":{"line":64,"column":8},"end":{"line":64,"column":38}},"16":{"start":{"line":68,"column":8},"end":{"line":68,"column":43}},"17":{"start":{"line":69,"column":8},"end":{"line":69,"column":19}},"18":{"start":{"line":73,"column":8},"end":{"line":73,"column":39}},"19":{"start":{"line":74,"column":8},"end":{"line":74,"column":19}},"20":{"start":{"line":78,"column":8},"end":{"line":78,"column":2609}},"21":{"start":{"line":79,"column":12},"end":{"line":79,"column":79}},"22":{"start":{"line":81,"column":8},"end":{"line":81,"column":33}},"23":{"start":{"line":82,"column":8},"end":{"line":82,"column":19}},"24":{"start":{"line":86,"column":8},"end":{"line":86,"column":65}},"25":{"start":{"line":87,"column":8},"end":{"line":87,"column":3019}},"26":{"start":{"line":94,"column":8},"end":{"line":94,"column":61}},"27":{"start":{"line":95,"column":8},"end":{"line":95,"column":107}},"28":{"start":{"line":96,"column":8},"end":{"line":96,"column":38}}},"branchMap":{"1":{"line":78,"type":"if","locations":[{"start":{"line":78,"column":8},"end":{"line":78,"column":8}},{"start":{"line":78,"column":8},"end":{"line":78,"column":8}}]},"2":{"line":86,"type":"if","locations":[{"start":{"line":86,"column":8},"end":{"line":86,"column":8}},{"start":{"line":86,"column":8},"end":{"line":86,"column":8}}]},"3":{"line":95,"type":"if","locations":[{"start":{"line":95,"column":8},"end":{"line":95,"column":8}},{"start":{"line":95,"column":8},"end":{"line":95,"column":8}}]}}},"contracts/optimistic-ethereum/libraries/trie/Lib_MerkleTrie.sol":{"l":{"85":25,"90":24,"116":0,"120":0,"147":22,"148":0,"151":22,"152":22,"153":22,"155":22,"178":77,"179":73,"181":58,"183":58,"188":58,"190":58,"212":0,"245":95,"246":95,"248":95,"249":95,"250":95,"251":95,"254":95,"255":243,"256":243,"260":243,"262":243,"264":95,"270":148,"276":0,"282":229,"283":147,"285":0,"289":147,"290":147,"291":147,"292":147,"293":147,"296":82,"297":82,"298":82,"299":82,"300":82,"301":82,"303":82,"304":80,"310":73,"314":80,"315":80,"317":1,"320":0,"321":0,"325":1,"326":1,"327":1,"330":1,"333":0,"338":80,"339":80,"366":22,"369":22,"370":22,"376":22,"377":22,"379":22,"382":22,"383":22,"385":0,"388":0,"389":0,"393":0,"394":0,"397":0,"398":0,"402":0,"403":0,"405":0,"408":0,"409":0,"410":0,"413":0,"414":0,"418":0,"420":0,"424":0,"428":0,"430":0,"432":0,"435":0,"436":0,"440":0,"441":0,"446":0,"450":0,"453":0,"455":0,"456":0,"461":0,"463":0,"464":0,"466":0,"467":0,"473":22,"492":22,"495":22,"496":22,"497":22,"500":22,"502":65,"503":65,"505":65,"508":22,"509":22,"512":1,"513":1,"517":1,"519":1,"524":42,"526":42,"527":42,"528":42,"533":65,"538":22,"555":99,"556":95,"558":95,"559":265,"560":265,"566":95,"585":148,"587":148,"589":0,"592":148,"595":148,"612":172,"630":45,"647":51,"665":65,"666":0,"668":65,"686":87,"687":42,"689":45,"690":45,"692":45,"693":44,"695":1,"699":0,"719":82,"720":82,"721":4991,"723":82,"740":65,"742":65,"762":42,"763":42,"764":714,"766":42,"785":1,"786":1,"787":1,"788":1,"789":1,"811":22,"812":22,"813":22,"814":22,"815":22,"829":0,"830":0,"831":0,"833":0,"852":0,"853":0,"854":0,"875":42,"876":42,"877":42,"896":23,"897":23,"898":23,"899":23,"900":23,"917":45,"918":26,"920":19,"946":22,"949":22,"950":43,"954":22,"955":22,"958":22},"path":"/Users/maurelian/Projects/Optimism/protocol/contracts/optimistic-ethereum/libraries/trie/Lib_MerkleTrie.sol","s":{"1":25,"2":24,"3":0,"4":0,"5":22,"6":0,"7":22,"8":22,"9":22,"10":22,"11":77,"12":73,"13":58,"14":58,"15":58,"16":58,"17":0,"18":95,"19":95,"20":95,"21":95,"22":95,"23":95,"24":95,"25":243,"26":243,"27":243,"28":243,"29":95,"30":148,"31":148,"32":0,"33":229,"34":147,"35":147,"36":147,"37":147,"38":147,"39":82,"40":82,"41":82,"42":82,"43":82,"44":82,"45":82,"46":82,"47":80,"48":73,"49":80,"50":2,"51":1,"52":0,"53":1,"54":1,"55":1,"56":0,"57":80,"58":80,"59":22,"60":22,"61":22,"62":22,"63":22,"64":22,"65":22,"66":22,"67":0,"68":0,"69":0,"70":0,"71":0,"72":0,"73":0,"74":0,"75":0,"76":0,"77":0,"78":0,"79":0,"80":0,"81":0,"82":0,"83":0,"84":0,"85":0,"86":0,"87":0,"88":0,"89":0,"90":0,"91":0,"92":0,"93":0,"94":0,"95":0,"96":0,"97":0,"98":0,"99":0,"100":0,"101":0,"102":0,"103":0,"104":22,"105":22,"106":22,"107":22,"108":22,"109":22,"110":65,"111":65,"112":65,"113":22,"114":22,"115":43,"116":1,"117":1,"118":1,"119":1,"120":42,"121":42,"122":42,"123":42,"124":42,"125":65,"126":22,"127":99,"128":95,"129":95,"130":265,"131":265,"132":95,"133":148,"134":148,"135":0,"136":148,"137":148,"138":172,"139":45,"140":51,"141":65,"142":0,"143":65,"144":87,"145":42,"146":45,"147":45,"148":45,"149":45,"150":44,"151":1,"152":1,"153":0,"154":82,"155":82,"156":82,"157":65,"158":65,"159":42,"160":42,"161":714,"162":42,"163":1,"164":1,"165":1,"166":1,"167":1,"168":22,"169":22,"170":22,"171":22,"172":22,"173":0,"174":0,"175":0,"176":0,"177":0,"178":0,"179":0,"180":42,"181":42,"182":42,"183":23,"184":23,"185":23,"186":23,"187":23,"188":45,"189":26,"190":19,"191":22,"192":22,"193":43,"194":22,"195":22,"196":22},"b":{"1":[0,22],"2":[58,0],"3":[95,148],"4":[88,7],"5":[148,0],"6":[141,7],"7":[0,0],"8":[147,82],"9":[0,147],"10":[82,0],"11":[80,2],"12":[73,7],"13":[1,1],"14":[0,1],"15":[22,0],"16":[0,0],"17":[0,0],"18":[0,0],"19":[0,0],"20":[0,0],"21":[0,0],"22":[0,0],"23":[22,43],"24":[1,42],"25":[1,0],"26":[42,0],"27":[42,0],"28":[0,148],"29":[0,65],"30":[42,45],"31":[45,0],"32":[44,1],"33":[1,0],"34":[26,19]},"f":{"1":25,"2":0,"3":22,"4":77,"5":0,"6":95,"7":22,"8":22,"9":99,"10":148,"11":172,"12":45,"13":51,"14":65,"15":87,"16":82,"17":65,"18":42,"19":1,"20":22,"21":0,"22":0,"23":42,"24":23,"25":45,"26":22},"fnMap":{"1":{"name":"verifyInclusionProof","line":73,"loc":{"start":{"line":73,"column":4},"end":{"line":93,"column":4}}},"2":{"name":"verifyExclusionProof","line":105,"loc":{"start":{"line":105,"column":4},"end":{"line":121,"column":4}}},"3":{"name":"update","line":134,"loc":{"start":{"line":134,"column":4},"end":{"line":156,"column":4}}},"4":{"name":"get","line":166,"loc":{"start":{"line":166,"column":4},"end":{"line":194,"column":4}}},"5":{"name":"getSingleNodeRootHash","line":202,"loc":{"start":{"line":202,"column":4},"end":{"line":216,"column":4}}},"6":{"name":"_walkNodePath","line":232,"loc":{"start":{"line":232,"column":4},"end":{"line":340,"column":4}}},"7":{"name":"_getNewPath","line":354,"loc":{"start":{"line":354,"column":4},"end":{"line":474,"column":4}}},"8":{"name":"_getUpdatedTrieRoot","line":482,"loc":{"start":{"line":482,"column":4},"end":{"line":539,"column":4}}},"9":{"name":"_parseProof","line":546,"loc":{"start":{"line":546,"column":4},"end":{"line":567,"column":4}}},"10":{"name":"_getNodeID","line":576,"loc":{"start":{"line":576,"column":4},"end":{"line":596,"column":4}}},"11":{"name":"_getNodePath","line":603,"loc":{"start":{"line":603,"column":4},"end":{"line":613,"column":4}}},"12":{"name":"_getNodeKey","line":621,"loc":{"start":{"line":621,"column":4},"end":{"line":631,"column":4}}},"13":{"name":"_getNodeValue","line":638,"loc":{"start":{"line":638,"column":4},"end":{"line":648,"column":4}}},"14":{"name":"_getNodeHash","line":656,"loc":{"start":{"line":656,"column":4},"end":{"line":670,"column":4}}},"15":{"name":"_getNodeType","line":677,"loc":{"start":{"line":677,"column":4},"end":{"line":700,"column":4}}},"16":{"name":"_getSharedNibbleLength","line":709,"loc":{"start":{"line":709,"column":4},"end":{"line":724,"column":4}}},"17":{"name":"_makeNode","line":731,"loc":{"start":{"line":731,"column":4},"end":{"line":746,"column":4}}},"18":{"name":"_makeNode","line":753,"loc":{"start":{"line":753,"column":4},"end":{"line":767,"column":4}}},"19":{"name":"_makeExtensionNode","line":775,"loc":{"start":{"line":775,"column":4},"end":{"line":790,"column":4}}},"20":{"name":"_makeLeafNode","line":801,"loc":{"start":{"line":801,"column":4},"end":{"line":816,"column":4}}},"21":{"name":"_makeEmptyBranchNode","line":822,"loc":{"start":{"line":822,"column":4},"end":{"line":834,"column":4}}},"22":{"name":"_editBranchValue","line":842,"loc":{"start":{"line":842,"column":4},"end":{"line":855,"column":4}}},"23":{"name":"_editBranchIndex","line":864,"loc":{"start":{"line":864,"column":4},"end":{"line":878,"column":4}}},"24":{"name":"_addHexPrefix","line":886,"loc":{"start":{"line":886,"column":4},"end":{"line":901,"column":4}}},"25":{"name":"_removeHexPrefix","line":908,"loc":{"start":{"line":908,"column":4},"end":{"line":922,"column":4}}},"26":{"name":"_joinNodeArrays","line":934,"loc":{"start":{"line":934,"column":4},"end":{"line":959,"column":4}}}},"statementMap":{"1":{"start":{"line":85,"column":8},"end":{"line":85,"column":2923}},"2":{"start":{"line":90,"column":8},"end":{"line":90,"column":3001}},"3":{"start":{"line":116,"column":8},"end":{"line":116,"column":3811}},"4":{"start":{"line":120,"column":8},"end":{"line":120,"column":30}},"5":{"start":{"line":147,"column":8},"end":{"line":147,"column":4811}},"6":{"start":{"line":148,"column":12},"end":{"line":148,"column":54}},"7":{"start":{"line":151,"column":8},"end":{"line":151,"column":53}},"8":{"start":{"line":152,"column":8},"end":{"line":152,"column":93}},"9":{"start":{"line":153,"column":8},"end":{"line":153,"column":88}},"10":{"start":{"line":155,"column":8},"end":{"line":155,"column":49}},"11":{"start":{"line":178,"column":8},"end":{"line":178,"column":53}},"12":{"start":{"line":179,"column":8},"end":{"line":179,"column":109}},"13":{"start":{"line":181,"column":8},"end":{"line":181,"column":46}},"14":{"start":{"line":183,"column":8},"end":{"line":183,"column":6018}},"15":{"start":{"line":188,"column":8},"end":{"line":188,"column":86}},"16":{"start":{"line":190,"column":8},"end":{"line":190,"column":6213}},"17":{"start":{"line":212,"column":8},"end":{"line":212,"column":6704}},"18":{"start":{"line":245,"column":8},"end":{"line":245,"column":30}},"19":{"start":{"line":246,"column":8},"end":{"line":246,"column":57}},"20":{"start":{"line":248,"column":8},"end":{"line":248,"column":37}},"21":{"start":{"line":249,"column":8},"end":{"line":249,"column":35}},"22":{"start":{"line":250,"column":8},"end":{"line":250,"column":39}},"23":{"start":{"line":251,"column":8},"end":{"line":251,"column":35}},"24":{"start":{"line":254,"column":8},"end":{"line":254,"column":7917}},"25":{"start":{"line":255,"column":12},"end":{"line":255,"column":34}},"26":{"start":{"line":256,"column":12},"end":{"line":256,"column":49}},"27":{"start":{"line":260,"column":12},"end":{"line":260,"column":26}},"28":{"start":{"line":262,"column":12},"end":{"line":262,"column":8247}},"29":{"start":{"line":264,"column":16},"end":{"line":264,"column":8359}},"30":{"start":{"line":268,"column":19},"end":{"line":268,"column":8511}},"31":{"start":{"line":270,"column":16},"end":{"line":270,"column":8647}},"32":{"start":{"line":276,"column":16},"end":{"line":276,"column":8893}},"33":{"start":{"line":282,"column":12},"end":{"line":282,"column":9077}},"34":{"start":{"line":283,"column":16},"end":{"line":283,"column":9153}},"35":{"start":{"line":289,"column":20},"end":{"line":289,"column":65}},"36":{"start":{"line":290,"column":20},"end":{"line":290,"column":90}},"37":{"start":{"line":291,"column":20},"end":{"line":291,"column":55}},"38":{"start":{"line":292,"column":20},"end":{"line":292,"column":42}},"39":{"start":{"line":295,"column":19},"end":{"line":295,"column":9813}},"40":{"start":{"line":296,"column":16},"end":{"line":296,"column":61}},"41":{"start":{"line":297,"column":16},"end":{"line":297,"column":45}},"42":{"start":{"line":298,"column":16},"end":{"line":298,"column":45}},"43":{"start":{"line":299,"column":16},"end":{"line":299,"column":79}},"44":{"start":{"line":300,"column":16},"end":{"line":300,"column":86}},"45":{"start":{"line":301,"column":16},"end":{"line":301,"column":96}},"46":{"start":{"line":303,"column":16},"end":{"line":303,"column":10325}},"47":{"start":{"line":304,"column":20},"end":{"line":304,"column":10412}},"48":{"start":{"line":310,"column":24},"end":{"line":310,"column":60}},"49":{"start":{"line":314,"column":20},"end":{"line":314,"column":52}},"50":{"start":{"line":316,"column":23},"end":{"line":316,"column":11009}},"51":{"start":{"line":317,"column":20},"end":{"line":317,"column":11106}},"52":{"start":{"line":320,"column":24},"end":{"line":320,"column":56}},"53":{"start":{"line":325,"column":24},"end":{"line":325,"column":73}},"54":{"start":{"line":326,"column":24},"end":{"line":326,"column":63}},"55":{"start":{"line":330,"column":20},"end":{"line":330,"column":67}},"56":{"start":{"line":333,"column":16},"end":{"line":333,"column":54}},"57":{"start":{"line":338,"column":8},"end":{"line":338,"column":61}},"58":{"start":{"line":339,"column":8},"end":{"line":339,"column":84}},"59":{"start":{"line":366,"column":8},"end":{"line":366,"column":49}},"60":{"start":{"line":369,"column":8},"end":{"line":369,"column":57}},"61":{"start":{"line":370,"column":8},"end":{"line":370,"column":54}},"62":{"start":{"line":376,"column":8},"end":{"line":376,"column":54}},"63":{"start":{"line":377,"column":8},"end":{"line":377,"column":33}},"64":{"start":{"line":379,"column":8},"end":{"line":379,"column":13744}},"65":{"start":{"line":382,"column":12},"end":{"line":382,"column":81}},"66":{"start":{"line":383,"column":12},"end":{"line":383,"column":29}},"67":{"start":{"line":384,"column":15},"end":{"line":384,"column":14072}},"68":{"start":{"line":385,"column":12},"end":{"line":385,"column":14131}},"69":{"start":{"line":388,"column":16},"end":{"line":388,"column":75}},"70":{"start":{"line":389,"column":16},"end":{"line":389,"column":33}},"71":{"start":{"line":393,"column":16},"end":{"line":393,"column":49}},"72":{"start":{"line":394,"column":16},"end":{"line":394,"column":33}},"73":{"start":{"line":397,"column":16},"end":{"line":397,"column":101}},"74":{"start":{"line":398,"column":16},"end":{"line":398,"column":33}},"75":{"start":{"line":402,"column":12},"end":{"line":402,"column":60}},"76":{"start":{"line":403,"column":12},"end":{"line":403,"column":90}},"77":{"start":{"line":405,"column":12},"end":{"line":405,"column":15218}},"78":{"start":{"line":408,"column":16},"end":{"line":408,"column":99}},"79":{"start":{"line":409,"column":16},"end":{"line":409,"column":94}},"80":{"start":{"line":410,"column":16},"end":{"line":410,"column":33}},"81":{"start":{"line":413,"column":16},"end":{"line":413,"column":82}},"82":{"start":{"line":414,"column":16},"end":{"line":414,"column":84}},"83":{"start":{"line":418,"column":12},"end":{"line":418,"column":62}},"84":{"start":{"line":420,"column":12},"end":{"line":420,"column":16068}},"85":{"start":{"line":424,"column":16},"end":{"line":424,"column":79}},"86":{"start":{"line":428,"column":16},"end":{"line":428,"column":55}},"87":{"start":{"line":430,"column":16},"end":{"line":430,"column":65}},"88":{"start":{"line":432,"column":16},"end":{"line":432,"column":16734}},"89":{"start":{"line":435,"column":20},"end":{"line":435,"column":106}},"90":{"start":{"line":436,"column":20},"end":{"line":436,"column":109}},"91":{"start":{"line":437,"column":23},"end":{"line":437,"column":17169}},"92":{"start":{"line":440,"column":20},"end":{"line":440,"column":111}},"93":{"start":{"line":441,"column":20},"end":{"line":441,"column":109}},"94":{"start":{"line":446,"column":20},"end":{"line":446,"column":94}},"95":{"start":{"line":450,"column":12},"end":{"line":450,"column":17956}},"96":{"start":{"line":453,"column":16},"end":{"line":453,"column":62}},"97":{"start":{"line":455,"column":16},"end":{"line":455,"column":50}},"98":{"start":{"line":456,"column":16},"end":{"line":456,"column":33}},"99":{"start":{"line":461,"column":16},"end":{"line":461,"column":67}},"100":{"start":{"line":463,"column":16},"end":{"line":463,"column":50}},"101":{"start":{"line":464,"column":16},"end":{"line":464,"column":33}},"102":{"start":{"line":466,"column":16},"end":{"line":466,"column":76}},"103":{"start":{"line":467,"column":16},"end":{"line":467,"column":33}},"104":{"start":{"line":473,"column":8},"end":{"line":473,"column":79}},"105":{"start":{"line":492,"column":8},"end":{"line":492,"column":57}},"106":{"start":{"line":495,"column":8},"end":{"line":495,"column":35}},"107":{"start":{"line":496,"column":8},"end":{"line":496,"column":32}},"108":{"start":{"line":497,"column":8},"end":{"line":497,"column":37}},"109":{"start":{"line":500,"column":8},"end":{"line":500,"column":19924}},"110":{"start":{"line":502,"column":12},"end":{"line":502,"column":38}},"111":{"start":{"line":503,"column":12},"end":{"line":503,"column":54}},"112":{"start":{"line":505,"column":12},"end":{"line":505,"column":20127}},"113":{"start":{"line":508,"column":16},"end":{"line":508,"column":63}},"114":{"start":{"line":509,"column":16},"end":{"line":509,"column":78}},"115":{"start":{"line":510,"column":19},"end":{"line":510,"column":20465}},"116":{"start":{"line":512,"column":16},"end":{"line":512,"column":63}},"117":{"start":{"line":513,"column":16},"end":{"line":513,"column":78}},"118":{"start":{"line":517,"column":16},"end":{"line":517,"column":20887}},"119":{"start":{"line":519,"column":20},"end":{"line":519,"column":78}},"120":{"start":{"line":521,"column":19},"end":{"line":521,"column":21106}},"121":{"start":{"line":524,"column":16},"end":{"line":524,"column":21310}},"122":{"start":{"line":526,"column":20},"end":{"line":526,"column":64}},"123":{"start":{"line":527,"column":20},"end":{"line":527,"column":69}},"124":{"start":{"line":528,"column":20},"end":{"line":528,"column":91}},"125":{"start":{"line":533,"column":12},"end":{"line":533,"column":63}},"126":{"start":{"line":538,"column":8},"end":{"line":538,"column":45}},"127":{"start":{"line":555,"column":8},"end":{"line":555,"column":77}},"128":{"start":{"line":556,"column":8},"end":{"line":556,"column":62}},"129":{"start":{"line":558,"column":8},"end":{"line":558,"column":22490}},"130":{"start":{"line":559,"column":12},"end":{"line":559,"column":68}},"131":{"start":{"line":560,"column":12},"end":{"line":560,"column":22622}},"132":{"start":{"line":566,"column":8},"end":{"line":566,"column":20}},"133":{"start":{"line":585,"column":8},"end":{"line":585,"column":27}},"134":{"start":{"line":587,"column":8},"end":{"line":587,"column":23295}},"135":{"start":{"line":589,"column":12},"end":{"line":589,"column":53}},"136":{"start":{"line":592,"column":12},"end":{"line":592,"column":50}},"137":{"start":{"line":595,"column":8},"end":{"line":595,"column":47}},"138":{"start":{"line":612,"column":8},"end":{"line":612,"column":82}},"139":{"start":{"line":630,"column":8},"end":{"line":630,"column":52}},"140":{"start":{"line":647,"column":8},"end":{"line":647,"column":79}},"141":{"start":{"line":665,"column":8},"end":{"line":665,"column":25348}},"142":{"start":{"line":666,"column":12},"end":{"line":666,"column":27}},"143":{"start":{"line":668,"column":12},"end":{"line":668,"column":56}},"144":{"start":{"line":686,"column":8},"end":{"line":686,"column":25851}},"145":{"start":{"line":687,"column":12},"end":{"line":687,"column":38}},"146":{"start":{"line":688,"column":15},"end":{"line":688,"column":25956}},"147":{"start":{"line":689,"column":12},"end":{"line":689,"column":51}},"148":{"start":{"line":690,"column":12},"end":{"line":690,"column":41}},"149":{"start":{"line":692,"column":12},"end":{"line":692,"column":26130}},"150":{"start":{"line":693,"column":16},"end":{"line":693,"column":40}},"151":{"start":{"line":694,"column":19},"end":{"line":694,"column":26254}},"152":{"start":{"line":695,"column":16},"end":{"line":695,"column":45}},"153":{"start":{"line":699,"column":8},"end":{"line":699,"column":34}},"154":{"start":{"line":719,"column":8},"end":{"line":719,"column":21}},"155":{"start":{"line":720,"column":8},"end":{"line":720,"column":26891}},"156":{"start":{"line":723,"column":8},"end":{"line":723,"column":16}},"157":{"start":{"line":740,"column":8},"end":{"line":740,"column":60}},"158":{"start":{"line":742,"column":8},"end":{"line":742,"column":27417}},"159":{"start":{"line":762,"column":8},"end":{"line":762,"column":55}},"160":{"start":{"line":763,"column":8},"end":{"line":763,"column":27962}},"161":{"start":{"line":764,"column":12},"end":{"line":764,"column":57}},"162":{"start":{"line":766,"column":8},"end":{"line":766,"column":29}},"163":{"start":{"line":785,"column":8},"end":{"line":785,"column":43}},"164":{"start":{"line":786,"column":8},"end":{"line":786,"column":53}},"165":{"start":{"line":787,"column":8},"end":{"line":787,"column":73}},"166":{"start":{"line":788,"column":8},"end":{"line":788,"column":48}},"167":{"start":{"line":789,"column":8},"end":{"line":789,"column":29}},"168":{"start":{"line":811,"column":8},"end":{"line":811,"column":43}},"169":{"start":{"line":812,"column":8},"end":{"line":812,"column":52}},"170":{"start":{"line":813,"column":8},"end":{"line":813,"column":73}},"171":{"start":{"line":814,"column":8},"end":{"line":814,"column":48}},"172":{"start":{"line":815,"column":8},"end":{"line":815,"column":29}},"173":{"start":{"line":829,"column":8},"end":{"line":829,"column":60}},"174":{"start":{"line":830,"column":8},"end":{"line":830,"column":30021}},"175":{"start":{"line":831,"column":12},"end":{"line":831,"column":34}},"176":{"start":{"line":833,"column":8},"end":{"line":833,"column":29}},"177":{"start":{"line":852,"column":8},"end":{"line":852,"column":63}},"178":{"start":{"line":853,"column":8},"end":{"line":853,"column":85}},"179":{"start":{"line":854,"column":8},"end":{"line":854,"column":41}},"180":{"start":{"line":875,"column":8},"end":{"line":875,"column":93}},"181":{"start":{"line":876,"column":8},"end":{"line":876,"column":65}},"182":{"start":{"line":877,"column":8},"end":{"line":877,"column":41}},"183":{"start":{"line":896,"column":8},"end":{"line":896,"column":58}},"184":{"start":{"line":897,"column":8},"end":{"line":897,"column":45}},"185":{"start":{"line":898,"column":8},"end":{"line":898,"column":53}},"186":{"start":{"line":899,"column":8},"end":{"line":899,"column":44}},"187":{"start":{"line":900,"column":8},"end":{"line":900,"column":47}},"188":{"start":{"line":917,"column":8},"end":{"line":917,"column":32479}},"189":{"start":{"line":918,"column":12},"end":{"line":918,"column":49}},"190":{"start":{"line":920,"column":12},"end":{"line":920,"column":49}},"191":{"start":{"line":946,"column":8},"end":{"line":946,"column":67}},"192":{"start":{"line":949,"column":8},"end":{"line":949,"column":33473}},"193":{"start":{"line":950,"column":12},"end":{"line":950,"column":25}},"194":{"start":{"line":954,"column":8},"end":{"line":954,"column":33609}},"195":{"start":{"line":955,"column":12},"end":{"line":955,"column":36}},"196":{"start":{"line":958,"column":8},"end":{"line":958,"column":18}}},"branchMap":{"1":{"line":147,"type":"if","locations":[{"start":{"line":147,"column":8},"end":{"line":147,"column":8}},{"start":{"line":147,"column":8},"end":{"line":147,"column":8}}]},"2":{"line":183,"type":"if","locations":[{"start":{"line":183,"column":8},"end":{"line":183,"column":8}},{"start":{"line":183,"column":8},"end":{"line":183,"column":8}}]},"3":{"line":262,"type":"if","locations":[{"start":{"line":262,"column":12},"end":{"line":262,"column":12}},{"start":{"line":262,"column":12},"end":{"line":262,"column":12}}]},"4":{"line":264,"type":"if","locations":[{"start":{"line":264,"column":16},"end":{"line":264,"column":16}},{"start":{"line":264,"column":16},"end":{"line":264,"column":16}}]},"5":{"line":268,"type":"if","locations":[{"start":{"line":268,"column":19},"end":{"line":268,"column":19}},{"start":{"line":268,"column":19},"end":{"line":268,"column":19}}]},"6":{"line":270,"type":"if","locations":[{"start":{"line":270,"column":16},"end":{"line":270,"column":16}},{"start":{"line":270,"column":16},"end":{"line":270,"column":16}}]},"7":{"line":276,"type":"if","locations":[{"start":{"line":276,"column":16},"end":{"line":276,"column":16}},{"start":{"line":276,"column":16},"end":{"line":276,"column":16}}]},"8":{"line":282,"type":"if","locations":[{"start":{"line":282,"column":12},"end":{"line":282,"column":12}},{"start":{"line":282,"column":12},"end":{"line":282,"column":12}}]},"9":{"line":283,"type":"if","locations":[{"start":{"line":283,"column":16},"end":{"line":283,"column":16}},{"start":{"line":283,"column":16},"end":{"line":283,"column":16}}]},"10":{"line":295,"type":"if","locations":[{"start":{"line":295,"column":19},"end":{"line":295,"column":19}},{"start":{"line":295,"column":19},"end":{"line":295,"column":19}}]},"11":{"line":303,"type":"if","locations":[{"start":{"line":303,"column":16},"end":{"line":303,"column":16}},{"start":{"line":303,"column":16},"end":{"line":303,"column":16}}]},"12":{"line":304,"type":"if","locations":[{"start":{"line":304,"column":20},"end":{"line":304,"column":20}},{"start":{"line":304,"column":20},"end":{"line":304,"column":20}}]},"13":{"line":316,"type":"if","locations":[{"start":{"line":316,"column":23},"end":{"line":316,"column":23}},{"start":{"line":316,"column":23},"end":{"line":316,"column":23}}]},"14":{"line":317,"type":"if","locations":[{"start":{"line":317,"column":20},"end":{"line":317,"column":20}},{"start":{"line":317,"column":20},"end":{"line":317,"column":20}}]},"15":{"line":379,"type":"if","locations":[{"start":{"line":379,"column":8},"end":{"line":379,"column":8}},{"start":{"line":379,"column":8},"end":{"line":379,"column":8}}]},"16":{"line":384,"type":"if","locations":[{"start":{"line":384,"column":15},"end":{"line":384,"column":15}},{"start":{"line":384,"column":15},"end":{"line":384,"column":15}}]},"17":{"line":385,"type":"if","locations":[{"start":{"line":385,"column":12},"end":{"line":385,"column":12}},{"start":{"line":385,"column":12},"end":{"line":385,"column":12}}]},"18":{"line":405,"type":"if","locations":[{"start":{"line":405,"column":12},"end":{"line":405,"column":12}},{"start":{"line":405,"column":12},"end":{"line":405,"column":12}}]},"19":{"line":420,"type":"if","locations":[{"start":{"line":420,"column":12},"end":{"line":420,"column":12}},{"start":{"line":420,"column":12},"end":{"line":420,"column":12}}]},"20":{"line":432,"type":"if","locations":[{"start":{"line":432,"column":16},"end":{"line":432,"column":16}},{"start":{"line":432,"column":16},"end":{"line":432,"column":16}}]},"21":{"line":437,"type":"if","locations":[{"start":{"line":437,"column":23},"end":{"line":437,"column":23}},{"start":{"line":437,"column":23},"end":{"line":437,"column":23}}]},"22":{"line":450,"type":"if","locations":[{"start":{"line":450,"column":12},"end":{"line":450,"column":12}},{"start":{"line":450,"column":12},"end":{"line":450,"column":12}}]},"23":{"line":505,"type":"if","locations":[{"start":{"line":505,"column":12},"end":{"line":505,"column":12}},{"start":{"line":505,"column":12},"end":{"line":505,"column":12}}]},"24":{"line":510,"type":"if","locations":[{"start":{"line":510,"column":19},"end":{"line":510,"column":19}},{"start":{"line":510,"column":19},"end":{"line":510,"column":19}}]},"25":{"line":517,"type":"if","locations":[{"start":{"line":517,"column":16},"end":{"line":517,"column":16}},{"start":{"line":517,"column":16},"end":{"line":517,"column":16}}]},"26":{"line":521,"type":"if","locations":[{"start":{"line":521,"column":19},"end":{"line":521,"column":19}},{"start":{"line":521,"column":19},"end":{"line":521,"column":19}}]},"27":{"line":524,"type":"if","locations":[{"start":{"line":524,"column":16},"end":{"line":524,"column":16}},{"start":{"line":524,"column":16},"end":{"line":524,"column":16}}]},"28":{"line":587,"type":"if","locations":[{"start":{"line":587,"column":8},"end":{"line":587,"column":8}},{"start":{"line":587,"column":8},"end":{"line":587,"column":8}}]},"29":{"line":665,"type":"if","locations":[{"start":{"line":665,"column":8},"end":{"line":665,"column":8}},{"start":{"line":665,"column":8},"end":{"line":665,"column":8}}]},"30":{"line":686,"type":"if","locations":[{"start":{"line":686,"column":8},"end":{"line":686,"column":8}},{"start":{"line":686,"column":8},"end":{"line":686,"column":8}}]},"31":{"line":688,"type":"if","locations":[{"start":{"line":688,"column":15},"end":{"line":688,"column":15}},{"start":{"line":688,"column":15},"end":{"line":688,"column":15}}]},"32":{"line":692,"type":"if","locations":[{"start":{"line":692,"column":12},"end":{"line":692,"column":12}},{"start":{"line":692,"column":12},"end":{"line":692,"column":12}}]},"33":{"line":694,"type":"if","locations":[{"start":{"line":694,"column":19},"end":{"line":694,"column":19}},{"start":{"line":694,"column":19},"end":{"line":694,"column":19}}]},"34":{"line":917,"type":"if","locations":[{"start":{"line":917,"column":8},"end":{"line":917,"column":8}},{"start":{"line":917,"column":8},"end":{"line":917,"column":8}}]}}},"contracts/optimistic-ethereum/libraries/trie/Lib_SecureMerkleTrie.sol":{"l":{"41":15,"42":15,"66":0,"67":0,"93":12,"94":12,"117":20,"118":20,"137":0,"138":0,"160":47},"path":"/Users/maurelian/Projects/Optimism/protocol/contracts/optimistic-ethereum/libraries/trie/Lib_SecureMerkleTrie.sol","s":{"1":15,"2":15,"3":0,"4":0,"5":12,"6":12,"7":20,"8":20,"9":0,"10":0,"11":47},"b":{},"f":{"1":15,"2":0,"3":12,"4":20,"5":0,"6":47},"fnMap":{"1":{"name":"verifyInclusionProof","line":29,"loc":{"start":{"line":29,"column":4},"end":{"line":43,"column":4}}},"2":{"name":"verifyExclusionProof","line":55,"loc":{"start":{"line":55,"column":4},"end":{"line":68,"column":4}}},"3":{"name":"update","line":81,"loc":{"start":{"line":81,"column":4},"end":{"line":95,"column":4}}},"4":{"name":"get","line":105,"loc":{"start":{"line":105,"column":4},"end":{"line":119,"column":4}}},"5":{"name":"getSingleNodeRootHash","line":127,"loc":{"start":{"line":127,"column":4},"end":{"line":139,"column":4}}},"6":{"name":"_getSecureKey","line":151,"loc":{"start":{"line":151,"column":4},"end":{"line":161,"column":4}}}},"statementMap":{"1":{"start":{"line":41,"column":8},"end":{"line":41,"column":46}},"2":{"start":{"line":42,"column":8},"end":{"line":42,"column":78}},"3":{"start":{"line":66,"column":8},"end":{"line":66,"column":46}},"4":{"start":{"line":67,"column":8},"end":{"line":67,"column":70}},"5":{"start":{"line":93,"column":8},"end":{"line":93,"column":46}},"6":{"start":{"line":94,"column":8},"end":{"line":94,"column":64}},"7":{"start":{"line":117,"column":8},"end":{"line":117,"column":46}},"8":{"start":{"line":118,"column":8},"end":{"line":118,"column":53}},"9":{"start":{"line":137,"column":8},"end":{"line":137,"column":46}},"10":{"start":{"line":138,"column":8},"end":{"line":138,"column":64}},"11":{"start":{"line":160,"column":8},"end":{"line":160,"column":48}}},"branchMap":{}},"contracts/optimistic-ethereum/libraries/utils/Lib_Bytes32Utils.sol":{"l":{"27":40,"44":2,"61":31,"78":19,"95":3,"97":3,"115":3},"path":"/Users/maurelian/Projects/Optimism/protocol/contracts/optimistic-ethereum/libraries/utils/Lib_Bytes32Utils.sol","s":{"1":40,"2":2,"3":31,"4":19,"5":3,"6":3},"b":{},"f":{"1":40,"2":2,"3":31,"4":19,"5":3},"fnMap":{"1":{"name":"toBool","line":18,"loc":{"start":{"line":18,"column":4},"end":{"line":28,"column":4}}},"2":{"name":"fromBool","line":35,"loc":{"start":{"line":35,"column":4},"end":{"line":45,"column":4}}},"3":{"name":"toAddress","line":52,"loc":{"start":{"line":52,"column":4},"end":{"line":62,"column":4}}},"4":{"name":"fromAddress","line":69,"loc":{"start":{"line":69,"column":4},"end":{"line":79,"column":4}}},"5":{"name":"removeLeadingZeros","line":86,"loc":{"start":{"line":86,"column":4},"end":{"line":116,"column":4}}}},"statementMap":{"1":{"start":{"line":27,"column":8},"end":{"line":27,"column":23}},"2":{"start":{"line":44,"column":8},"end":{"line":44,"column":44}},"3":{"start":{"line":61,"column":8},"end":{"line":61,"column":45}},"4":{"start":{"line":78,"column":8},"end":{"line":78,"column":36}},"5":{"start":{"line":95,"column":8},"end":{"line":95,"column":24}},"6":{"start":{"line":115,"column":8},"end":{"line":115,"column":18}}},"branchMap":{}},"contracts/optimistic-ethereum/libraries/utils/Lib_BytesUtils.sol":{"l":{"22":311,"23":311,"24":311,"26":308,"28":308,"81":308,"92":299,"93":73,"96":226,"106":1,"107":1,"108":1,"111":1,"121":164,"122":2,"123":2,"126":2,"129":162,"139":3,"143":15,"144":15,"145":15,"147":15,"151":15,"155":12,"156":12,"157":12,"159":12,"163":12,"167":5,"168":5,"169":5,"171":5,"175":5,"185":292,"187":292,"188":9144,"189":9144,"192":292,"202":26,"204":26,"205":708,"208":26,"219":26},"path":"/Users/maurelian/Projects/Optimism/protocol/contracts/optimistic-ethereum/libraries/utils/Lib_BytesUtils.sol","s":{"1":311,"2":311,"3":311,"4":308,"5":308,"6":299,"7":73,"8":226,"9":1,"10":1,"11":1,"12":164,"13":2,"14":2,"15":162,"16":3,"17":15,"18":15,"19":15,"20":15,"21":12,"22":12,"23":12,"24":12,"25":5,"26":5,"27":5,"28":5,"29":292,"30":292,"31":9144,"32":9144,"33":292,"34":26,"35":26,"36":708,"37":26,"38":26},"b":{"1":[311,0],"2":[311,0],"3":[308,3],"4":[73,226],"5":[2,162],"6":[15,0],"7":[15,0],"8":[12,0],"9":[12,0],"10":[5,0],"11":[5,0]},"f":{"1":311,"2":299,"3":1,"4":164,"5":3,"6":15,"7":12,"8":5,"9":292,"10":26,"11":26},"fnMap":{"1":{"name":"slice","line":13,"loc":{"start":{"line":13,"column":4},"end":{"line":82,"column":4}}},"2":{"name":"slice","line":84,"loc":{"start":{"line":84,"column":4},"end":{"line":97,"column":4}}},"3":{"name":"toBytes32PadLeft","line":99,"loc":{"start":{"line":99,"column":4},"end":{"line":112,"column":4}}},"4":{"name":"toBytes32","line":114,"loc":{"start":{"line":114,"column":4},"end":{"line":130,"column":4}}},"5":{"name":"toUint256","line":132,"loc":{"start":{"line":132,"column":4},"end":{"line":140,"column":4}}},"6":{"name":"toUint24","line":142,"loc":{"start":{"line":142,"column":4},"end":{"line":152,"column":4}}},"7":{"name":"toUint8","line":154,"loc":{"start":{"line":154,"column":4},"end":{"line":164,"column":4}}},"8":{"name":"toAddress","line":166,"loc":{"start":{"line":166,"column":4},"end":{"line":176,"column":4}}},"9":{"name":"toNibbles","line":178,"loc":{"start":{"line":178,"column":4},"end":{"line":193,"column":4}}},"10":{"name":"fromNibbles","line":195,"loc":{"start":{"line":195,"column":4},"end":{"line":209,"column":4}}},"11":{"name":"equal","line":211,"loc":{"start":{"line":211,"column":4},"end":{"line":220,"column":4}}}},"statementMap":{"1":{"start":{"line":22,"column":8},"end":{"line":22,"column":57}},"2":{"start":{"line":23,"column":8},"end":{"line":23,"column":60}},"3":{"start":{"line":24,"column":8},"end":{"line":24,"column":70}},"4":{"start":{"line":26,"column":8},"end":{"line":26,"column":30}},"5":{"start":{"line":81,"column":8},"end":{"line":81,"column":24}},"6":{"start":{"line":92,"column":8},"end":{"line":92,"column":3245}},"7":{"start":{"line":93,"column":12},"end":{"line":93,"column":28}},"8":{"start":{"line":96,"column":8},"end":{"line":96,"column":60}},"9":{"start":{"line":106,"column":8},"end":{"line":106,"column":19}},"10":{"start":{"line":107,"column":8},"end":{"line":107,"column":62}},"11":{"start":{"line":111,"column":8},"end":{"line":111,"column":18}},"12":{"start":{"line":121,"column":8},"end":{"line":121,"column":3855}},"13":{"start":{"line":122,"column":12},"end":{"line":122,"column":23}},"14":{"start":{"line":126,"column":12},"end":{"line":126,"column":22}},"15":{"start":{"line":129,"column":8},"end":{"line":129,"column":43}},"16":{"start":{"line":139,"column":8},"end":{"line":139,"column":41}},"17":{"start":{"line":143,"column":8},"end":{"line":143,"column":57}},"18":{"start":{"line":144,"column":8},"end":{"line":144,"column":68}},"19":{"start":{"line":145,"column":8},"end":{"line":145,"column":23}},"20":{"start":{"line":151,"column":8},"end":{"line":151,"column":23}},"21":{"start":{"line":155,"column":8},"end":{"line":155,"column":56}},"22":{"start":{"line":156,"column":8},"end":{"line":156,"column":67}},"23":{"start":{"line":157,"column":8},"end":{"line":157,"column":22}},"24":{"start":{"line":163,"column":8},"end":{"line":163,"column":23}},"25":{"start":{"line":167,"column":8},"end":{"line":167,"column":59}},"26":{"start":{"line":168,"column":8},"end":{"line":168,"column":69}},"27":{"start":{"line":169,"column":8},"end":{"line":169,"column":27}},"28":{"start":{"line":175,"column":8},"end":{"line":175,"column":26}},"29":{"start":{"line":185,"column":8},"end":{"line":185,"column":59}},"30":{"start":{"line":187,"column":8},"end":{"line":187,"column":5646}},"31":{"start":{"line":188,"column":12},"end":{"line":188,"column":42}},"32":{"start":{"line":189,"column":12},"end":{"line":189,"column":61}},"33":{"start":{"line":192,"column":8},"end":{"line":192,"column":22}},"34":{"start":{"line":202,"column":8},"end":{"line":202,"column":55}},"35":{"start":{"line":204,"column":8},"end":{"line":204,"column":6036}},"36":{"start":{"line":205,"column":12},"end":{"line":205,"column":62}},"37":{"start":{"line":208,"column":8},"end":{"line":208,"column":18}},"38":{"start":{"line":219,"column":8},"end":{"line":219,"column":53}}},"branchMap":{"1":{"line":22,"type":"if","locations":[{"start":{"line":22,"column":8},"end":{"line":22,"column":8}},{"start":{"line":22,"column":8},"end":{"line":22,"column":8}}]},"2":{"line":23,"type":"if","locations":[{"start":{"line":23,"column":8},"end":{"line":23,"column":8}},{"start":{"line":23,"column":8},"end":{"line":23,"column":8}}]},"3":{"line":24,"type":"if","locations":[{"start":{"line":24,"column":8},"end":{"line":24,"column":8}},{"start":{"line":24,"column":8},"end":{"line":24,"column":8}}]},"4":{"line":92,"type":"if","locations":[{"start":{"line":92,"column":8},"end":{"line":92,"column":8}},{"start":{"line":92,"column":8},"end":{"line":92,"column":8}}]},"5":{"line":121,"type":"if","locations":[{"start":{"line":121,"column":8},"end":{"line":121,"column":8}},{"start":{"line":121,"column":8},"end":{"line":121,"column":8}}]},"6":{"line":143,"type":"if","locations":[{"start":{"line":143,"column":8},"end":{"line":143,"column":8}},{"start":{"line":143,"column":8},"end":{"line":143,"column":8}}]},"7":{"line":144,"type":"if","locations":[{"start":{"line":144,"column":8},"end":{"line":144,"column":8}},{"start":{"line":144,"column":8},"end":{"line":144,"column":8}}]},"8":{"line":155,"type":"if","locations":[{"start":{"line":155,"column":8},"end":{"line":155,"column":8}},{"start":{"line":155,"column":8},"end":{"line":155,"column":8}}]},"9":{"line":156,"type":"if","locations":[{"start":{"line":156,"column":8},"end":{"line":156,"column":8}},{"start":{"line":156,"column":8},"end":{"line":156,"column":8}}]},"10":{"line":167,"type":"if","locations":[{"start":{"line":167,"column":8},"end":{"line":167,"column":8}},{"start":{"line":167,"column":8},"end":{"line":167,"column":8}}]},"11":{"line":168,"type":"if","locations":[{"start":{"line":168,"column":8},"end":{"line":168,"column":8}},{"start":{"
[...]
}},"6":{"start":{"line":90,"column":8},"end":{"line":90,"column":86}},"7":{"start":{"line":91,"column":8},"end":{"line":91,"column":91}},"8":{"start":{"line":95,"column":8},"end":{"line":95,"column":54}},"9":{"start":{"line":97,"column":8},"end":{"line":97,"column":44}},"10":{"start":{"line":98,"column":8},"end":{"line":98,"column":3657}},"11":{"start":{"line":99,"column":12},"end":{"line":99,"column":48}},"12":{"start":{"line":100,"column":12},"end":{"line":100,"column":57}},"13":{"start":{"line":101,"column":12},"end":{"line":101,"column":45}},"14":{"start":{"line":102,"column":15},"end":{"line":102,"column":3863}},"15":{"start":{"line":108,"column":12},"end":{"line":108,"column":57}},"16":{"start":{"line":109,"column":12},"end":{"line":109,"column":45}},"17":{"start":{"line":118,"column":8},"end":{"line":118,"column":4758}},"18":{"start":{"line":123,"column":12},"end":{"line":123,"column":18}},"19":{"start":{"line":127,"column":8},"end":{"line":127,"column":44}},"20":{"start":{"line":133,"column":8},"end":{"line":133,"column":5212}},"21":{"start":{"line":139,"column":8},"end":{"line":139,"column":53}},"22":{"start":{"line":144,"column":8},"end":{"line":144,"column":45}},"23":{"start":{"line":145,"column":8},"end":{"line":145,"column":72}},"24":{"start":{"line":146,"column":8},"end":{"line":146,"column":70}},"25":{"start":{"line":148,"column":8},"end":{"line":148,"column":37}},"26":{"start":{"line":149,"column":8},"end":{"line":149,"column":57}},"27":{"start":{"line":154,"column":8},"end":{"line":154,"column":45}},"28":{"start":{"line":156,"column":8},"end":{"line":156,"column":5998}},"29":{"start":{"line":160,"column":8},"end":{"line":160,"column":63}},"30":{"start":{"line":163,"column":8},"end":{"line":163,"column":44}},"31":{"start":{"line":164,"column":8},"end":{"line":164,"column":35}},"32":{"start":{"line":166,"column":8},"end":{"line":166,"column":6334}},"33":{"start":{"line":175,"column":8},"end":{"line":175,"column":38}},"34":{"start":{"line":176,"column":8},"end":{"line":176,"column":6686}},"35":{"start":{"line":182,"column":8},"end":{"line":182,"column":62}},"36":{"start":{"line":183,"column":8},"end":{"line":183,"column":65}},"37":{"start":{"line":186,"column":8},"end":{"line":186,"column":53}},"38":{"start":{"line":190,"column":8},"end":{"line":190,"column":98}},"39":{"start":{"line":193,"column":8},"end":{"line":193,"column":39}},"40":{"start":{"line":196,"column":8},"end":{"line":196,"column":68}},"41":{"start":{"line":201,"column":8},"end":{"line":201,"column":55}},"42":{"start":{"line":206,"column":8},"end":{"line":206,"column":59}}},"branchMap":{"1":{"line":81,"type":"if","locations":[{"start":{"line":81,"column":8},"end":{"line":81,"column":8}},{"start":{"line":81,"column":8},"end":{"line":81,"column":8}}]},"2":{"line":90,"type":"if","locations":[{"start":{"line":90,"column":8},"end":{"line":90,"column":8}},{"start":{"line":90,"column":8},"end":{"line":90,"column":8}}]},"3":{"line":91,"type":"if","locations":[{"start":{"line":91,"column":8},"end":{"line":91,"column":8}},{"start":{"line":91,"column":8},"end":{"line":91,"column":8}}]},"4":{"line":98,"type":"if","locations":[{"start":{"line":98,"column":8},"end":{"line":98,"column":8}},{"start":{"line":98,"column":8},"end":{"line":98,"column":8}}]},"5":{"line":102,"type":"if","locations":[{"start":{"line":102,"column":15},"end":{"line":102,"column":15}},{"start":{"line":102,"column":15},"end":{"line":102,"column":15}}]},"6":{"line":118,"type":"if","locations":[{"start":{"line":118,"column":8},"end":{"line":118,"column":8}},{"start":{"line":118,"column":8},"end":{"line":118,"column":8}}]},"7":{"line":133,"type":"if","locations":[{"start":{"line":133,"column":8},"end":{"line":133,"column":8}},{"start":{"line":133,"column":8},"end":{"line":133,"column":8}}]},"8":{"line":145,"type":"if","locations":[{"start":{"line":145,"column":8},"end":{"line":145,"column":8}},{"start":{"line":145,"column":8},"end":{"line":145,"column":8}}]},"9":{"line":146,"type":"if","locations":[{"start":{"line":146,"column":8},"end":{"line":146,"column":8}},{"start":{"line":146,"column":8},"end":{"line":146,"column":8}}]},"10":{"line":156,"type":"if","locations":[{"start":{"line":156,"column":8},"end":{"line":156,"column":8}},{"start":{"line":156,"column":8},"end":{"line":156,"column":8}}]},"11":{"line":160,"type":"if","locations":[{"start":{"line":160,"column":8},"end":{"line":160,"column":8}},{"start":{"line":160,"column":8},"end":{"line":160,"column":8}}]},"12":{"line":166,"type":"if","locations":[{"start":{"line":166,"column":8},"end":{"line":166,"column":8}},{"start":{"line":166,"column":8},"end":{"line":166,"column":8}}]},"13":{"line":176,"type":"if","locations":[{"start":{"line":176,"column":8},"end":{"line":176,"column":8}},{"start":{"line":176,"column":8},"end":{"line":176,"column":8}}]},"14":{"line":186,"type":"if","locations":[{"start":{"line":186,"column":8},"end":{"line":186,"column":8}},{"start":{"line":186,"column":8},"end":{"line":186,"column":8}}]},"15":{"line":196,"type":"if","locations":[{"start":{"line":196,"column":8},"end":{"line":196,"column":8}},{"start":{"line":196,"column":8},"end":{"line":196,"column":8}}]}}},"contracts/optimistic-ethereum/OVM/verification/OVM_FraudVerifier.sol":{"l":{"74":21,"105":12,"107":12,"108":0,"111":12,"112":12,"114":12,"123":11,"133":10,"138":9,"140":9,"171":6,"172":6,"174":6,"179":5,"184":4,"193":3,"203":2,"208":1,"211":1,"213":1,"241":12,"257":9,"278":1,"279":1,"282":1,"287":1,"290":1},"path":"/Users/maurelian/Projects/Optimism/protocol/contracts/optimistic-ethereum/OVM/verification/OVM_FraudVerifier.sol","s":{"1":21,"2":12,"3":12,"4":0,"5":12,"6":12,"7":12,"8":11,"9":10,"10":9,"11":9,"12":6,"13":6,"14":6,"15":5,"16":4,"17":3,"18":2,"19":1,"20":1,"21":1,"22":12,"23":9,"24":1,"25":1,"26":1,"27":1,"28":1},"b":{"1":[0,12],"2":[11,1],"3":[10,1],"4":[9,1],"5":[5,1],"6":[4,1],"7":[3,1],"8":[2,1],"9":[1,1]},"f":{"1":33,"2":21,"3":12,"4":6,"5":12,"6":9,"7":1},"fnMap":{"1":{"name":"constructor","line":50,"loc":{"start":{"line":47,"column":4},"end":{"line":51,"column":5}}},"2":{"name":"getStateTransitioner","line":63,"loc":{"start":{"line":63,"column":4},"end":{"line":75,"column":4}}},"3":{"name":"initializeFraudVerification","line":103,"loc":{"start":{"line":92,"column":4},"end":{"line":146,"column":4}}},"4":{"name":"finalizeFraudVerification","line":169,"loc":{"start":{"line":158,"column":4},"end":{"line":219,"column":4}}},"5":{"name":"_hasStateTransitioner","line":231,"loc":{"start":{"line":231,"column":4},"end":{"line":242,"column":4}}},"6":{"name":"_deployTransitioner","line":250,"loc":{"start":{"line":250,"column":4},"end":{"line":265,"column":4}}},"7":{"name":"_cancelStateTransition","line":272,"loc":{"start":{"line":272,"column":4},"end":{"line":295,"column":4}}}},"statementMap":{"1":{"start":{"line":74,"column":8},"end":{"line":74,"column":81}},"2":{"start":{"line":105,"column":8},"end":{"line":105,"column":68}},"3":{"start":{"line":107,"column":8},"end":{"line":107,"column":3959}},"4":{"start":{"line":108,"column":12},"end":{"line":108,"column":18}},"5":{"start":{"line":111,"column":8},"end":{"line":111,"column":122}},"6":{"start":{"line":112,"column":8},"end":{"line":112,"column":142}},"7":{"start":{"line":114,"column":8},"end":{"line":114,"column":4320}},"8":{"start":{"line":123,"column":8},"end":{"line":123,"column":4585}},"9":{"start":{"line":133,"column":8},"end":{"line":133,"column":4878}},"10":{"start":{"line":138,"column":8},"end":{"line":138,"column":76}},"11":{"start":{"line":140,"column":8},"end":{"line":140,"column":5238}},"12":{"start":{"line":171,"column":8},"end":{"line":171,"column":90}},"13":{"start":{"line":172,"column":8},"end":{"line":172,"column":122}},"14":{"start":{"line":174,"column":8},"end":{"line":174,"column":6732}},"15":{"start":{"line":179,"column":8},"end":{"line":179,"column":6888}},"16":{"start":{"line":184,"column":8},"end":{"line":184,"column":7179}},"17":{"start":{"line":193,"column":8},"end":{"line":193,"column":7444}},"18":{"start":{"line":203,"column":8},"end":{"line":203,"column":7814}},"19":{"start":{"line":208,"column":8},"end":{"line":208,"column":71}},"20":{"start":{"line":211,"column":8},"end":{"line":211,"column":142}},"21":{"start":{"line":213,"column":8},"end":{"line":213,"column":8258}},"22":{"start":{"line":241,"column":8},"end":{"line":241,"column":82}},"23":{"start":{"line":257,"column":8},"end":{"line":257,"column":9503}},"24":{"start":{"line":278,"column":8},"end":{"line":278,"column":122}},"25":{"start":{"line":279,"column":8},"end":{"line":279,"column":86}},"26":{"start":{"line":282,"column":8},"end":{"line":282,"column":10441}},"27":{"start":{"line":287,"column":8},"end":{"line":287,"column":116}},"28":{"start":{"line":290,"column":8},"end":{"line":290,"column":10767}}},"branchMap":{"1":{"line":107,"type":"if","locations":[{"start":{"line":107,"column":8},"end":{"line":107,"column":8}},{"start":{"line":107,"column":8},"end":{"line":107,"column":8}}]},"2":{"line":114,"type":"if","locations":[{"start":{"line":114,"column":8},"end":{"line":114,"column":8}},{"start":{"line":114,"column":8},"end":{"line":114,"column":8}}]},"3":{"line":123,"type":"if","locations":[{"start":{"line":123,"column":8},"end":{"line":123,"column":8}},{"start":{"line":123,"column":8},"end":{"line":123,"column":8}}]},"4":{"line":133,"type":"if","locations":[{"start":{"line":133,"column":8},"end":{"line":133,"column":8}},{"start":{"line":133,"column":8},"end":{"line":133,"column":8}}]},"5":{"line":174,"type":"if","locations":[{"start":{"line":174,"column":8},"end":{"line":174,"column":8}},{"start":{"line":174,"column":8},"end":{"line":174,"column":8}}]},"6":{"line":179,"type":"if","locations":[{"start":{"line":179,"column":8},"end":{"line":179,"column":8}},{"start":{"line":179,"column":8},"end":{"line":179,"column":8}}]},"7":{"line":184,"type":"if","locations":[{"start":{"line":184,"column":8},"end":{"line":184,"column":8}},{"start":{"line":184,"column":8},"end":{"line":184,"column":8}}]},"8":{"line":193,"type":"if","locations":[{"start":{"line":193,"column":8},"end":{"line":193,"column":8}},{"start":{"line":193,"column":8},"end":{"line":193,"column":8}}]},"9":{"line":203,"type":"if","locations":[{"start":{"line":203,"column":8},"end":{"line":203,"column":8}},{"start":{"line":203,"column":8},"end":{"line":203,"column":8}}]}}},"contracts/optimistic-ethereum/OVM/verification/OVM_StateTransitioner.sol":{"l":{"97":42,"98":42,"99":42,"100":42,"102":42,"117":13,"121":13,"141":0,"156":1,"171":1,"196":2,"205":2,"214":1,"216":1,"220":1,"221":1,"224":0,"228":1,"234":1,"247":0,"268":3,"273":3,"278":2,"279":2,"281":2,"283":0,"286":2,"295":1,"298":1,"303":0,"307":1,"331":1,"340":0,"345":0,"350":0,"355":0,"357":0,"379":2,"384":2,"389":1,"391":1,"401":1,"422":2,"427":1,"428":1,"430":1,"439":1,"442":1,"461":3,"466":2,"471":1},"path":"/Users/maurelian/Projects/Optimism/protocol/contracts/optimistic-ethereum/OVM/verification/OVM_StateTransitioner.sol","s":{"1":42,"2":42,"3":42,"4":42,"5":42,"6":13,"7":0,"8":1,"9":1,"10":2,"11":2,"12":1,"13":1,"14":1,"15":1,"16":0,"17":1,"18":1,"19":0,"20":3,"21":3,"22":2,"23":2,"24":2,"25":0,"26":2,"27":1,"28":1,"29":0,"30":1,"31":1,"32":0,"33":0,"34":0,"35":0,"36":0,"37":2,"38":2,"39":1,"40":1,"41":1,"42":2,"43":1,"44":1,"45":1,"46":1,"47":1,"48":3,"49":2,"50":1},"b":{"1":[13,0],"2":[2,0],"3":[1,0],"4":[0,1],"5":[1,0],"6":[3,0],"7":[2,1],"8":[0,2],"9":[1,0],"10":[0,1],"11":[0,0],"12":[2,0],"13":[1,1],"14":[1,1],"15":[2,1],"16":[1,1]},"f":{"1":42,"2":13,"3":0,"4":1,"5":1,"6":2,"7":3,"8":1,"9":2,"10":2,"11":3},"fnMap":{"1":{"name":"constructor","line":95,"loc":{"start":{"line":89,"column":4},"end":{"line":103,"column":4}}},"2":{"name":"onlyDuringPhase","line":114,"loc":{"start":{"line":114,"column":4},"end":{"line":122,"column":4}}},"3":{"name":"getPreStateRoot","line":133,"loc":{"start":{"line":133,"column":4},"end":{"line":142,"column":4}}},"4":{"name":"getPostStateRoot","line":148,"loc":{"start":{"line":148,"column":4},"end":{"line":157,"column":4}}},"5":{"name":"isComplete","line":163,"loc":{"start":{"line":163,"column":4},"end":{"line":172,"column":4}}},"6":{"name":"proveContractState","line":193,"loc":{"start":{"line":185,"column":4},"end":{"line":249,"column":4}}},"7":{"name":"proveStorageSlot","line":265,"loc":{"start":{"line":257,"column":4},"end":{"line":312,"column":4}}},"8":{"name":"applyTransaction","line":329,"loc":{"start":{"line":323,"column":4},"end":{"line":358,"column":4}}},"9":{"name":"commitContractState","line":377,"loc":{"start":{"line":370,"column":4},"end":{"line":404,"column":4}}},"10":{"name":"commitStorageSlot","line":420,"loc":{"start":{"line":412,"column":4},"end":{"line":446,"column":4}}},"11":{"name":"completeTransition","line":459,"loc":{"start":{"line":456,"column":4},"end":{"line":472,"column":4}}}},"statementMap":{"1":{"start":{"line":97,"column":8},"end":{"line":97,"column":51}},"2":{"start":{"line":98,"column":8},"end":{"line":98,"column":35}},"3":{"start":{"line":99,"column":8},"end":{"line":99,"column":36}},"4":{"start":{"line":100,"column":8},"end":{"line":100,"column":41}},"5":{"start":{"line":102,"column":8},"end":{"line":102,"column":107}},"6":{"start":{"line":117,"column":8},"end":{"line":117,"column":4442}},"7":{"start":{"line":141,"column":8},"end":{"line":141,"column":27}},"8":{"start":{"line":156,"column":8},"end":{"line":156,"column":28}},"9":{"start":{"line":171,"column":8},"end":{"line":171,"column":48}},"10":{"start":{"line":196,"column":8},"end":{"line":196,"column":6424}},"11":{"start":{"line":205,"column":8},"end":{"line":205,"column":6778}},"12":{"start":{"line":214,"column":8},"end":{"line":214,"column":7009}},"13":{"start":{"line":216,"column":12},"end":{"line":216,"column":7108}},"14":{"start":{"line":220,"column":12},"end":{"line":220,"column":60}},"15":{"start":{"line":221,"column":12},"end":{"line":221,"column":7300}},"16":{"start":{"line":224,"column":16},"end":{"line":224,"column":78}},"17":{"start":{"line":228,"column":16},"end":{"line":228,"column":7787}},"18":{"start":{"line":234,"column":12},"end":{"line":234,"column":8038}},"19":{"start":{"line":247,"column":12},"end":{"line":247,"column":63}},"20":{"start":{"line":268,"column":8},"end":{"line":268,"column":9237}},"21":{"start":{"line":273,"column":8},"end":{"line":273,"column":9402}},"22":{"start":{"line":278,"column":8},"end":{"line":278,"column":88}},"23":{"start":{"line":279,"column":8},"end":{"line":279,"column":21}},"24":{"start":{"line":281,"column":8},"end":{"line":281,"column":9685}},"25":{"start":{"line":283,"column":12},"end":{"line":283,"column":29}},"26":{"start":{"line":286,"column":12},"end":{"line":286,"column":9989}},"27":{"start":{"line":295,"column":12},"end":{"line":295,"column":10236}},"28":{"start":{"line":298,"column":16},"end":{"line":298,"column":10392}},"29":{"start":{"line":303,"column":16},"end":{"line":303,"column":33}},"30":{"start":{"line":307,"column":8},"end":{"line":307,"column":10652}},"31":{"start":{"line":331,"column":8},"end":{"line":331,"column":11252}},"32":{"start":{"line":340,"column":8},"end":{"line":340,"column":11732}},"33":{"start":{"line":345,"column":8},"end":{"line":345,"column":106}},"34":{"start":{"line":350,"column":8},"end":{"line":350,"column":72}},"35":{"start":{"line":355,"column":8},"end":{"line":355,"column":70}},"36":{"start":{"line":357,"column":8},"end":{"line":357,"column":45}},"37":{"start":{"line":379,"column":8},"end":{"line":379,"column":13348}},"38":{"start":{"line":384,"column":8},"end":{"line":384,"column":13526}},"39":{"start":{"line":389,"column":8},"end":{"line":389,"column":93}},"40":{"start":{"line":391,"column":8},"end":{"line":391,"column":13798}},"41":{"start":{"line":401,"column":8},"end":{"line":401,"column":14153}},"42":{"start":{"line":422,"column":8},"end":{"line":422,"column":14795}},"43":{"start":{"line":427,"column":8},"end":{"line":427,"column":93}},"44":{"start":{"line":428,"column":8},"end":{"line":428,"column":85}},"45":{"start":{"line":430,"column":8},"end":{"line":430,"column":15172}},"46":{"start":{"line":439,"column":8},"end":{"line":439,"column":63}},"47":{"start":{"line":442,"column":8},"end":{"line":442,"column":15596}},"48":{"start":{"line":461,"column":8},"end":{"line":461,"column":16010}},"49":{"start":{"line":466,"column":8},"end":{"line":466,"column":16180}},"50":{"start":{"line":471,"column":8},"end":{"line":471,"column":39}}},"branchMap":{"1":{"line":117,"type":"if","locations":[{"start":{"line":117,"column":8},"end":{"line":117,"column":8}},{"start":{"line":117,"column":8},"end":{"line":117,"column":8}}]},"2":{"line":196,"type":"if","locations":[{"start":{"line":196,"column":8},"end":{"line":196,"column":8}},{"start":{"line":196,"column":8},"end":{"line":196,"column":8}}]},"3":{"line":214,"type":"if","locations":[{"start":{"line":214,"column":8},"end":{"line":214,"column":8}},{"start":{"line":214,"column":8},"end":{"line":214,"column":8}}]},"4":{"line":221,"type":"if","locations":[{"start":{"line":221,"column":12},"end":{"line":221,"column":12}},{"start":{"line":221,"column":12},"end":{"line":221,"column":12}}]},"5":{"line":228,"type":"if","locations":[{"start":{"line":228,"column":16},"end":{"line":228,"column":16}},{"start":{"line":228,"column":16},"end":{"line":228,"column":16}}]},"6":{"line":268,"type":"if","locations":[{"start":{"line":268,"column":8},"end":{"line":268,"column":8}},{"start":{"line":268,"column":8},"end":{"line":268,"column":8}}]},"7":{"line":273,"type":"if","locations":[{"start":{"line":273,"column":8},"end":{"line":273,"column":8}},{"start":{"line":273,"column":8},"end":{"line":273,"column":8}}]},"8":{"line":281,"type":"if","locations":[{"start":{"line":281,"column":8},"end":{"line":281,"column":8}},{"start":{"line":281,"column":8},"end":{"line":281,"column":8}}]},"9":{"line":295,"type":"if","locations":[{"start":{"line":295,"column":12},"end":{"line":295,"column":12}},{"start":{"line":295,"column":12},"end":{"line":295,"column":12}}]},"10":{"line":331,"type":"if","locations":[{"start":{"line":331,"column":8},"end":{"line":331,"column":8}},{"start":{"line":331,"column":8},"end":{"line":331,"column":8}}]},"11":{"line":340,"type":"if","locations":[{"start":{"line":340,"column":8},"end":{"line":340,"column":8}},{"start":{"line":340,"column":8},"end":{"line":340,"column":8}}]},"12":{"line":379,"type":"if","locations":[{"start":{"line":379,"column":8},"end":{"line":379,"column":8}},{"start":{"line":379,"column":8},"end":{"line":379,"column":8}}]},"13":{"line":384,"type":"if","locations":[{"start":{"line":384,"column":8},"end":{"line":384,"column":8}},{"start":{"line":384,"column":8},"end":{"line":384,"column":8}}]},"14":{"line":422,"type":"if","locations":[{"start":{"line":422,"column":8},"end":{"line":422,"column":8}},{"start":{"line":422,"column":8},"end":{"line":422,"column":8}}]},"15":{"line":461,"type":"if","locations":[{"start":{"line":461,"column":8},"end":{"line":461,"column":8}},{"start":{"line":461,"column":8},"end":{"line":461,"column":8}}]},"16":{"line":466,"type":"if","locations":[{"start":{"line":466,"column":8},"end":{"line":466,"column":8}},{"start":{"line":466,"column":8},"end":{"line":466,"column":8}}]}}},"contracts/optimistic-ethereum/OVM/verification/OVM_StateTransitionerFactory.sol":{"l":{"56":1,"60":0},"path":"/Users/maurelian/Projects/Optimism/protocol/contracts/optimistic-ethereum/OVM/verification/OVM_StateTransitionerFactory.sol","s":{"1":1,"2":0},"b":{"1":[0,1]},"f":{"1":3,"2":1},"fnMap":{"1":{"name":"constructor","line":29,"loc":{"start":{"line":26,"column":4},"end":{"line":30,"column":5}}},"2":{"name":"create","line":44,"loc":{"start":{"line":44,"column":4},"end":{"line":66,"column":4}}}},"statementMap":{"1":{"start":{"line":56,"column":8},"end":{"line":56,"column":1919}},"2":{"start":{"line":60,"column":8},"end":{"line":60,"column":2068}}},"branchMap":{"1":{"line":56,"type":"if","locations":[{"start":{"line":56,"column":8},"end":{"line":56,"column":8}},{"start":{"line":56,"column":8},"end":{"line":56,"column":8}}]}}}}