TN:
SF:/Users/maurelian/Projects/Optimism/protocol/contracts/optimistic-ethereum/iOVM/accounts/iOVM_ECDSAContractAccount.sol
FNF:0
FNH:0
LF:0
LH:0
BRF:0
BRH:0
end_of_record
TN:
SF:/Users/maurelian/Projects/Optimism/protocol/contracts/optimistic-ethereum/iOVM/bridge/messaging/iAbs_BaseCrossDomainMessenger.sol
FNF:0
FNH:0
LF:0
LH:0
BRF:0
BRH:0
end_of_record
TN:
SF:/Users/maurelian/Projects/Optimism/protocol/contracts/optimistic-ethereum/iOVM/bridge/messaging/iOVM_L1CrossDomainMessenger.sol
FNF:0
FNH:0
LF:0
LH:0
BRF:0
BRH:0
end_of_record
TN:
SF:/Users/maurelian/Projects/Optimism/protocol/contracts/optimistic-ethereum/iOVM/bridge/messaging/iOVM_L1MultiMessageRelayer.sol
FNF:0
FNH:0
LF:0
LH:0
BRF:0
BRH:0
end_of_record
TN:
SF:/Users/maurelian/Projects/Optimism/protocol/contracts/optimistic-ethereum/iOVM/bridge/messaging/iOVM_L2CrossDomainMessenger.sol
FNF:0
FNH:0
LF:0
LH:0
BRF:0
BRH:0
end_of_record
TN:
SF:/Users/maurelian/Projects/Optimism/protocol/contracts/optimistic-ethereum/iOVM/bridge/tokens/iOVM_L1ETHGateway.sol
FNF:0
FNH:0
LF:0
LH:0
BRF:0
BRH:0
end_of_record
TN:
SF:/Users/maurelian/Projects/Optimism/protocol/contracts/optimistic-ethereum/iOVM/bridge/tokens/iOVM_L1TokenGateway.sol
FNF:0
FNH:0
LF:0
LH:0
BRF:0
BRH:0
end_of_record
TN:
SF:/Users/maurelian/Projects/Optimism/protocol/contracts/optimistic-ethereum/iOVM/bridge/tokens/iOVM_L2DepositedToken.sol
FNF:0
FNH:0
LF:0
LH:0
BRF:0
BRH:0
end_of_record
TN:
SF:/Users/maurelian/Projects/Optimism/protocol/contracts/optimistic-ethereum/iOVM/chain/iOVM_CanonicalTransactionChain.sol
FNF:0
FNH:0
LF:0
LH:0
BRF:0
BRH:0
end_of_record
TN:
SF:/Users/maurelian/Projects/Optimism/protocol/contracts/optimistic-ethereum/iOVM/chain/iOVM_ChainStorageContainer.sol
FNF:0
FNH:0
LF:0
LH:0
BRF:0
BRH:0
end_of_record
TN:
SF:/Users/maurelian/Projects/Optimism/protocol/contracts/optimistic-ethereum/iOVM/chain/iOVM_StateCommitmentChain.sol
FNF:0
FNH:0
LF:0
LH:0
BRF:0
BRH:0
end_of_record
TN:
SF:/Users/maurelian/Projects/Optimism/protocol/contracts/optimistic-ethereum/iOVM/execution/iOVM_ExecutionManager.sol
FNF:0
FNH:0
LF:0
LH:0
BRF:0
BRH:0
end_of_record
TN:
SF:/Users/maurelian/Projects/Optimism/protocol/contracts/optimistic-ethereum/iOVM/execution/iOVM_SafetyChecker.sol
FNF:0
FNH:0
LF:0
LH:0
BRF:0
BRH:0
end_of_record
TN:
SF:/Users/maurelian/Projects/Optimism/protocol/contracts/optimistic-ethereum/iOVM/execution/iOVM_StateManager.sol
FNF:0
FNH:0
LF:0
LH:0
BRF:0
BRH:0
end_of_record
TN:
SF:/Users/maurelian/Projects/Optimism/protocol/contracts/optimistic-ethereum/iOVM/execution/iOVM_StateManagerFactory.sol
FNF:0
FNH:0
LF:0
LH:0
BRF:0
BRH:0
end_of_record
TN:
SF:/Users/maurelian/Projects/Optimism/protocol/contracts/optimistic-ethereum/iOVM/predeploys/iOVM_DeployerWhitelist.sol
FNF:0
FNH:0
LF:0
LH:0
BRF:0
BRH:0
end_of_record
TN:
SF:/Users/maurelian/Projects/Optimism/protocol/contracts/optimistic-ethereum/iOVM/predeploys/iOVM_ERC20.sol
FNF:0
FNH:0
LF:0
LH:0
BRF:0
BRH:0
end_of_record
TN:
SF:/Users/maurelian/Projects/Optimism/protocol/contracts/optimistic-ethereum/iOVM/predeploys/iOVM_L1MessageSender.sol
FNF:0
FNH:0
LF:0
LH:0
BRF:0
BRH:0
end_of_record
TN:
SF:/Users/maurelian/Projects/Optimism/protocol/contracts/optimistic-ethereum/iOVM/predeploys/iOVM_L2ToL1MessagePasser.sol
FNF:0
FNH:0
LF:0
LH:0
BRF:0
BRH:0
end_of_record
TN:
SF:/Users/maurelian/Projects/Optimism/protocol/contracts/optimistic-ethereum/iOVM/verification/iOVM_BondManager.sol
FNF:0
FNH:0
LF:0
LH:0
BRF:0
BRH:0
end_of_record
TN:
SF:/Users/maurelian/Projects/Optimism/protocol/contracts/optimistic-ethereum/iOVM/verification/iOVM_FraudVerifier.sol
FNF:0
FNH:0
LF:0
LH:0
BRF:0
BRH:0
end_of_record
TN:
SF:/Users/maurelian/Projects/Optimism/protocol/contracts/optimistic-ethereum/iOVM/verification/iOVM_StateTransitioner.sol
FNF:0
FNH:0
LF:0
LH:0
BRF:0
BRH:0
end_of_record
TN:
SF:/Users/maurelian/Projects/Optimism/protocol/contracts/optimistic-ethereum/iOVM/verification/iOVM_StateTransitionerFactory.sol
FNF:0
FNH:0
LF:0
LH:0
BRF:0
BRH:0
end_of_record
TN:
SF:/Users/maurelian/Projects/Optimism/protocol/contracts/optimistic-ethereum/libraries/bridge/OVM_CrossDomainEnabled.sol
FN:20,constructor
FN:34,onlyFromCrossDomainAccount
FN:58,getCrossDomainMessenger
FN:74,sendCrossDomainMessage
FNF:4
FNH:4
FNDA:78,constructor
FNDA:9,onlyFromCrossDomainAccount
FNDA:22,getCrossDomainMessenger
FNDA:7,sendCrossDomainMessage
DA:23,78
DA:37,9
DA:42,6
DA:47,3
DA:65,22
DA:79,7
LF:6
LH:6
BRDA:37,1,0,6
BRDA:37,1,1,3
BRDA:42,2,0,3
BRDA:42,2,1,3
BRF:4
BRH:4
end_of_record
TN:
SF:/Users/maurelian/Projects/Optimism/protocol/contracts/optimistic-ethereum/libraries/codec/Lib_OVMCodec.sol
FN:109,decodeEIP155Transaction
FN:160,decompressEIP155Transaction
FN:185,encodeEIP155Transaction
FN:230,encodeTransaction
FN:255,hashTransaction
FN:272,toEVMAccount
FN:294,encodeEVMAccount
FN:329,decodeEVMAccount
FN:353,hashBatchHeader
FNF:9
FNH:9
FNDA:7,decodeEIP155Transaction
FNDA:5,decompressEIP155Transaction
FNDA:5,encodeEIP155Transaction
FNDA:25,encodeTransaction
FNDA:25,hashTransaction
FNDA:1,toEVMAccount
FNDA:1,encodeEVMAccount
FNDA:6,decodeEVMAccount
FNDA:107,hashBatchHeader
DA:119,7
DA:120,1
DA:131,1
DA:141,6
DA:143,6
DA:168,5
DA:195,5
DA:196,2
DA:205,3
DA:207,3
DA:208,3
DA:209,3
DA:210,3
DA:211,1
DA:213,2
DA:215,3
DA:216,3
DA:217,3
DA:218,3
DA:219,3
DA:221,3
DA:239,25
DA:264,25
DA:281,1
DA:303,1
DA:308,1
DA:313,1
DA:318,1
DA:319,1
DA:321,1
DA:338,6
DA:340,6
DA:362,107
LF:33
LH:33
BRDA:119,1,0,1
BRDA:119,1,1,6
BRDA:195,2,0,2
BRDA:195,2,1,3
BRDA:210,3,0,1
BRDA:210,3,1,2
BRF:6
BRH:6
end_of_record
TN:
SF:/Users/maurelian/Projects/Optimism/protocol/contracts/optimistic-ethereum/libraries/resolver/Lib_AddressManager.sol
FN:37,setAddress
FN:43,getAddress
FN:58,_getNameHash
FNF:3
FNH:3
FNDA:379,setAddress
FNDA:2107,getAddress
FNDA:2486,_getNameHash
DA:39,379
DA:40,379
DA:50,2107
DA:67,2486
LF:4
LH:4
BRF:0
BRH:0
end_of_record
TN:
SF:/Users/maurelian/Projects/Optimism/protocol/contracts/optimistic-ethereum/libraries/resolver/Lib_AddressResolver.sol
FN:26,constructor
FN:37,resolve
FNF:2
FNH:2
FNDA:1041,constructor
FNDA:2076,resolve
DA:29,1041
DA:46,2076
LF:2
LH:2
BRF:0
BRH:0
end_of_record
TN:
SF:/Users/maurelian/Projects/Optimism/protocol/contracts/optimistic-ethereum/libraries/resolver/Lib_Ownable.sol
FN:31,constructor
FN:41,onlyOwner
FN:57,renounceOwnership
FN:66,transferOwnership
FNF:4
FNH:2
FNDA:120,constructor
FNDA:379,onlyOwner
FNDA:0,renounceOwnership
FNDA:0,transferOwnership
DA:32,120
DA:33,120
DA:42,379
DA:46,379
DA:59,0
DA:60,0
DA:68,0
DA:73,0
DA:74,0
LF:9
LH:4
BRDA:42,1,0,379
BRDA:42,1,1,0
BRDA:68,2,0,0
BRDA:68,2,1,0
BRF:4
BRH:1
end_of_record
TN:
SF:/Users/maurelian/Projects/Optimism/protocol/contracts/optimistic-ethereum/libraries/resolver/Lib_ResolvedDelegateProxy.sol
FN:37,constructor
FN:51,
FNF:2
FNH:2
FNDA:36,constructor
FNDA:31,
DA:42,36
DA:43,36
DA:54,31
DA:55,31
DA:60,31
DA:62,31
DA:63,22
DA:67,9
LF:8
LH:8
BRDA:55,1,0,31
BRDA:55,1,1,0
BRDA:62,2,0,22
BRDA:62,2,1,9
BRF:4
BRH:3
end_of_record
TN:
SF:/Users/maurelian/Projects/Optimism/protocol/contracts/optimistic-ethereum/libraries/rlp/Lib_RLPReader.sol
FN:46,toRLPItem
FN:71,readList
FN:135,readList
FN:154,readBytes
FN:182,readBytes
FN:201,readString
FN:218,readString
FN:237,readBytes32
FN:281,readBytes32
FN:300,readUint256
FN:317,readUint256
FN:336,readBool
FN:364,readBool
FN:383,readAddress
FN:409,readAddress
FN:428,readRawBytes
FN:452,_decodeLength
FN:557,_copy
FN:609,_copy
FNF:19
FNH:18
FNDA:512,toRLPItem
FNDA:450,readList
FNDA:450,readList
FNDA:651,readBytes
FNDA:4,readBytes
FNDA:5,readString
FNDA:5,readString
FNDA:68,readBytes32
FNDA:0,readBytes32
FNDA:56,readUint256
FNDA:8,readUint256
FNDA:2,readBool
FNDA:2,readBool
FNDA:7,readAddress
FNDA:1,readAddress
FNDA:776,readRawBytes
FNDA:5399,_decodeLength
FNDA:1427,_copy
FNDA:776,_copy
DA:55,512
DA:56,512
DA:60,512
DA:80,450
DA:86,446
DA:95,446
DA:97,446
DA:98,446
DA:99,446
DA:100,4230
DA:105,4230
DA:113,4230
DA:118,4230
DA:119,4230
DA:123,446
DA:127,446
DA:144,450
DA:163,651
DA:169,651
DA:174,651
DA:191,4
DA:210,5
DA:227,5
DA:246,68
DA:251,68
DA:257,68
DA:262,68
DA:263,68
DA:264,68
DA:273,68
DA:290,0
DA:309,56
DA:326,8
DA:345,2
DA:350,2
DA:351,2
DA:352,2
DA:356,2
DA:373,2
DA:392,7
DA:393,1
DA:396,6
DA:401,6
DA:418,1
DA:437,776
DA:463,5399
DA:468,5395
DA:469,5395
DA:470,5395
DA:474,5395
DA:477,33
DA:481,4334
DA:483,4334
DA:488,4334
DA:491,536
DA:493,536
DA:498,536
DA:499,536
DA:507,536
DA:512,536
DA:515,89
DA:517,89
DA:522,89
DA:525,403
DA:527,403
DA:532,403
DA:533,403
DA:541,403
DA:546,403
DA:568,1427
DA:569,1427
DA:570,1
DA:573,1426
DA:574,1426
DA:575,1426
DA:580,1426
DA:581,2634
DA:585,2634
DA:586,2634
DA:590,1426
DA:591,1426
DA:601,1426
DA:618,776
LF:83
LH:82
BRDA:86,1,0,446
BRDA:86,1,1,0
BRDA:100,2,0,4230
BRDA:100,2,1,0
BRDA:169,3,0,651
BRDA:169,3,1,0
BRDA:246,4,0,68
BRDA:246,4,1,0
BRDA:257,5,0,68
BRDA:257,5,1,0
BRDA:345,6,0,2
BRDA:345,6,1,0
BRDA:392,7,0,1
BRDA:392,7,1,6
BRDA:396,8,0,6
BRDA:396,8,1,0
BRDA:463,9,0,5395
BRDA:463,9,1,4
BRDA:474,10,0,33
BRDA:474,10,1,5362
BRDA:478,11,0,4334
BRDA:478,11,1,1028
BRDA:483,12,0,4334
BRDA:483,12,1,0
BRDA:489,13,0,536
BRDA:489,13,1,492
BRDA:493,14,0,536
BRDA:493,14,1,0
BRDA:507,15,0,536
BRDA:507,15,1,0
BRDA:513,16,0,89
BRDA:513,16,1,403
BRDA:517,17,0,89
BRDA:517,17,1,0
BRDA:527,18,0,403
BRDA:527,18,1,0
BRDA:541,19,0,403
BRDA:541,19,1,0
BRDA:569,20,0,1
BRDA:569,20,1,1426
BRF:40
BRH:27
end_of_record
TN:
SF:/Users/maurelian/Projects/Optimism/protocol/contracts/optimistic-ethereum/libraries/rlp/Lib_RLPWriter.sol
FN:23,writeBytes
FN:48,writeList
FN:66,writeString
FN:83,writeAddress
FN:100,writeUint
FN:117,writeBool
FN:142,_writeLength
FN:181,_toBinary
FN:214,_memcpy
FN:248,_flatten
FNF:10
FNH:9
FNDA:324,writeBytes
FNDA:157,writeList
FNDA:139,writeString
FNDA:30,writeAddress
FNDA:52,writeUint
FNDA:0,writeBool
FNDA:465,_writeLength
FNDA:52,_toBinary
FNDA:1030,_memcpy
FNDA:157,_flatten
DA:32,324
DA:34,324
DA:35,16
DA:37,308
DA:40,324
DA:57,157
DA:58,157
DA:75,139
DA:92,30
DA:109,52
DA:126,0
DA:127,0
DA:128,0
DA:152,465
DA:154,465
DA:155,415
DA:156,415
DA:158,50
DA:159,50
DA:160,50
DA:161,72
DA:162,72
DA:165,50
DA:166,50
DA:167,50
DA:168,72
DA:172,465
DA:190,52
DA:192,52
DA:193,52
DA:194,1643
DA:195,24
DA:199,52
DA:200,52
DA:201,45
DA:204,52
DA:222,1030
DA:223,1030
DA:224,1030
DA:226,1030
DA:227,420
DA:230,420
DA:231,420
DA:234,1030
DA:235,1030
DA:257,157
DA:258,8
DA:261,149
DA:262,149
DA:263,149
DA:264,1030
DA:267,149
DA:268,149
DA:269,149
DA:271,149
DA:272,1030
DA:274,1030
DA:275,1030
DA:277,1030
DA:278,1030
DA:281,149
LF:61
LH:58
BRDA:34,1,0,16
BRDA:34,1,1,308
BRDA:154,2,0,415
BRDA:154,2,1,50
BRDA:194,3,0,24
BRDA:194,3,1,1619
BRDA:257,4,0,8
BRDA:257,4,1,149
BRF:8
BRH:8
end_of_record
TN:
SF:/Users/maurelian/Projects/Optimism/protocol/contracts/optimistic-ethereum/libraries/standards/IUniswapV2ERC20.sol
FNF:0
FNH:0
LF:0
LH:0
BRF:0
BRH:0
end_of_record
TN:
SF:/Users/maurelian/Projects/Optimism/protocol/contracts/optimistic-ethereum/libraries/standards/UniSafeMath.sol
FN:7,add
FN:11,sub
FN:15,mul
FNF:3
FNH:2
FNDA:6,add
FNDA:10,sub
FNDA:0,mul
DA:8,6
DA:12,10
DA:16,0
LF:3
LH:2
BRDA:8,1,0,6
BRDA:8,1,1,0
BRDA:12,2,0,10
BRDA:12,2,1,0
BRDA:16,3,0,0
BRDA:16,3,1,0
BRF:6
BRH:2
end_of_record
TN:
SF:/Users/maurelian/Projects/Optimism/protocol/contracts/optimistic-ethereum/libraries/standards/UniswapV2ERC20.sol
FN:22,constructor
FN:44,_mint
FN:50,_burn
FN:56,_approve
FN:61,_transfer
FN:67,approve
FN:72,transfer
FN:77,transferFrom
FN:85,permit
FNF:9
FNH:8
FNDA:39,constructor
FNDA:1,_mint
FNDA:2,_burn
FNDA:2,_approve
FNDA:4,_transfer
FNDA:2,approve
FNDA:2,transfer
FNDA:2,transferFrom
FNDA:0,permit
DA:26,39
DA:27,39
DA:29,39
DA:30,39
DA:33,39
DA:45,1
DA:46,1
DA:47,1
DA:51,2
DA:52,2
DA:53,2
DA:57,2
DA:58,2
DA:62,4
DA:63,4
DA:64,4
DA:68,2
DA:69,2
DA:73,2
DA:74,2
DA:78,2
DA:79,2
DA:81,2
DA:82,2
DA:86,0
DA:87,0
DA:94,0
DA:95,0
DA:96,0
LF:29
LH:24
BRDA:78,1,0,2
BRDA:78,1,1,0
BRDA:86,2,0,0
BRDA:86,2,1,0
BRDA:95,3,0,0
BRDA:95,3,1,0
BRF:6
BRH:1
end_of_record
TN:
SF:/Users/maurelian/Projects/Optimism/protocol/contracts/optimistic-ethereum/libraries/trie/Lib_MerkleTrie.sol
FN:73,verifyInclusionProof
FN:105,verifyExclusionProof
FN:134,update
FN:166,get
FN:202,getSingleNodeRootHash
FN:232,_walkNodePath
FN:354,_getNewPath
FN:482,_getUpdatedTrieRoot
FN:546,_parseProof
FN:576,_getNodeID
FN:603,_getNodePath
FN:621,_getNodeKey
FN:638,_getNodeValue
FN:656,_getNodeHash
FN:677,_getNodeType
FN:709,_getSharedNibbleLength
FN:731,_makeNode
FN:753,_makeNode
FN:775,_makeExtensionNode
FN:801,_makeLeafNode
FN:822,_makeEmptyBranchNode
FN:842,_editBranchValue
FN:864,_editBranchIndex
FN:886,_addHexPrefix
FN:908,_removeHexPrefix
FN:934,_joinNodeArrays
FNF:26
FNH:22
FNDA:25,verifyInclusionProof
FNDA:0,verifyExclusionProof
FNDA:22,update
FNDA:77,get
FNDA:0,getSingleNodeRootHash
FNDA:95,_walkNodePath
FNDA:22,_getNewPath
FNDA:22,_getUpdatedTrieRoot
FNDA:99,_parseProof
FNDA:148,_getNodeID
FNDA:172,_getNodePath
FNDA:45,_getNodeKey
FNDA:51,_getNodeValue
FNDA:65,_getNodeHash
FNDA:87,_getNodeType
FNDA:82,_getSharedNibbleLength
FNDA:65,_makeNode
FNDA:42,_makeNode
FNDA:1,_makeExtensionNode
FNDA:22,_makeLeafNode
FNDA:0,_makeEmptyBranchNode
FNDA:0,_editBranchValue
FNDA:42,_editBranchIndex
FNDA:23,_addHexPrefix
FNDA:45,_removeHexPrefix
FNDA:22,_joinNodeArrays
DA:85,25
DA:90,24
DA:116,0
DA:120,0
DA:147,22
DA:148,0
DA:151,22
DA:152,22
DA:153,22
DA:155,22
DA:178,77
DA:179,73
DA:181,58
DA:183,58
DA:188,58
DA:190,58
DA:212,0
DA:245,95
DA:246,95
DA:248,95
DA:249,95
DA:250,95
DA:251,95
DA:254,95
DA:255,243
DA:256,243
DA:260,243
DA:262,243
DA:264,95
DA:270,148
DA:276,0
DA:282,229
DA:283,147
DA:285,0
DA:289,147
DA:290,147
DA:291,147
DA:292,147
DA:293,147
DA:296,82
DA:297,82
DA:298,82
DA:299,82
DA:300,82
DA:301,82
DA:303,82
DA:304,80
DA:310,73
DA:314,80
DA:315,80
DA:317,1
DA:320,0
DA:321,0
DA:325,1
DA:326,1
DA:327,1
DA:330,1
DA:333,0
DA:338,80
DA:339,80
DA:366,22
DA:369,22
DA:370,22
DA:376,22
DA:377,22
DA:379,22
DA:382,22
DA:383,22
DA:385,0
DA:388,0
DA:389,0
DA:393,0
DA:394,0
DA:397,0
DA:398,0
DA:402,0
DA:403,0
DA:405,0
DA:408,0
DA:409,0
DA:410,0
DA:413,0
DA:414,0
DA:418,0
DA:420,0
DA:424,0
DA:428,0
DA:430,0
DA:432,0
DA:435,0
DA:436,0
DA:440,0
DA:441,0
DA:446,0
DA:450,0
DA:453,0
DA:455,0
DA:456,0
DA:461,0
DA:463,0
DA:464,0
DA:466,0
DA:467,0
DA:473,22
DA:492,22
DA:495,22
DA:496,22
DA:497,22
DA:500,22
DA:502,65
DA:503,65
DA:505,65
DA:508,22
DA:509,22
DA:512,1
DA:513,1
DA:517,1
DA:519,1
DA:524,42
DA:526,42
DA:527,42
DA:528,42
DA:533,65
DA:538,22
DA:555,99
DA:556,95
DA:558,95
DA:559,265
DA:560,265
DA:566,95
DA:585,148
DA:587,148
DA:589,0
DA:592,148
DA:595,148
DA:612,172
DA:630,45
DA:647,51
DA:665,65
DA:666,0
DA:668,65
DA:686,87
DA:687,42
DA:689,45
DA:690,45
DA:692,45
DA:693,44
DA:695,1
DA:699,0
DA:719,82
DA:720,82
DA:721,4991
DA:723,82
DA:740,65
DA:742,65
DA:762,42
DA:763,42
DA:764,714
DA:766,42
DA:785,1
DA:786,1
DA:787,1
DA:788,1
DA:789,1
DA:811,22
DA:812,22
DA:813,22
DA:814,22
DA:815,22
DA:829,0
DA:830,0
DA:831,0
DA:833,0
DA:852,0
DA:853,0
DA:854,0
DA:875,42
DA:876,42
DA:877,42
DA:896,23
DA:897,23
DA:898,23
DA:899,23
DA:900,23
DA:917,45
DA:918,26
DA:920,19
DA:946,22
DA:949,22
DA:950,43
DA:954,22
DA:955,22
DA:958,22
LF:193
LH:139
BRDA:147,1,0,0
BRDA:147,1,1,22
BRDA:183,2,0,58
BRDA:183,2,1,0
BRDA:262,3,0,95
BRDA:262,3,1,148
BRDA:264,4,0,88
BRDA:264,4,1,7
BRDA:268,5,0,148
BRDA:268,5,1,0
BRDA:270,6,0,141
BRDA:270,6,1,7
BRDA:276,7,0,0
BRDA:276,7,1,0
BRDA:282,8,0,147
BRDA:282,8,1,82
BRDA:283,9,0,0
BRDA:283,9,1,147
BRDA:295,10,0,82
BRDA:295,10,1,0
BRDA:303,11,0,80
BRDA:303,11,1,2
BRDA:304,12,0,73
BRDA:304,12,1,7
BRDA:316,13,0,1
BRDA:316,13,1,1
BRDA:317,14,0,0
BRDA:317,14,1,1
BRDA:379,15,0,22
BRDA:379,15,1,0
BRDA:384,16,0,0
BRDA:384,16,1,0
BRDA:385,17,0,0
BRDA:385,17,1,0
BRDA:405,18,0,0
BRDA:405,18,1,0
BRDA:420,19,0,0
BRDA:420,19,1,0
BRDA:432,20,0,0
BRDA:432,20,1,0
BRDA:437,21,0,0
BRDA:437,21,1,0
BRDA:450,22,0,0
BRDA:450,22,1,0
BRDA:505,23,0,22
BRDA:505,23,1,43
BRDA:510,24,0,1
BRDA:510,24,1,42
BRDA:517,25,0,1
BRDA:517,25,1,0
BRDA:521,26,0,42
BRDA:521,26,1,0
BRDA:524,27,0,42
BRDA:524,27,1,0
BRDA:587,28,0,0
BRDA:587,28,1,148
BRDA:665,29,0,0
BRDA:665,29,1,65
BRDA:686,30,0,42
BRDA:686,30,1,45
BRDA:688,31,0,45
BRDA:688,31,1,0
BRDA:692,32,0,44
BRDA:692,32,1,1
BRDA:694,33,0,1
BRDA:694,33,1,0
BRDA:917,34,0,26
BRDA:917,34,1,19
BRF:68
BRH:38
end_of_record
TN:
SF:/Users/maurelian/Projects/Optimism/protocol/contracts/optimistic-ethereum/libraries/trie/Lib_SecureMerkleTrie.sol
FN:29,verifyInclusionProof
FN:55,verifyExclusionProof
FN:81,update
FN:105,get
FN:127,getSingleNodeRootHash
FN:151,_getSecureKey
FNF:6
FNH:4
FNDA:15,verifyInclusionProof
FNDA:0,verifyExclusionProof
FNDA:12,update
FNDA:20,get
FNDA:0,getSingleNodeRootHash
FNDA:47,_getSecureKey
DA:41,15
DA:42,15
DA:66,0
DA:67,0
DA:93,12
DA:94,12
DA:117,20
DA:118,20
DA:137,0
DA:138,0
DA:160,47
LF:11
LH:7
BRF:0
BRH:0
end_of_record
TN:
SF:/Users/maurelian/Projects/Optimism/protocol/contracts/optimistic-ethereum/libraries/utils/Lib_Bytes32Utils.sol
FN:18,toBool
FN:35,fromBool
FN:52,toAddress
FN:69,fromAddress
FN:86,removeLeadingZeros
FNF:5
FNH:5
FNDA:40,toBool
FNDA:2,fromBool
FNDA:31,toAddress
FNDA:19,fromAddress
FNDA:3,removeLeadingZeros
DA:27,40
DA:44,2
DA:61,31
DA:78,19
DA:95,3
DA:97,3
DA:115,3
LF:7
LH:7
BRF:0
BRH:0
end_of_record
TN:
SF:/Users/maurelian/Projects/Optimism/protocol/contracts/optimistic-ethereum/libraries/utils/Lib_BytesUtils.sol
FN:13,slice
FN:84,slice
FN:99,toBytes32PadLeft
FN:114,toBytes32
FN:132,toUint256
FN:142,toUint24
FN:154,toUint8
FN:166,toAddress
FN:178,toNibbles
FN:195,fromNibbles
FN:211,equal
FNF:11
FNH:11
FNDA:311,slice
FNDA:299,slice
FNDA:1,toBytes32PadLeft
FNDA:164,toBytes32
FNDA:3,toUint256
FNDA:15,toUint24
FNDA:12,toUint8
FNDA:5,toAddress
FNDA:292,toNibbles
FNDA:26,fromNibbles
FNDA:26,equal
DA:22,311
DA:23,311
DA:24,311
DA:26,308
DA:28,308
DA:81,308
DA:92,299
DA:93,73
DA:96,226
DA:106,1
DA:107,1
DA:108,1
DA:111,1
DA:121,164
DA:122,2
DA:123,2
DA:126,2
DA:129,162
DA:139,3
DA:143,15
DA:144,15
DA:145,15
DA:147,15
DA:151,15
DA:155,12
DA:156,12
DA:157,12
DA:159,12
DA:163,12
DA:167,5
DA:168,5
DA:169,5
DA:171,5
DA:175,5
DA:185,292
DA:187,292
DA:188,9144
DA:189,9144
DA:192,292
DA:202,26
DA:204,26
DA:205,708
DA:208,26
DA:219,26
LF:44
LH:44
BRDA:22,1,0,311
BRDA:22,1,1,0
BRDA:23,2,0,311
BRDA:23,2,1,0
BRDA:24,3,0,308
BRDA:24,3,1,3
BRDA:92,4,0,73
BRDA:92,4,1,226
BRDA:121,5,0,2
BRDA:121,5,1,162
BRDA:143,6,0,15
BRDA:143,6,1,0
BRDA:144,7,0,15
BRDA:144,7,1,0
BRDA:155,8,0,12
BRDA:155,8,1,0
BRDA:156,9,0,12
BRDA:156,9,1,0
BRDA:167,10,0,5
BRDA:167,10,1,0
BRDA:168,11,0,5
BRDA:168,11,1,0
BRF:22
BRH:14
end_of_record
TN:
SF:/Users/maurelian/Projects/Optimism/protocol/contracts/optimistic-ethereum/libraries/utils/Lib_ECDSAUtils.sol
FN:22,recover
FN:45,getMessageHash
FN:68,getNativeMessageHash
FN:85,getEthSignedMessageHash
FNF:4
FNH:4
FNDA:22,recover
FNDA:24,getMessageHash
FNDA:15,getNativeMessageHash
FNDA:9,getEthSignedMessageHash
DA:35,22
DA:37,22
DA:52,24
DA:53,9
DA:55,15
DA:77,15
DA:94,9
DA:95,9
DA:96,9
LF:9
LH:9
BRDA:52,1,0,9
BRDA:52,1,1,15
BRF:2
BRH:2
end_of_record
TN:
SF:/Users/maurelian/Projects/Optimism/protocol/contracts/optimistic-ethereum/libraries/utils/Lib_ErrorUtils.sol
FN:21,encodeRevertString
FNF:1
FNH:1
FNDA:10,encodeRevertString
DA:30,10
LF:1
LH:1
BRF:0
BRH:0
end_of_record
TN:
SF:/Users/maurelian/Projects/Optimism/protocol/contracts/optimistic-ethereum/libraries/utils/Lib_EthUtils.sol
FN:26,getCode
FN:52,getCode
FN:73,getCodeSize
FN:94,getCodeHash
FN:120,createContract
FN:145,getAddressForCREATE
FN:170,getAddressForCREATE2
FNF:7
FNH:6
FNDA:34,getCode
FNDA:18,getCode
FNDA:212,getCodeSize
FNDA:19,getCodeHash
FNDA:27,createContract
FNDA:27,getAddressForCREATE
FNDA:0,getAddressForCREATE2
DA:37,34
DA:44,34
DA:61,18
DA:82,212
DA:86,212
DA:103,19
DA:107,19
DA:128,27
DA:136,27
DA:155,27
DA:156,27
DA:157,27
DA:159,27
DA:160,27
DA:179,0
DA:186,0
LF:16
LH:14
BRF:0
BRH:0
end_of_record
TN:
SF:/Users/maurelian/Projects/Optimism/protocol/contracts/optimistic-ethereum/libraries/utils/Lib_Math.sol
FN:19,min
FNF:1
FNH:0
FNDA:0,min
DA:29,0
DA:30,0
DA:33,0
LF:3
LH:0
BRDA:29,1,0,0
BRDA:29,1,1,0
BRF:2
BRH:0
end_of_record
TN:
SF:/Users/maurelian/Projects/Optimism/protocol/contracts/optimistic-ethereum/libraries/utils/Lib_MerkleTree.sol
FN:23,getMerkleRoot
FN:121,verify
FN:184,_ceilLog2
FNF:3
FNH:3
FNDA:118,getMerkleRoot
FNDA:102,verify
FNDA:100,_ceilLog2
DA:32,118
DA:37,117
DA:38,0
DA:41,117
DA:61,117
DA:64,117
DA:65,117
DA:68,117
DA:71,117
DA:74,117
DA:75,117
DA:77,117
DA:78,273
DA:79,273
DA:81,273
DA:82,4620
DA:83,4620
DA:84,4620
DA:89,4620
DA:92,273
DA:93,27
DA:94,27
DA:95,27
DA:100,27
DA:103,273
DA:104,273
DA:107,117
DA:134,102
DA:139,101
DA:144,100
DA:149,99
DA:151,99
DA:152,653
DA:153,146
DA:160,507
DA:168,653
DA:171,99
DA:193,100
DA:198,100
DA:199,3
DA:204,97
DA:205,97
DA:206,97
DA:207,776
DA:208,206
DA:209,206
DA:214,97
DA:215,70
DA:218,97
LF:49
LH:48
BRDA:32,1,0,117
BRDA:32,1,1,1
BRDA:37,2,0,0
BRDA:37,2,1,117
BRDA:92,3,0,27
BRDA:92,3,1,246
BRDA:134,4,0,101
BRDA:134,4,1,1
BRDA:139,5,0,100
BRDA:139,5,1,1
BRDA:144,6,0,99
BRDA:144,6,1,1
BRDA:152,7,0,146
BRDA:152,7,1,507
BRDA:193,8,0,100
BRDA:193,8,1,0
BRDA:198,9,0,3
BRDA:198,9,1,97
BRDA:207,10,0,206
BRDA:207,10,1,570
BRDA:214,11,0,70
BRDA:214,11,1,27
BRF:22
BRH:20
end_of_record
TN:
SF:/Users/maurelian/Projects/Optimism/protocol/contracts/optimistic-ethereum/libraries/utils/Lib_ReentrancyGuard.sol
FN:37,constructor
FN:48,nonReentrant
FNF:2
FNH:2
FNDA:54,constructor
FNDA:14,nonReentrant
DA:38,54
DA:50,14
DA:53,14
DA:55,14
DA:59,6
LF:5
LH:5
BRDA:50,1,0,14
BRDA:50,1,1,0
BRF:2
BRH:1
end_of_record
TN:
SF:/Users/maurelian/Projects/Optimism/protocol/contracts/optimistic-ethereum/libraries/utils/Lib_RingBuffer.sol
FN:53,push
FN:100,push
FN:120,get
FN:179,deleteElementsAfterInclusive
FN:212,deleteElementsAfterInclusive
FN:230,getLength
FN:248,setExtraData
FN:264,getExtraData
FN:282,setContext
FN:321,getContext
FN:364,getBuffer
FNF:11
FNH:9
FNDA:572,push
FNDA:470,push
FNDA:538,get
FNDA:1,deleteElementsAfterInclusive
FNDA:0,deleteElementsAfterInclusive
FNDA:441,getLength
FNDA:0,setExtraData
FNDA:550,getExtraData
FNDA:573,setContext
FNDA:2572,getContext
FNDA:1642,getBuffer
DA:60,572
DA:61,572
DA:64,572
DA:65,134
DA:69,572
DA:70,11
DA:73,0
DA:74,0
DA:75,0
DA:78,0
DA:81,11
DA:86,572
DA:87,572
DA:90,572
DA:91,572
DA:92,572
DA:106,470
DA:108,470
DA:130,538
DA:132,538
DA:137,535
DA:138,535
DA:140,535
DA:143,535
DA:146,535
DA:151,535
DA:155,0
DA:158,0
DA:164,0
DA:169,0
DA:186,1
DA:188,1
DA:193,1
DA:197,0
DA:198,0
DA:202,1
DA:203,1
DA:204,1
DA:218,0
DA:219,0
DA:239,441
DA:240,441
DA:254,0
DA:255,0
DA:256,0
DA:273,550
DA:274,550
DA:288,573
DA:289,573
DA:291,573
DA:292,573
DA:293,573
DA:298,573
DA:299,573
DA:300,573
DA:301,573
DA:307,573
DA:308,573
DA:311,573
DA:312,0
DA:330,2572
DA:331,2572
DA:333,2572
DA:334,2572
DA:335,2572
DA:340,2572
DA:341,2572
DA:342,2572
DA:343,2572
DA:349,2572
DA:374,1642
LF:71
LH:55
BRDA:64,1,0,134
BRDA:64,1,1,438
BRDA:69,2,0,11
BRDA:69,2,1,561
BRDA:70,3,0,0
BRDA:70,3,1,11
BRDA:132,4,0,535
BRDA:132,4,1,3
BRDA:140,5,0,535
BRDA:140,5,1,0
BRDA:146,6,0,535
BRDA:146,6,1,0
BRDA:158,7,0,0
BRDA:158,7,1,0
BRDA:164,8,0,0
BRDA:164,8,1,0
BRDA:188,9,0,1
BRDA:188,9,1,0
BRDA:193,10,0,0
BRDA:193,10,1,1
BRDA:307,11,0,573
BRDA:307,11,1,0
BRDA:311,12,0,0
BRDA:311,12,1,573
BRF:24
BRH:13
end_of_record
TN:
SF:/Users/maurelian/Projects/Optimism/protocol/contracts/optimistic-ethereum/libraries/wrappers/Lib_SafeExecutionManagerWrapper.sol
FN:30,safeCALL
FN:61,safeDELEGATECALL
FN:90,safeCREATE
FN:116,safeEXTCODESIZE
FN:138,safeCHAINID
FN:157,safeCALLER
FN:176,safeADDRESS
FN:195,safeGETNONCE
FN:214,safeSETNONCE
FN:234,safeCREATEEOA
FN:257,safeREVERT
FN:277,safeREQUIRE
FN:293,safeSLOAD
FN:314,safeSSTORE
FN:339,_safeExecutionManagerInteraction
FN:367,_safeExecutionManagerInteraction
FNF:16
FNH:16
FNDA:18,safeCALL
FNDA:2,safeDELEGATECALL
FNDA:1,safeCREATE
FNDA:5,safeEXTCODESIZE
FNDA:12,safeCHAINID
FNDA:11,safeCALLER
FNDA:9,safeADDRESS
FNDA:7,safeGETNONCE
FNDA:6,safeSETNONCE
FNDA:2,safeCREATEEOA
FNDA:9,safeREVERT
FNDA:41,safeREQUIRE
FNDA:43,safeSLOAD
FNDA:21,safeSSTORE
FNDA:146,_safeExecutionManagerInteraction
FNDA:145,_safeExecutionManagerInteraction
DA:41,18
DA:50,18
DA:72,2
DA:81,2
DA:100,1
DA:108,1
DA:124,5
DA:131,5
DA:144,12
DA:150,12
DA:163,11
DA:169,11
DA:182,9
DA:188,9
DA:201,7
DA:207,7
DA:219,6
DA:242,2
DA:262,9
DA:283,41
DA:284,7
DA:301,43
DA:308,43
DA:320,21
DA:348,146
DA:349,146
DA:354,146
DA:355,2
DA:359,0
DA:363,144
DA:375,145
LF:31
LH:30
BRDA:283,1,0,7
BRDA:283,1,1,34
BRDA:354,2,0,2
BRDA:354,2,1,144
BRDA:358,3,0,0
BRDA:358,3,1,144
BRF:6
BRH:5
end_of_record
TN:
SF:/Users/maurelian/Projects/Optimism/protocol/contracts/optimistic-ethereum/libraries/wrappers/Lib_SafeMathWrapper.sol
FN:38,add
FN:55,sub
FN:69,sub
FN:86,mul
FN:112,div
FN:128,div
FN:148,mod
FN:164,mod
FNF:8
FNH:1
FNDA:0,add
FNDA:0,sub
FNDA:0,sub
FNDA:7,mul
FNDA:0,div
FNDA:0,div
FNDA:0,mod
FNDA:0,mod
DA:39,0
DA:40,0
DA:42,0
DA:56,0
DA:70,0
DA:71,0
DA:73,0
DA:90,7
DA:91,0
DA:94,7
DA:95,7
DA:97,7
DA:113,0
DA:129,0
DA:130,0
DA:133,0
DA:149,0
DA:165,0
DA:166,0
LF:19
LH:4
BRDA:90,1,0,0
BRDA:90,1,1,7
BRF:2
BRH:1
end_of_record
TN:
SF:/Users/maurelian/Projects/Optimism/protocol/contracts/optimistic-ethereum/OVM/accounts/OVM_ECDSAContractAccount.sol
FN:49,execute
FNF:1
FNH:1
FNDA:7,execute
DA:63,7
DA:69,7
DA:80,7
DA:83,7
DA:89,7
DA:102,7
DA:103,7
DA:104,7
DA:109,7
DA:115,7
DA:116,1
DA:122,1
DA:123,1
DA:125,0
DA:131,6
DA:133,6
LF:16
LH:15
BRDA:115,1,0,1
BRDA:115,1,1,6
BRDA:122,2,0,1
BRDA:122,2,1,0
BRF:4
BRH:3
end_of_record
TN:
SF:/Users/maurelian/Projects/Optimism/protocol/contracts/optimistic-ethereum/OVM/accounts/OVM_ProxyEOA.sol
FN:35,constructor
FN:47,
FN:76,upgrade
FN:93,getImplementation
FN:111,_setImplementation
FNF:5
FNH:5
FNDA:13,constructor
FNDA:1,
FNDA:2,upgrade
FNDA:2,getImplementation
FNDA:15,_setImplementation
DA:39,13
DA:50,1
DA:56,1
DA:57,1
DA:61,0
DA:81,2
DA:86,2
DA:99,2
DA:116,15
LF:9
LH:8
BRDA:56,1,0,1
BRDA:56,1,1,0
BRF:2
BRH:1
end_of_record
TN:
SF:/Users/maurelian/Projects/Optimism/protocol/contracts/optimistic-ethereum/OVM/bridge/messaging/Abs_BaseCrossDomainMessenger.sol
FN:44,constructor
FN:46,xDomainMessageSender
FN:57,sendMessage
FN:91,_getXDomainCalldata
FN:117,_sendXDomainMessage
FNF:5
FNH:4
FNDA:54,constructor
FNDA:4,xDomainMessageSender
FNDA:7,sendMessage
FNDA:21,_getXDomainCalldata
FNDA:0,_sendXDomainMessage
DA:47,4
DA:48,0
DA:65,7
DA:72,7
DA:73,7
DA:75,7
DA:76,7
DA:103,21
DA:124,0
LF:9
LH:7
BRDA:47,1,0,0
BRDA:47,1,1,4
BRF:2
BRH:1
end_of_record
TN:
SF:/Users/maurelian/Projects/Optimism/protocol/contracts/optimistic-ethereum/OVM/bridge/messaging/OVM_L1CrossDomainMessenger.sol
FN:39,constructor
FN:45,initialize
FN:63,onlyRelayer
FN:93,relayMessage
FN:144,replayMessage
FN:180,_verifyXDomainMessage
FN:201,_verifyStateRootProof
FN:228,_verifyStorageProof
FN:281,_sendXDomainMessage
FNF:9
FNH:9
FNDA:36,constructor
FNDA:12,initialize
FNDA:9,onlyRelayer
FNDA:8,relayMessage
FNDA:2,replayMessage
FNDA:8,_verifyXDomainMessage
FNDA:8,_verifyStateRootProof
FNDA:6,_verifyStorageProof
FNDA:5,_sendXDomainMessage
DA:50,12
DA:51,12
DA:52,12
DA:64,9
DA:65,9
DA:66,1
DA:71,8
DA:95,8
DA:102,8
DA:110,4
DA:112,4
DA:117,3
DA:118,3
DA:119,3
DA:123,3
DA:124,3
DA:125,3
DA:130,3
DA:137,3
DA:154,2
DA:161,2
DA:166,1
DA:190,8
DA:210,8
DA:212,8
DA:238,6
DA:250,6
DA:259,5
DA:264,5
DA:268,5
DA:288,5
LF:31
LH:31
BRDA:50,1,0,12
BRDA:50,1,1,0
BRDA:65,2,0,1
BRDA:65,2,1,8
BRDA:66,3,0,0
BRDA:66,3,1,1
BRDA:102,4,0,4
BRDA:102,4,1,4
BRDA:112,5,0,3
BRDA:112,5,1,1
BRDA:123,6,0,3
BRDA:123,6,1,0
BRDA:161,7,0,1
BRDA:161,7,1,1
BRDA:259,8,0,5
BRDA:259,8,1,0
BRF:16
BRH:12
end_of_record
TN:
SF:/Users/maurelian/Projects/Optimism/protocol/contracts/optimistic-ethereum/OVM/bridge/messaging/OVM_L1MultiMessageRelayer.sol
FN:30,constructor
FN:37,onlyBatchRelayer
FN:56,batchRelayMessages
FNF:3
FNH:3
FNDA:6,constructor
FNDA:2,onlyBatchRelayer
FNDA:1,batchRelayMessages
DA:38,2
DA:42,1
DA:58,1
DA:59,1
DA:60,3
DA:61,3
LF:6
LH:6
BRDA:38,1,0,1
BRDA:38,1,1,1
BRF:2
BRH:2
end_of_record
TN:
SF:/Users/maurelian/Projects/Optimism/protocol/contracts/optimistic-ethereum/OVM/bridge/messaging/OVM_L2CrossDomainMessenger.sol
FN:37,constructor
FN:56,relayMessage
FN:110,_verifyXDomainMessage
FN:127,_sendXDomainMessage
FNF:4
FNH:4
FNDA:18,constructor
FNDA:5,relayMessage
FNDA:5,_verifyXDomainMessage
FNDA:3,_sendXDomainMessage
DA:59,5
DA:64,4
DA:71,4
DA:73,4
DA:78,3
DA:79,3
DA:80,3
DA:84,3
DA:85,3
DA:86,3
DA:91,3
DA:98,3
DA:117,5
DA:134,3
LF:14
LH:14
BRDA:59,1,0,4
BRDA:59,1,1,1
BRDA:73,2,0,3
BRDA:73,2,1,1
BRDA:84,3,0,3
BRDA:84,3,1,0
BRF:6
BRH:5
end_of_record
TN:
SF:/Users/maurelian/Projects/Optimism/protocol/contracts/optimistic-ethereum/OVM/bridge/tokens/Abs_L1TokenGateway.sol
FN:46,constructor
FN:65,_handleFinalizeWithdrawal
FN:83,_handleInitiateDeposit
FN:100,getFinalizeDepositL2Gas
FN:118,deposit
FN:132,depositTo
FN:150,_initiateDeposit
FN:199,finalizeWithdrawal
FNF:8
FNH:6
FNDA:24,constructor
FNDA:0,_handleFinalizeWithdrawal
FNDA:0,_handleInitiateDeposit
FNDA:2,getFinalizeDepositL2Gas
FNDA:1,deposit
FNDA:1,depositTo
FNDA:2,_initiateDeposit
FNDA:1,finalizeWithdrawal
DA:48,24
DA:72,0
DA:91,0
DA:107,2
DA:124,1
DA:139,1
DA:158,2
DA:165,2
DA:172,2
DA:178,2
DA:202,1
DA:207,1
LF:12
LH:10
BRF:0
BRH:0
end_of_record
TN:
SF:/Users/maurelian/Projects/Optimism/protocol/contracts/optimistic-ethereum/OVM/bridge/tokens/Abs_L2DepositedToken.sol
FN:48,constructor
FN:59,init
FN:75,onlyInitialized
FN:95,_handleInitiateWithdrawal
FN:112,_handleFinalizeDeposit
FN:128,getFinalizeWithdrawalL1Gas
FN:153,withdraw
FN:169,withdrawTo
FN:180,_initiateWithdrawal
FN:225,finalizeDeposit
FNF:10
FNH:8
FNDA:30,constructor
FNDA:8,init
FNDA:5,onlyInitialized
FNDA:0,_handleInitiateWithdrawal
FNDA:0,_handleFinalizeDeposit
FNDA:9,getFinalizeWithdrawalL1Gas
FNDA:1,withdraw
FNDA:1,withdrawTo
FNDA:2,_initiateWithdrawal
FNDA:1,finalizeDeposit
DA:64,8
DA:66,8
DA:68,8
DA:76,5
DA:77,5
DA:102,0
DA:119,0
DA:136,9
DA:155,1
DA:171,1
DA:187,2
DA:190,2
DA:197,2
DA:203,2
DA:227,1
DA:228,1
LF:16
LH:14
BRDA:64,1,0,8
BRDA:64,1,1,0
BRDA:76,2,0,5
BRDA:76,2,1,0
BRF:4
BRH:2
end_of_record
TN:
SF:/Users/maurelian/Projects/Optimism/protocol/contracts/optimistic-ethereum/OVM/bridge/tokens/OVM_L1ERC20Gateway.sol
FN:49,constructor
FN:67,_handleInitiateDeposit
FN:90,_handleFinalizeWithdrawal
FNF:3
FNH:3
FNDA:24,constructor
FNDA:2,_handleInitiateDeposit
FNDA:1,_handleFinalizeWithdrawal
DA:51,24
DA:76,2
DA:98,1
LF:3
LH:3
BRF:0
BRH:0
end_of_record
TN:
SF:/Users/maurelian/Projects/Optimism/protocol/contracts/optimistic-ethereum/OVM/bridge/tokens/OVM_L1ETHGateway.sol
FN:48,constructor
FN:68,deposit
FN:80,depositTo
FN:96,_initiateDeposit
FN:138,finalizeWithdrawal
FN:155,_safeTransferETH
FNF:6
FNH:6
FNDA:24,constructor
FNDA:2,deposit
FNDA:1,depositTo
FNDA:3,_initiateDeposit
FNDA:1,finalizeWithdrawal
FNDA:1,_safeTransferETH
DA:50,24
DA:51,24
DA:62,0
DA:73,2
DA:87,1
DA:103,3
DA:111,3
DA:117,3
DA:140,1
DA:142,1
DA:161,1
DA:162,1
LF:12
LH:11
BRDA:162,1,0,1
BRDA:162,1,1,0
BRF:2
BRH:1
end_of_record
TN:
SF:/Users/maurelian/Projects/Optimism/protocol/contracts/optimistic-ethereum/OVM/bridge/tokens/OVM_L2DepositedERC20.sol
FN:43,constructor
FN:47,_handleInitiateWithdrawal
FN:58,_handleFinalizeDeposit
FNF:3
FNH:3
FNDA:30,constructor
FNDA:2,_handleInitiateWithdrawal
FNDA:1,_handleFinalizeDeposit
DA:54,2
DA:65,1
LF:2
LH:2
BRF:0
BRH:0
end_of_record
TN:
SF:/Users/maurelian/Projects/Optimism/protocol/contracts/optimistic-ethereum/OVM/chain/OVM_CanonicalTransactionChain.sol
FN:71,constructor
FN:87,batches
FN:104,queue
FN:121,getTotalElements
FN:137,getTotalBatches
FN:152,getNextQueueIndex
FN:168,getLastTimestamp
FN:184,getLastBlockNumber
FN:201,getQueueElement
FN:221,getNumPendingQueueElements
FN:237,getQueueLength
FN:256,enqueue
FN:337,appendQueueBatch
FN:393,appendSequencerBatch
FN:574,verifyTransaction
FN:614,_getBatchContext
FN:649,_getBatchExtraData
FN:689,_makeBatchExtraData
FN:718,_getQueueLeafHash
FN:743,_getQueueElement
FN:778,_getQueueLength
FN:800,_getSequencerLeafHash
FN:846,_getSequencerLeafHash
FN:891,_appendBatch
FN:934,_validateFirstBatchContext
FN:974,_validateContextBeforeEnqueue
FN:1013,_validateNextBatchContext
FN:1050,_validateFinalBatchContext
FN:1077,_hashTransactionChainElement
FN:1105,_verifySequencerTransaction
FN:1152,_verifyQueueTransaction
FN:1201,_verifyElement
FNF:32
FNH:27
FNDA:222,constructor
FNDA:559,batches
FNDA:382,queue
FNDA:291,getTotalElements
FNDA:0,getTotalBatches
FNDA:100,getNextQueueIndex
FNDA:0,getLastTimestamp
FNDA:0,getLastBlockNumber
FNDA:47,getQueueElement
FNDA:0,getNumPendingQueueElements
FNDA:0,getQueueLength
FNDA:239,enqueue
FNDA:1,appendQueueBatch
FNDA:104,appendSequencerBatch
FNDA:2,verifyTransaction
FNDA:232,_getBatchContext
FNDA:476,_getBatchExtraData
FNDA:81,_makeBatchExtraData
FNDA:179,_getQueueLeafHash
FNDA:267,_getQueueElement
FNDA:100,_getQueueLength
FNDA:439,_getSequencerLeafHash
FNDA:1,_getSequencerLeafHash
FNDA:81,_appendBatch
FNDA:100,_validateFirstBatchContext
FNDA:178,_validateContextBeforeEnqueue
FNDA:226,_validateNextBatchContext
FNDA:88,_validateFinalBatchContext
FNDA:179,_hashTransactionChainElement
FNDA:1,_verifySequencerTransaction
FNDA:1,_verifyQueueTransaction
FNDA:2,_verifyElement
DA:73,222
DA:74,222
DA:75,222
DA:95,559
DA:112,382
DA:129,291
DA:130,291
DA:145,0
DA:160,100
DA:161,100
DA:176,0
DA:177,0
DA:192,0
DA:193,0
DA:211,47
DA:229,0
DA:245,0
DA:264,239
DA:269,238
DA:274,237
DA:282,236
DA:283,236
DA:287,236
DA:294,235
DA:295,235
DA:296,37600
DA:299,235
DA:308,235
DA:309,235
DA:314,235
DA:316,235
DA:317,235
DA:322,235
DA:323,235
DA:345,1
DA:397,104
DA:398,104
DA:399,104
DA:400,104
DA:406,104
DA:411,103
DA:416,102
DA:421,101
DA:426,100
DA:428,100
DA:436,100
DA:437,100
DA:442,100
DA:445,100
DA:448,100
DA:451,100
DA:455,100
DA:457,100
DA:458,100
DA:459,232
DA:461,232
DA:463,100
DA:467,226
DA:475,221
DA:478,221
DA:479,439
DA:480,439
DA:484,439
DA:491,439
DA:492,439
DA:493,439
DA:497,221
DA:498,179
DA:503,178
DA:504,178
DA:505,178
DA:509,88
DA:516,82
DA:521,81
DA:527,81
DA:528,81
DA:529,81
DA:530,81
DA:532,39
DA:533,39
DA:539,42
DA:544,42
DA:545,42
DA:551,81
DA:559,81
DA:587,2
DA:588,1
DA:595,1
DA:623,232
DA:624,232
DA:625,232
DA:626,232
DA:627,232
DA:629,232
DA:636,232
DA:659,476
DA:661,476
DA:662,476
DA:663,476
DA:664,476
DA:665,476
DA:673,476
DA:701,81
DA:702,81
DA:710,81
DA:727,179
DA:756,267
DA:757,267
DA:758,265
DA:760,265
DA:761,265
DA:762,265
DA:767,265
DA:790,100
DA:813,439
DA:814,419
DA:817,439
DA:818,439
DA:820,439
DA:821,439
DA:838,439
DA:855,1
DA:856,1
DA:858,1
DA:859,1
DA:860,1
DA:862,1
DA:863,1
DA:880,1
DA:900,81
DA:901,81
DA:903,81
DA:911,81
DA:919,81
DA:920,81
DA:927,81
DA:942,100
DA:943,4
DA:945,4
DA:950,2
DA:957,96
DA:962,95
DA:982,178
DA:988,177
DA:995,176
DA:1000,174
DA:1023,226
DA:1028,225
DA:1034,224
DA:1035,175
DA:1060,88
DA:1061,3
DA:1068,85
DA:1069,83
DA:1086,179
DA:1117,1
DA:1118,1
DA:1119,1
DA:1121,1
DA:1130,1
DA:1141,1
DA:1164,1
DA:1166,1
DA:1175,1
DA:1184,1
DA:1185,1
DA:1192,1
DA:1212,2
DA:1217,2
DA:1228,2
LF:170
LH:163
BRDA:264,1,0,238
BRDA:264,1,1,1
BRDA:269,2,0,237
BRDA:269,2,1,1
BRDA:274,3,0,236
BRDA:274,3,1,1
BRDA:287,4,0,235
BRDA:287,4,1,1
BRDA:406,5,0,103
BRDA:406,5,1,1
BRDA:411,6,0,102
BRDA:411,6,1,1
BRDA:416,7,0,101
BRDA:416,7,1,1
BRDA:421,8,0,100
BRDA:421,8,1,1
BRDA:428,9,0,100
BRDA:428,9,1,0
BRDA:461,10,0,100
BRDA:461,10,1,132
BRDA:498,11,0,178
BRDA:498,11,1,1
BRDA:516,12,0,81
BRDA:516,12,1,1
BRDA:521,13,0,81
BRDA:521,13,1,0
BRDA:530,14,0,39
BRDA:530,14,1,42
BRDA:587,15,0,1
BRDA:587,15,1,1
BRDA:813,16,0,419
BRDA:813,16,1,20
BRDA:942,17,0,4
BRDA:942,17,1,96
BRDA:945,18,0,2
BRDA:945,18,1,2
BRDA:950,19,0,0
BRDA:950,19,1,2
BRDA:957,20,0,95
BRDA:957,20,1,1
BRDA:962,21,0,94
BRDA:962,21,1,1
BRDA:988,22,0,176
BRDA:988,22,1,1
BRDA:995,23,0,174
BRDA:995,23,1,2
BRDA:1000,24,0,172
BRDA:1000,24,1,2
BRDA:1023,25,0,225
BRDA:1023,25,1,1
BRDA:1028,26,0,224
BRDA:1028,26,1,1
BRDA:1034,27,0,175
BRDA:1034,27,1,49
BRDA:1060,28,0,3
BRDA:1060,28,1,85
BRDA:1068,29,0,83
BRDA:1068,29,1,2
BRDA:1069,30,0,82
BRDA:1069,30,1,1
BRDA:1121,31,0,1
BRDA:1121,31,1,0
BRDA:1130,32,0,1
BRDA:1130,32,1,0
BRDA:1166,33,0,1
BRDA:1166,33,1,0
BRDA:1185,34,0,1
BRDA:1185,34,1,0
BRDA:1212,35,0,2
BRDA:1212,35,1,0
BRDA:1217,36,0,2
BRDA:1217,36,1,0
BRF:72
BRH:63
end_of_record
TN:
SF:/Users/maurelian/Projects/Optimism/protocol/contracts/optimistic-ethereum/OVM/chain/OVM_ChainStorageContainer.sol
FN:54,constructor
FN:64,onlyOwner
FN:85,setGlobalMetadata
FN:93,getGlobalMetadata
FN:107,length
FN:126,push
FN:140,push
FN:148,get
FN:169,deleteElementsAfterInclusive
FN:185,deleteElementsAfterInclusive
FN:201,setNextOverwritableIndex
FNF:11
FNH:8
FNDA:504,constructor
FNDA:573,onlyOwner
FNDA:0,setGlobalMetadata
FNDA:550,getGlobalMetadata
FNDA:441,length
FNDA:470,push
FNDA:102,push
FNDA:538,get
FNDA:0,deleteElementsAfterInclusive
FNDA:1,deleteElementsAfterInclusive
FNDA:0,setNextOverwritableIndex
DA:56,504
DA:65,573
DA:69,573
DA:87,0
DA:101,550
DA:115,441
DA:128,470
DA:142,102
DA:158,538
DA:171,0
DA:187,1
DA:203,0
LF:12
LH:9
BRDA:65,1,0,573
BRDA:65,1,1,0
BRF:2
BRH:1
end_of_record
TN:
SF:/Users/maurelian/Projects/Optimism/protocol/contracts/optimistic-ethereum/OVM/chain/OVM_StateCommitmentChain.sol
FN:52,constructor
FN:67,batches
FN:82,getTotalElements
FN:97,getTotalBatches
FN:111,getLastSequencerTimestamp
FN:126,appendStateBatch
FN:167,deleteStateBatch
FN:194,verifyStateCommitment
FN:228,insideFraudProofWindow
FN:260,_getBatchExtraData
FN:290,_makeBatchExtraData
FN:315,_appendBatch
FN:369,_deleteBatch
FN:403,_isValidBatchHeader
FNF:14
FNH:12
FNDA:60,constructor
FNDA:125,batches
FNDA:52,getTotalElements
FNDA:24,getTotalBatches
FNDA:0,getLastSequencerTimestamp
FNDA:25,appendStateBatch
FNDA:4,deleteStateBatch
FNDA:0,verifyStateCommitment
FNDA:1,insideFraudProofWindow
FNDA:74,_getBatchExtraData
FNDA:22,_makeBatchExtraData
FNDA:22,_appendBatch
FNDA:1,_deleteBatch
FNDA:4,_isValidBatchHeader
DA:54,60
DA:55,60
DA:74,125
DA:90,52
DA:91,52
DA:105,24
DA:119,0
DA:120,0
DA:135,25
DA:141,24
DA:146,24
DA:151,23
DA:158,22
DA:173,4
DA:178,3
DA:183,1
DA:188,1
DA:206,0
DA:211,0
DA:222,0
DA:238,1
DA:243,1
DA:247,1
DA:268,74
DA:270,74
DA:271,74
DA:272,74
DA:278,74
DA:300,22
DA:301,22
DA:307,22
DA:321,22
DA:322,22
DA:324,22
DA:325,20
DA:331,2
DA:340,21
DA:348,21
DA:356,21
DA:374,1
DA:379,1
DA:384,1
DA:392,1
DA:412,4
LF:44
LH:39
BRDA:135,1,0,24
BRDA:135,1,1,1
BRDA:141,2,0,24
BRDA:141,2,1,0
BRDA:146,3,0,23
BRDA:146,3,1,1
BRDA:151,4,0,22
BRDA:151,4,1,1
BRDA:173,5,0,3
BRDA:173,5,1,1
BRDA:178,6,0,1
BRDA:178,6,1,2
BRDA:183,7,0,1
BRDA:183,7,1,0
BRDA:206,8,0,0
BRDA:206,8,1,0
BRDA:211,9,0,0
BRDA:211,9,1,0
BRDA:243,10,0,1
BRDA:243,10,1,0
BRDA:324,11,0,20
BRDA:324,11,1,2
BRDA:331,12,0,1
BRDA:331,12,1,1
BRDA:374,13,0,1
BRDA:374,13,1,0
BRDA:379,14,0,1
BRDA:379,14,1,0
BRF:28
BRH:19
end_of_record
TN:
SF:/Users/maurelian/Projects/Optimism/protocol/contracts/optimistic-ethereum/OVM/execution/OVM_ExecutionManager.sol
FN:83,constructor
FN:101,netGasCost
FN:119,fixedGasDiscount
FN:138,notStatic
FN:155,run
FN:223,ovmCALLER
FN:238,ovmADDRESS
FN:253,ovmTIMESTAMP
FN:268,ovmNUMBER
FN:283,ovmGASLIMIT
FN:298,ovmCHAINID
FN:317,ovmL1QUEUEORIGIN
FN:332,ovmL1TXORIGIN
FN:351,ovmREVERT
FN:377,ovmCREATE
FN:416,ovmCREATE2
FN:451,ovmGETNONCE
FN:470,ovmSETNONCE
FN:494,ovmCREATEEOA
FN:563,ovmCALL
FN:597,ovmSTATICCALL
FN:632,ovmDELEGATECALL
FN:664,ovmSLOAD
FN:690,ovmSSTORE
FN:714,ovmEXTCODECOPY
FN:744,ovmEXTCODESIZE
FN:763,ovmEXTCODEHASH
FN:781,getMaxTransactionGasLimit
FN:800,_checkDeployerAllowed
FN:830,_createContract
FN:875,_callContract
FN:924,_handleExternalMessage
FN:1035,_handleContractCreation
FN:1127,_hasAccount
FN:1144,_hasEmptyAccount
FN:1161,_setAccountNonce
FN:1176,_getAccountNonce
FN:1193,_getAccountEthAddress
FN:1209,_initPendingAccount
FN:1229,_commitPendingAccount
FN:1250,_getContractStorage
FN:1269,_putContractStorage
FN:1294,_checkAccountLoad
FN:1329,_checkAccountChange
FN:1360,_checkContractStorageLoad
FN:1402,_checkContractStorageChange
FN:1441,_encodeRevertData
FN:1485,_decodeRevertData
FN:1516,_revertWithFlag
FN:1537,_revertWithFlag
FN:1558,_getNuisanceGasLimit
FN:1574,_useNuisanceGas
FN:1597,_checkNeedsNewEpoch
FN:1635,_isValidGasLimit
FN:1681,_updateCumulativeGas
FN:1710,_getGasMetadata
FN:1729,_putGasMetadata
FN:1752,_switchMessageContext
FN:1778,_initContext
FN:1796,_resetContext
FN:1825,simulateMessage
FNF:61
FNH:51
FNDA:27,constructor
FNDA:55,netGasCost
FNDA:201,fixedGasDiscount
FNDA:42,notStatic
FNDA:0,run
FNDA:4,ovmCALLER
FNDA:150,ovmADDRESS
FNDA:1,ovmTIMESTAMP
FNDA:1,ovmNUMBER
FNDA:1,ovmGASLIMIT
FNDA:1,ovmCHAINID
FNDA:1,ovmL1QUEUEORIGIN
FNDA:1,ovmL1TXORIGIN
FNDA:6,ovmREVERT
FNDA:28,ovmCREATE
FNDA:1,ovmCREATE2
FNDA:3,ovmGETNONCE
FNDA:1,ovmSETNONCE
FNDA:1,ovmCREATEEOA
FNDA:154,ovmCALL
FNDA:8,ovmSTATICCALL
FNDA:10,ovmDELEGATECALL
FNDA:48,ovmSLOAD
FNDA:7,ovmSSTORE
FNDA:2,ovmEXTCODECOPY
FNDA:3,ovmEXTCODESIZE
FNDA:2,ovmEXTCODEHASH
FNDA:0,getMaxTransactionGasLimit
FNDA:29,_checkDeployerAllowed
FNDA:27,_createContract
FNDA:172,_callContract
FNDA:196,_handleExternalMessage
FNDA:27,_handleContractCreation
FNDA:0,_hasAccount
FNDA:28,_hasEmptyAccount
FNDA:29,_setAccountNonce
FNDA:57,_getAccountNonce
FNDA:369,_getAccountEthAddress
FNDA:28,_initPendingAccount
FNDA:17,_commitPendingAccount
FNDA:55,_getContractStorage
FNDA:7,_putContractStorage
FNDA:535,_checkAccountLoad
FNDA:53,_checkAccountChange
FNDA:62,_checkContractStorageLoad
FNDA:7,_checkContractStorageChange
FNDA:20,_encodeRevertData
FNDA:23,_decodeRevertData
FNDA:19,_revertWithFlag
FNDA:13,_revertWithFlag
FNDA:196,_getNuisanceGasLimit
FNDA:244,_useNuisanceGas
FNDA:0,_checkNeedsNewEpoch
FNDA:0,_isValidGasLimit
FNDA:0,_updateCumulativeGas
FNDA:0,_getGasMetadata
FNDA:0,_putGasMetadata
FNDA:392,_switchMessageContext
FNDA:0,_initContext
FNDA:27,_resetContext
FNDA:0,simulateMessage
DA:85,27
DA:86,27
DA:87,27
DA:88,27
DA:104,55
DA:105,55
DA:106,55
DA:109,55
DA:110,46
DA:122,201
DA:123,201
DA:124,192
DA:127,192
DA:128,165
DA:131,27
DA:139,42
DA:140,4
DA:142,38
DA:162,0
DA:165,0
DA:170,0
DA:178,0
DA:186,0
DA:187,0
DA:188,0
DA:196,0
DA:208,0
DA:211,0
DA:231,4
DA:246,150
DA:261,1
DA:276,1
DA:291,1
DA:306,1
DA:325,1
DA:340,1
DA:357,6
DA:384,28
DA:388,28
DA:391,27
DA:396,27
DA:423,1
DA:427,1
DA:430,0
DA:436,0
DA:458,3
DA:472,1
DA:501,1
DA:510,1
DA:511,0
DA:515,1
DA:516,0
DA:520,1
DA:523,1
DA:524,1
DA:528,1
DA:531,1
DA:534,1
DA:540,1
DA:570,154
DA:571,154
DA:572,154
DA:574,154
DA:604,8
DA:605,8
DA:606,8
DA:607,8
DA:609,8
DA:639,10
DA:641,10
DA:670,48
DA:672,48
DA:693,7
DA:695,7
DA:730,2
DA:732,2
DA:753,3
DA:772,2
DA:789,0
DA:807,29
DA:812,29
DA:814,29
DA:815,2
DA:841,27
DA:845,27
DA:846,27
DA:847,27
DA:851,27
DA:860,24
DA:889,172
DA:894,1
DA:898,171
DA:903,169
DA:938,196
DA:939,196
DA:945,196
DA:946,196
DA:947,196
DA:955,196
DA:961,196
DA:965,196
DA:969,196
DA:970,23
DA:980,23
DA:981,5
DA:987,18
DA:993,14
DA:998,18
DA:1002,10
DA:1004,8
DA:1012,18
DA:1016,191
DA:1018,191
DA:1047,27
DA:1050,0
DA:1060,27
DA:1061,0
DA:1071,27
DA:1074,27
DA:1076,27
DA:1079,10
DA:1080,10
DA:1081,10
DA:1082,10
DA:1090,10
DA:1095,17
DA:1096,17
DA:1097,1
DA:1108,16
DA:1115,16
DA:1135,0
DA:1136,0
DA:1152,28
DA:1153,28
DA:1167,29
DA:1168,29
DA:1184,57
DA:1185,57
DA:1201,369
DA:1202,367
DA:1217,28
DA:1218,28
DA:1236,17
DA:1237,17
DA:1259,55
DA:1260,55
DA:1281,7
DA:1282,0
DA:1285,7
DA:1286,7
DA:1300,535
DA:1301,0
DA:1305,535
DA:1306,2
DA:1311,533
DA:1317,533
DA:1318,144
DA:1336,53
DA:1340,53
DA:1346,53
DA:1347,47
DA:1348,47
DA:1372,62
DA:1373,0
DA:1379,62
DA:1380,0
DA:1385,62
DA:1391,62
DA:1392,46
DA:1410,7
DA:1414,7
DA:1420,7
DA:1423,7
DA:1425,7
DA:1426,7
DA:1452,20
DA:1455,0
DA:1459,20
DA:1460,7
DA:1469,13
DA:1498,23
DA:1499,3
DA:1508,20
DA:1523,19
DA:1528,19
DA:1542,13
DA:1567,196
DA:1581,244
DA:1582,0
DA:1585,244
DA:1602,0
DA:1608,0
DA:1613,0
DA:1620,0
DA:1646,0
DA:1647,0
DA:1651,0
DA:1652,0
DA:1656,0
DA:1687,0
DA:1688,0
DA:1689,0
DA:1691,0
DA:1694,0
DA:1718,0
DA:1735,0
DA:1759,392
DA:1760,202
DA:1764,392
DA:1765,308
DA:1769,392
DA:1770,16
DA:1783,0
DA:1784,0
DA:1785,0
DA:1786,0
DA:1787,0
DA:1788,0
DA:1790,0
DA:1799,27
DA:1800,27
DA:1801,27
DA:1802,27
DA:1803,27
DA:1804,27
DA:1806,27
DA:1808,27
DA:1809,27
DA:1810,27
DA:1812,27
DA:1837,0
DA:1839,0
DA:1840,0
DA:1841,0
DA:1843,0
DA:1845,0
DA:1846,0
DA:1847,0
DA:1848,0
DA:1849,0
DA:1853,0
DA:1856,0
LF:242
LH:182
BRDA:109,1,0,46
BRDA:109,1,1,9
BRDA:127,2,0,165
BRDA:127,2,1,27
BRDA:139,3,0,4
BRDA:139,3,1,38
BRDA:162,4,0,0
BRDA:162,4,1,0
BRDA:170,5,0,0
BRDA:170,5,1,0
BRDA:186,6,0,0
BRDA:186,6,1,0
BRDA:510,7,0,0
BRDA:510,7,1,1
BRDA:515,8,0,0
BRDA:515,8,1,1
BRDA:814,9,0,2
BRDA:814,9,1,27
BRDA:889,10,0,1
BRDA:889,10,1,171
BRDA:969,11,0,23
BRDA:969,11,1,173
BRDA:980,12,0,5
BRDA:980,12,1,18
BRDA:987,13,0,14
BRDA:987,13,1,4
BRDA:998,14,0,10
BRDA:998,14,1,8
BRDA:1047,15,0,0
BRDA:1047,15,1,27
BRDA:1060,16,0,0
BRDA:1060,16,1,27
BRDA:1076,17,0,10
BRDA:1076,17,1,17
BRDA:1096,18,0,1
BRDA:1096,18,1,16
BRDA:1281,19,0,0
BRDA:1281,19,1,7
BRDA:1300,20,0,0
BRDA:1300,20,1,535
BRDA:1305,21,0,2
BRDA:1305,21,1,533
BRDA:1317,22,0,144
BRDA:1317,22,1,389
BRDA:1346,23,0,47
BRDA:1346,23,1,6
BRDA:1372,24,0,0
BRDA:1372,24,1,62
BRDA:1379,25,0,0
BRDA:1379,25,1,62
BRDA:1391,26,0,46
BRDA:1391,26,1,16
BRDA:1420,27,0,7
BRDA:1420,27,1,0
BRDA:1452,28,0,0
BRDA:1452,28,1,20
BRDA:1459,29,0,7
BRDA:1459,29,1,13
BRDA:1498,30,0,3
BRDA:1498,30,1,20
BRDA:1581,31,0,0
BRDA:1581,31,1,244
BRDA:1602,32,0,0
BRDA:1602,32,1,0
BRDA:1646,33,0,0
BRDA:1646,33,1,0
BRDA:1651,34,0,0
BRDA:1651,34,1,0
BRDA:1688,35,0,0
BRDA:1688,35,1,0
BRDA:1759,36,0,202
BRDA:1759,36,1,190
BRDA:1764,37,0,308
BRDA:1764,37,1,84
BRDA:1769,38,0,16
BRDA:1769,38,1,376
BRDA:1837,39,0,0
BRDA:1837,39,1,0
BRDA:1846,40,0,0
BRDA:1846,40,1,0
BRDA:1848,41,0,0
BRDA:1848,41,1,0
BRF:82
BRH:51
end_of_record
TN:
SF:/Users/maurelian/Projects/Optimism/protocol/contracts/optimistic-ethereum/OVM/execution/OVM_SafetyChecker.sol
FN:31,isBytecodeSafe
FNF:1
FNH:1
FNDA:277,isBytecodeSafe
DA:43,277
DA:54,277
DA:56,277
DA:58,277
DA:60,277
DA:61,277
DA:62,277
DA:65,277
DA:66,277
DA:146,152
LF:10
LH:10
BRF:0
BRH:0
end_of_record
TN:
SF:/Users/maurelian/Projects/Optimism/protocol/contracts/optimistic-ethereum/OVM/execution/OVM_StateManager.sol
FN:53,constructor
FN:69,authenticated
FN:87,isAuthenticated
FN:109,setExecutionManager
FN:125,putAccount
FN:139,putEmptyAccount
FN:151,getAccount
FN:169,hasAccount
FN:187,hasEmptyAccount
FN:214,setAccountNonce
FN:224,getAccountNonce
FN:242,getAccountEthAddress
FN:260,getAccountStorageRoot
FN:282,initPendingAccount
FN:304,commitPendingAccount
FN:321,testAndSetAccountLoaded
FN:342,testAndSetAccountChanged
FN:363,commitAccount
FN:385,incrementTotalUncommittedAccounts
FN:394,getTotalUncommittedAccounts
FN:410,wasAccountChanged
FN:429,wasAccountCommitted
FN:461,putContractStorage
FN:484,getContractStorage
FN:514,hasContractStorage
FN:540,testAndSetContractStorageLoaded
FN:563,testAndSetContractStorageChanged
FN:586,commitContractStorage
FN:608,incrementTotalUncommittedContractStorage
FN:617,getTotalUncommittedContractStorage
FN:634,wasContractStorageChanged
FN:655,wasContractStorageCommitted
FN:680,_getItemHash
FN:698,_getItemHash
FN:721,_testAndSetItemState
FNF:35
FNH:28
FNDA:207,constructor
FNDA:921,authenticated
FNDA:0,isAuthenticated
FNDA:12,setExecutionManager
FNDA:12,putAccount
FNDA:0,putEmptyAccount
FNDA:4,getAccount
FNDA:537,hasAccount
FNDA:31,hasEmptyAccount
FNDA:31,setAccountNonce
FNDA:60,getAccountNonce
FNDA:369,getAccountEthAddress
FNDA:0,getAccountStorageRoot
FNDA:30,initPendingAccount
FNDA:18,commitPendingAccount
FNDA:538,testAndSetAccountLoaded
FNDA:61,testAndSetAccountChanged
FNDA:7,commitAccount
FNDA:70,incrementTotalUncommittedAccounts
FNDA:5,getTotalUncommittedAccounts
FNDA:0,wasAccountChanged
FNDA:0,wasAccountCommitted
FNDA:14,putContractStorage
FNDA:57,getContractStorage
FNDA:74,hasContractStorage
FNDA:69,testAndSetContractStorageLoaded
FNDA:19,testAndSetContractStorageChanged
FNDA:9,commitContractStorage
FNDA:30,incrementTotalUncommittedContractStorage
FNDA:5,getTotalUncommittedContractStorage
FNDA:0,wasContractStorageChanged
FNDA:0,wasContractStorageCommitted
FNDA:606,_getItemHash
FNDA:97,_getItemHash
FNDA:687,_testAndSetItemState
DA:57,207
DA:71,921
DA:75,920
DA:97,0
DA:111,12
DA:127,12
DA:141,0
DA:142,0
DA:143,0
DA:161,4
DA:179,537
DA:197,31
DA:216,31
DA:234,60
DA:252,369
DA:270,0
DA:284,30
DA:285,30
DA:286,30
DA:287,30
DA:288,30
DA:306,18
DA:307,18
DA:308,18
DA:326,538
DA:347,61
DA:368,7
DA:369,7
DA:370,3
DA:373,4
DA:374,4
DA:376,4
DA:387,70
DA:402,5
DA:420,0
DA:421,0
DA:439,0
DA:440,0
DA:466,14
DA:473,14
DA:474,8
DA:497,57
DA:501,6
DA:505,51
DA:525,74
DA:545,69
DA:568,19
DA:591,9
DA:592,9
DA:593,3
DA:596,6
DA:597,6
DA:599,6
DA:610,30
DA:625,5
DA:645,0
DA:646,0
DA:666,0
DA:667,0
DA:689,606
DA:708,97
DA:730,687
DA:732,687
DA:733,268
DA:736,687
LF:65
LH:52
BRDA:71,1,0,920
BRDA:71,1,1,1
BRDA:369,2,0,3
BRDA:369,2,1,4
BRDA:473,3,0,8
BRDA:473,3,1,6
BRDA:497,4,0,6
BRDA:497,4,1,51
BRDA:592,5,0,3
BRDA:592,5,1,6
BRDA:732,6,0,268
BRDA:732,6,1,419
BRF:12
BRH:12
end_of_record
TN:
SF:/Users/maurelian/Projects/Optimism/protocol/contracts/optimistic-ethereum/OVM/execution/OVM_StateManagerFactory.sol
FN:30,create
FNF:1
FNH:0
FNDA:0,create
DA:39,0
LF:1
LH:0
BRF:0
BRH:0
end_of_record
TN:
SF:/Users/maurelian/Projects/Optimism/protocol/contracts/optimistic-ethereum/OVM/predeploys/ERC1820Registry.sol
FN:56,getInterfaceImplementer
FN:73,setInterfaceImplementer
FN:93,setManager
FN:102,getManager
FN:114,interfaceHash
FN:124,updateERC165Cache
FN:137,implementsERC165Interface
FN:148,implementsERC165InterfaceNoCache
FN:172,isERC165Interface
FN:177,noThrowCall
FNF:10
FNH:0
FNDA:0,getInterfaceImplementer
FNDA:0,setInterfaceImplementer
FNDA:0,setManager
FNDA:0,getManager
FNDA:0,interfaceHash
FNDA:0,updateERC165Cache
FNDA:0,implementsERC165Interface
FNDA:0,implementsERC165InterfaceNoCache
FNDA:0,isERC165Interface
FNDA:0,noThrowCall
DA:57,0
DA:58,0
DA:59,0
DA:60,0
DA:62,0
DA:74,0
DA:75,0
DA:77,0
DA:78,0
DA:79,0
DA:85,0
DA:86,0
DA:94,0
DA:95,0
DA:96,0
DA:104,0
DA:105,0
DA:107,0
DA:115,0
DA:125,0
DA:127,0
DA:138,0
DA:139,0
DA:141,0
DA:149,0
DA:150,0
DA:152,0
DA:153,0
DA:154,0
DA:157,0
DA:158,0
DA:159,0
DA:162,0
DA:163,0
DA:164,0
DA:166,0
DA:173,0
DA:180,0
DA:182,0
LF:39
LH:0
BRDA:58,1,0,0
BRDA:58,1,1,0
BRDA:75,2,0,0
BRDA:75,2,1,0
BRDA:77,3,0,0
BRDA:77,3,1,0
BRDA:78,4,0,0
BRDA:78,4,1,0
BRDA:79,5,0,0
BRDA:79,5,1,0
BRDA:94,6,0,0
BRDA:94,6,1,0
BRDA:104,7,0,0
BRDA:104,7,1,0
BRDA:138,8,0,0
BRDA:138,8,1,0
BRDA:153,9,0,0
BRDA:153,9,1,0
BRDA:158,10,0,0
BRDA:158,10,1,0
BRDA:163,11,0,0
BRDA:163,11,1,0
BRF:22
BRH:0
end_of_record
TN:
SF:/Users/maurelian/Projects/Optimism/protocol/contracts/optimistic-ethereum/OVM/predeploys/OVM_DeployerWhitelist.sol
FN:39,onlyOwner
FN:63,initialize
FN:95,getOwner
FN:120,setWhitelistedDeployer
FN:137,setOwner
FN:154,setAllowArbitraryDeployment
FN:168,enableArbitraryContractDeployment
FN:179,isDeployerAllowed
FNF:8
FNH:1
FNDA:0,onlyOwner
FNDA:0,initialize
FNDA:0,getOwner
FNDA:0,setWhitelistedDeployer
FNDA:0,setOwner
FNDA:0,setAllowArbitraryDeployment
FNDA:0,enableArbitraryContractDeployment
FNDA:29,isDeployerAllowed
DA:40,0
DA:46,0
DA:50,0
DA:70,0
DA:74,0
DA:75,0
DA:78,0
DA:82,0
DA:86,0
DA:102,0
DA:122,0
DA:139,0
DA:156,0
DA:170,0
DA:171,0
DA:188,29
DA:192,29
DA:193,25
DA:196,4
DA:200,4
DA:201,1
DA:204,3
DA:210,3
LF:23
LH:8
BRDA:74,1,0,0
BRDA:74,1,1,0
BRDA:192,2,0,25
BRDA:192,2,1,4
BRDA:200,3,0,1
BRDA:200,3,1,3
BRF:6
BRH:4
end_of_record
TN:
SF:/Users/maurelian/Projects/Optimism/protocol/contracts/optimistic-ethereum/OVM/predeploys/OVM_ETH.sol
FN:30,constructor
FNF:1
FNH:0
FNDA:0,constructor
DA:32,0
LF:1
LH:0
BRF:0
BRH:0
end_of_record
TN:
SF:/Users/maurelian/Projects/Optimism/protocol/contracts/optimistic-ethereum/OVM/predeploys/OVM_L1MessageSender.sol
FN:32,getL1MessageSender
FNF:1
FNH:1
FNDA:1,getL1MessageSender
DA:41,1
LF:1
LH:1
BRF:0
BRH:0
end_of_record
TN:
SF:/Users/maurelian/Projects/Optimism/protocol/contracts/optimistic-ethereum/OVM/predeploys/OVM_L2ToL1MessagePasser.sol
FN:34,passMessageToL1
FNF:1
FNH:1
FNDA:31,passMessageToL1
DA:43,31
LF:1
LH:1
BRF:0
BRH:0
end_of_record
TN:
SF:/Users/maurelian/Projects/Optimism/protocol/contracts/optimistic-ethereum/OVM/predeploys/OVM_ProxySequencerEntrypoint.sol
FN:22,
FN:37,init
FN:51,upgrade
FN:69,_setImplementation
FN:80,_getImplementation
FN:93,_setOwner
FN:104,_getOwner
FNF:7
FNH:7
FNDA:1,
FNDA:2,init
FNDA:2,upgrade
FNDA:4,_setImplementation
FNDA:1,_getImplementation
FNDA:2,_setOwner
FNDA:4,_getOwner
DA:25,1
DA:43,2
DA:47,2
DA:48,2
DA:56,2
DA:61,2
DA:74,4
DA:86,1
DA:98,2
DA:110,4
LF:10
LH:10
BRF:0
BRH:0
end_of_record
TN:
SF:/Users/maurelian/Projects/Optimism/protocol/contracts/optimistic-ethereum/OVM/predeploys/OVM_SequencerEntrypoint.sol
FN:49,
FN:109,_getTransactionType
FNF:2
FNH:2
FNDA:7,
FNDA:7,_getTransactionType
DA:52,7
DA:54,5
DA:55,5
DA:56,5
DA:59,5
DA:60,5
DA:63,5
DA:68,5
DA:76,5
DA:78,2
DA:79,2
DA:83,5
DA:92,5
DA:117,7
DA:118,3
DA:120,2
DA:122,2
LF:17
LH:17
BRDA:76,1,0,2
BRDA:76,1,1,3
BRDA:117,2,0,3
BRDA:117,2,1,4
BRDA:119,3,0,2
BRDA:119,3,1,2
BRF:6
BRH:6
end_of_record
TN:
SF:/Users/maurelian/Projects/Optimism/protocol/contracts/optimistic-ethereum/OVM/verification/Abs_FraudContributor.sol
FN:12,contributesToFraudProof
FNF:1
FNH:1
FNDA:28,contributesToFraudProof
DA:13,28
DA:14,28
DA:15,14
DA:16,14
LF:4
LH:4
BRF:0
BRH:0
end_of_record
TN:
SF:/Users/maurelian/Projects/Optimism/protocol/contracts/optimistic-ethereum/OVM/verification/OVM_BondManager.sol
FN:67,constructor
FN:78,recordGasSpent
FN:89,finalize
FN:132,deposit
FN:143,startWithdrawal
FN:153,finalizeWithdrawal
FN:174,claim
FN:200,isCollateralized
FN:205,getGasSpent
FNF:9
FNH:9
FNDA:63,constructor
FNDA:46,recordGasSpent
FNDA:13,finalize
FNDA:18,deposit
FNDA:7,startWithdrawal
FNDA:5,finalizeWithdrawal
FNDA:6,claim
FNDA:3,isCollateralized
FNDA:2,getGasSpent
DA:69,63
DA:80,46
DA:81,46
DA:83,45
DA:84,45
DA:90,13
DA:91,12
DA:95,11
DA:97,11
DA:98,11
DA:99,8
DA:100,8
DA:101,8
DA:108,1
DA:109,1
DA:118,11
DA:123,1
DA:127,10
DA:133,18
DA:139,18
DA:144,7
DA:145,7
DA:146,7
DA:148,6
DA:149,6
DA:154,5
DA:156,5
DA:160,4
DA:163,3
DA:164,3
DA:166,3
DA:175,6
DA:176,6
DA:182,5
DA:183,5
DA:186,5
DA:190,4
DA:193,4
DA:196,4
DA:201,3
DA:206,2
LF:41
LH:41
BRDA:81,1,0,45
BRDA:81,1,1,1
BRDA:90,2,0,12
BRDA:90,2,1,1
BRDA:91,3,0,11
BRDA:91,3,1,1
BRDA:98,4,0,8
BRDA:98,4,1,3
BRDA:102,5,0,1
BRDA:102,5,1,2
BRDA:118,6,0,1
BRDA:118,6,1,10
BRDA:133,7,0,18
BRDA:133,7,1,0
BRDA:145,8,0,7
BRDA:145,8,1,0
BRDA:146,9,0,6
BRDA:146,9,1,1
BRDA:156,10,0,4
BRDA:156,10,1,1
BRDA:160,11,0,3
BRDA:160,11,1,1
BRDA:166,12,0,3
BRDA:166,12,1,0
BRDA:176,13,0,5
BRDA:176,13,1,1
BRDA:186,14,0,4
BRDA:186,14,1,1
BRDA:196,15,0,4
BRDA:196,15,1,0
BRF:30
BRH:26
end_of_record
TN:
SF:/Users/maurelian/Projects/Optimism/protocol/contracts/optimistic-ethereum/OVM/verification/OVM_FraudVerifier.sol
FN:50,constructor
FN:63,getStateTransitioner
FN:103,initializeFraudVerification
FN:169,finalizeFraudVerification
FN:231,_hasStateTransitioner
FN:250,_deployTransitioner
FN:272,_cancelStateTransition
FNF:7
FNH:7
FNDA:33,constructor
FNDA:21,getStateTransitioner
FNDA:12,initializeFraudVerification
FNDA:6,finalizeFraudVerification
FNDA:12,_hasStateTransitioner
FNDA:9,_deployTransitioner
FNDA:1,_cancelStateTransition
DA:74,21
DA:105,12
DA:107,12
DA:108,0
DA:111,12
DA:112,12
DA:114,12
DA:123,11
DA:133,10
DA:138,9
DA:140,9
DA:171,6
DA:172,6
DA:174,6
DA:179,5
DA:184,4
DA:193,3
DA:203,2
DA:208,1
DA:211,1
DA:213,1
DA:241,12
DA:257,9
DA:278,1
DA:279,1
DA:282,1
DA:287,1
DA:290,1
LF:28
LH:27
BRDA:107,1,0,0
BRDA:107,1,1,12
BRDA:114,2,0,11
BRDA:114,2,1,1
BRDA:123,3,0,10
BRDA:123,3,1,1
BRDA:133,4,0,9
BRDA:133,4,1,1
BRDA:174,5,0,5
BRDA:174,5,1,1
BRDA:179,6,0,4
BRDA:179,6,1,1
BRDA:184,7,0,3
BRDA:184,7,1,1
BRDA:193,8,0,2
BRDA:193,8,1,1
BRDA:203,9,0,1
BRDA:203,9,1,1
BRF:18
BRH:17
end_of_record
TN:
SF:/Users/maurelian/Projects/Optimism/protocol/contracts/optimistic-ethereum/OVM/verification/OVM_StateTransitioner.sol
FN:95,constructor
FN:114,onlyDuringPhase
FN:133,getPreStateRoot
FN:148,getPostStateRoot
FN:163,isComplete
FN:193,proveContractState
FN:265,proveStorageSlot
FN:329,applyTransaction
FN:377,commitContractState
FN:420,commitStorageSlot
FN:459,completeTransition
FNF:11
FNH:10
FNDA:42,constructor
FNDA:13,onlyDuringPhase
FNDA:0,getPreStateRoot
FNDA:1,getPostStateRoot
FNDA:1,isComplete
FNDA:2,proveContractState
FNDA:3,proveStorageSlot
FNDA:1,applyTransaction
FNDA:2,commitContractState
FNDA:2,commitStorageSlot
FNDA:3,completeTransition
DA:97,42
DA:98,42
DA:99,42
DA:100,42
DA:102,42
DA:117,13
DA:121,13
DA:141,0
DA:156,1
DA:171,1
DA:196,2
DA:205,2
DA:214,1
DA:216,1
DA:220,1
DA:221,1
DA:224,0
DA:228,1
DA:234,1
DA:247,0
DA:268,3
DA:273,3
DA:278,2
DA:279,2
DA:281,2
DA:283,0
DA:286,2
DA:295,1
DA:298,1
DA:303,0
DA:307,1
DA:331,1
DA:340,0
DA:345,0
DA:350,0
DA:355,0
DA:357,0
DA:379,2
DA:384,2
DA:389,1
DA:391,1
DA:401,1
DA:422,2
DA:427,1
DA:428,1
DA:430,1
DA:439,1
DA:442,1
DA:461,3
DA:466,2
DA:471,1
LF:51
LH:41
BRDA:117,1,0,13
BRDA:117,1,1,0
BRDA:196,2,0,2
BRDA:196,2,1,0
BRDA:214,3,0,1
BRDA:214,3,1,0
BRDA:221,4,0,0
BRDA:221,4,1,1
BRDA:228,5,0,1
BRDA:228,5,1,0
BRDA:268,6,0,3
BRDA:268,6,1,0
BRDA:273,7,0,2
BRDA:273,7,1,1
BRDA:281,8,0,0
BRDA:281,8,1,2
BRDA:295,9,0,1
BRDA:295,9,1,0
BRDA:331,10,0,0
BRDA:331,10,1,1
BRDA:340,11,0,0
BRDA:340,11,1,0
BRDA:379,12,0,2
BRDA:379,12,1,0
BRDA:384,13,0,1
BRDA:384,13,1,1
BRDA:422,14,0,1
BRDA:422,14,1,1
BRDA:461,15,0,2
BRDA:461,15,1,1
BRDA:466,16,0,1
BRDA:466,16,1,1
BRF:32
BRH:20
end_of_record
TN:
SF:/Users/maurelian/Projects/Optimism/protocol/contracts/optimistic-ethereum/OVM/verification/OVM_StateTransitionerFactory.sol
FN:29,constructor
FN:44,create
FNF:2
FNH:2
FNDA:3,constructor
FNDA:1,create
DA:56,1
DA:60,0
LF:2
LH:1
BRDA:56,1,0,0
BRDA:56,1,1,1
BRF:2
BRH:1
end_of_record
